<?xml version="1.0" encoding="utf-8"?>
<test-run id="2" testcasecount="11" result="Failed(Child)" total="11" passed="6" failed="5" inconclusive="0" skipped="0" asserts="0" engine-version="3.5.0.0" clr-version="4.0.30319.42000" start-time="2026-04-17 22:13:23Z" end-time="2026-04-17 22:13:23Z" duration="0.14642">
  <test-suite type="TestSuite" id="1000" name="Ascended" fullname="Ascended" runstate="Runnable" testcasecount="111" result="Failed" site="Child" start-time="2026-04-17 22:13:23Z" end-time="2026-04-17 22:13:23Z" duration="0.146420" total="11" passed="6" failed="5" inconclusive="0" skipped="0" asserts="0">
    <properties>
      <property name="platform" value="EditMode" />
    </properties>
    <failure>
      <message><![CDATA[One or more child tests had errors]]></message>
    </failure>
    <test-suite type="Assembly" id="1159" name="ItemTests.dll" fullname="C:/Users/Anthony/Desktop/Ascended/Ascended/Library/ScriptAssemblies/ItemTests.dll" runstate="Runnable" testcasecount="11" result="Failed" site="Child" start-time="2026-04-17 22:13:23Z" end-time="2026-04-17 22:13:23Z" duration="0.132399" total="11" passed="6" failed="5" inconclusive="0" skipped="0" asserts="0">
      <properties>
        <property name="_PID" value="26064" />
        <property name="_APPDOMAIN" value="Unity Child Domain" />
        <property name="platform" value="EditMode" />
        <property name="EditorOnly" value="True" />
      </properties>
      <failure>
        <message><![CDATA[One or more child tests had errors]]></message>
      </failure>
      <test-suite type="TestSuite" id="1160" name="Systems" fullname="Systems" runstate="Runnable" testcasecount="11" result="Failed" site="Child" start-time="2026-04-17 22:13:23Z" end-time="2026-04-17 22:13:23Z" duration="0.131996" total="11" passed="6" failed="5" inconclusive="0" skipped="0" asserts="0">
        <properties />
        <failure>
          <message><![CDATA[One or more child tests had errors]]></message>
        </failure>
        <test-suite type="TestSuite" id="1161" name="Item" fullname="Systems.Item" runstate="Runnable" testcasecount="11" result="Failed" site="Child" start-time="2026-04-17 22:13:23Z" end-time="2026-04-17 22:13:23Z" duration="0.131860" total="11" passed="6" failed="5" inconclusive="0" skipped="0" asserts="0">
          <properties />
          <failure>
            <message><![CDATA[One or more child tests had errors]]></message>
          </failure>
          <test-suite type="TestSuite" id="1162" name="Tests" fullname="Systems.Item.Tests" runstate="Runnable" testcasecount="11" result="Failed" site="Child" start-time="2026-04-17 22:13:23Z" end-time="2026-04-17 22:13:23Z" duration="0.131714" total="11" passed="6" failed="5" inconclusive="0" skipped="0" asserts="0">
            <properties />
            <failure>
              <message><![CDATA[One or more child tests had errors]]></message>
            </failure>
            <test-suite type="TestFixture" id="1146" name="EquipmentTests" fullname="Systems.Item.Tests.EquipmentTests" classname="Systems.Item.Tests.EquipmentTests" runstate="Runnable" testcasecount="4" result="Failed" site="Child" start-time="2026-04-17 22:13:23Z" end-time="2026-04-17 22:13:23Z" duration="0.118556" total="4" passed="2" failed="2" inconclusive="0" skipped="0" asserts="0">
              <properties />
              <failure>
                <message><![CDATA[One or more child tests had errors]]></message>
              </failure>
              <test-case id="1150" name="Equipment_CanUpgrade_ReturnsCorrectValue" fullname="Systems.Item.Tests.EquipmentTests.Equipment_CanUpgrade_ReturnsCorrectValue" methodname="Equipment_CanUpgrade_ReturnsCorrectValue" classname="Systems.Item.Tests.EquipmentTests" runstate="Runnable" seed="1492394558" result="Failed" start-time="2026-04-17 22:13:23Z" end-time="2026-04-17 22:13:23Z" duration="0.083707" asserts="0">
                <properties>
                  <property name="retryIteration" value="0" />
                  <property name="repeatIteration" value="0" />
                </properties>
                <failure>
                  <message><![CDATA[  Expected: True
  But was:  False
]]></message>
                  <stack-trace><![CDATA[at Systems.Item.Tests.EquipmentTests.Equipment_CanUpgrade_ReturnsCorrectValue () [0x00106] in C:\Users\Anthony\Desktop\Ascended\Ascended\Assets\Systems\Item\Tests\Runtime\EquipmentTests.cs:105
]]></stack-trace>
                </failure>
              </test-case>
              <test-case id="1147" name="Equipment_EquipItem_UpdatesSlotAndFiresEvent" fullname="Systems.Item.Tests.EquipmentTests.Equipment_EquipItem_UpdatesSlotAndFiresEvent" methodname="Equipment_EquipItem_UpdatesSlotAndFiresEvent" classname="Systems.Item.Tests.EquipmentTests" runstate="Runnable" seed="2097592718" result="Passed" start-time="2026-04-17 22:13:23Z" end-time="2026-04-17 22:13:23Z" duration="0.016112" asserts="0">
                <properties>
                  <property name="retryIteration" value="0" />
                  <property name="repeatIteration" value="0" />
                </properties>
              </test-case>
              <test-case id="1148" name="Equipment_UnequipItem_ClearsSlot" fullname="Systems.Item.Tests.EquipmentTests.Equipment_UnequipItem_ClearsSlot" methodname="Equipment_UnequipItem_ClearsSlot" classname="Systems.Item.Tests.EquipmentTests" runstate="Runnable" seed="1673211486" result="Passed" start-time="2026-04-17 22:13:23Z" end-time="2026-04-17 22:13:23Z" duration="0.002314" asserts="0">
                <properties>
                  <property name="retryIteration" value="0" />
                  <property name="repeatIteration" value="0" />
                </properties>
              </test-case>
              <test-case id="1149" name="Equipment_Upgrade_IncrementsLevelAndConsumesItems" fullname="Systems.Item.Tests.EquipmentTests.Equipment_Upgrade_IncrementsLevelAndConsumesItems" methodname="Equipment_Upgrade_IncrementsLevelAndConsumesItems" classname="Systems.Item.Tests.EquipmentTests" runstate="Runnable" seed="805855655" result="Failed" start-time="2026-04-17 22:13:23Z" end-time="2026-04-17 22:13:23Z" duration="0.002947" asserts="0">
                <properties>
                  <property name="retryIteration" value="0" />
                  <property name="repeatIteration" value="0" />
                </properties>
                <failure>
                  <message><![CDATA[  Expected: 2
  But was:  1
]]></message>
                  <stack-trace><![CDATA[at Systems.Item.Tests.EquipmentTests.Equipment_Upgrade_IncrementsLevelAndConsumesItems () [0x00107] in C:\Users\Anthony\Desktop\Ascended\Ascended\Assets\Systems\Item\Tests\Runtime\EquipmentTests.cs:83
]]></stack-trace>
                </failure>
              </test-case>
            </test-suite>
            <test-suite type="TestFixture" id="1151" name="InventoryTests" fullname="Systems.Item.Tests.InventoryTests" classname="Systems.Item.Tests.InventoryTests" runstate="Runnable" testcasecount="7" result="Failed" site="Child" start-time="2026-04-17 22:13:23Z" end-time="2026-04-17 22:13:23Z" duration="0.012229" total="7" passed="4" failed="3" inconclusive="0" skipped="0" asserts="0">
              <properties />
              <failure>
                <message><![CDATA[One or more child tests had errors]]></message>
              </failure>
              <test-case id="1155" name="InventoryTests_AddItem_FiresEvent" fullname="Systems.Item.Tests.InventoryTests.InventoryTests_AddItem_FiresEvent" methodname="InventoryTests_AddItem_FiresEvent" classname="Systems.Item.Tests.InventoryTests" runstate="Runnable" seed="128281201" result="Passed" start-time="2026-04-17 22:13:23Z" end-time="2026-04-17 22:13:23Z" duration="0.003197" asserts="0">
                <properties>
                  <property name="retryIteration" value="0" />
                  <property name="repeatIteration" value="0" />
                </properties>
              </test-case>
              <test-case id="1158" name="InventoryTests_ConsumeItems_RemovesCorrectItems" fullname="Systems.Item.Tests.InventoryTests.InventoryTests_ConsumeItems_RemovesCorrectItems" methodname="InventoryTests_ConsumeItems_RemovesCorrectItems" classname="Systems.Item.Tests.InventoryTests" runstate="Runnable" seed="1862452614" result="Failed" start-time="2026-04-17 22:13:23Z" end-time="2026-04-17 22:13:23Z" duration="0.002204" asserts="0">
                <properties>
                  <property name="retryIteration" value="0" />
                  <property name="repeatIteration" value="0" />
                </properties>
                <failure>
                  <message><![CDATA[  Expected: 1
  But was:  0
]]></message>
                  <stack-trace><![CDATA[at Systems.Item.Tests.InventoryTests.InventoryTests_ConsumeItems_RemovesCorrectItems () [0x0004a] in C:\Users\Anthony\Desktop\Ascended\Ascended\Assets\Systems\Item\Tests\Runtime\InventoryTests.cs:126
]]></stack-trace>
                </failure>
              </test-case>
              <test-case id="1156" name="InventoryTests_HasItemQuantity_ReturnsCorrectValue" fullname="Systems.Item.Tests.InventoryTests.InventoryTests_HasItemQuantity_ReturnsCorrectValue" methodname="InventoryTests_HasItemQuantity_ReturnsCorrectValue" classname="Systems.Item.Tests.InventoryTests" runstate="Runnable" seed="1469878533" result="Failed" start-time="2026-04-17 22:13:23Z" end-time="2026-04-17 22:13:23Z" duration="0.000457" asserts="0">
                <properties>
                  <property name="retryIteration" value="0" />
                  <property name="repeatIteration" value="0" />
                </properties>
                <failure>
                  <message><![CDATA[  Expected: True
  But was:  False
]]></message>
                  <stack-trace><![CDATA[at Systems.Item.Tests.InventoryTests.InventoryTests_HasItemQuantity_ReturnsCorrectValue () [0x0002f] in C:\Users\Anthony\Desktop\Ascended\Ascended\Assets\Systems\Item\Tests\Runtime\InventoryTests.cs:83
]]></stack-trace>
                </failure>
              </test-case>
              <test-case id="1157" name="InventoryTests_HasItems_ReturnsCorrectValue" fullname="Systems.Item.Tests.InventoryTests.InventoryTests_HasItems_ReturnsCorrectValue" methodname="InventoryTests_HasItems_ReturnsCorrectValue" classname="Systems.Item.Tests.InventoryTests" runstate="Runnable" seed="1349558929" result="Failed" start-time="2026-04-17 22:13:23Z" end-time="2026-04-17 22:13:23Z" duration="0.000370" asserts="0">
                <properties>
                  <property name="retryIteration" value="0" />
                  <property name="repeatIteration" value="0" />
                </properties>
                <failure>
                  <message><![CDATA[  Expected: True
  But was:  False
]]></message>
                  <stack-trace><![CDATA[at Systems.Item.Tests.InventoryTests.InventoryTests_HasItems_ReturnsCorrectValue () [0x0003b] in C:\Users\Anthony\Desktop\Ascended\Ascended\Assets\Systems\Item\Tests\Runtime\InventoryTests.cs:102
]]></stack-trace>
                </failure>
              </test-case>
              <test-case id="1154" name="InventoryTests_RemoveItem_ItemIsRemoved" fullname="Systems.Item.Tests.InventoryTests.InventoryTests_RemoveItem_ItemIsRemoved" methodname="InventoryTests_RemoveItem_ItemIsRemoved" classname="Systems.Item.Tests.InventoryTests" runstate="Runnable" seed="901749479" result="Passed" start-time="2026-04-17 22:13:23Z" end-time="2026-04-17 22:13:23Z" duration="0.000512" asserts="0">
                <properties>
                  <property name="retryIteration" value="0" />
                  <property name="repeatIteration" value="0" />
                </properties>
              </test-case>
              <test-case id="1152" name="InventoryTests_ServerAddItem_ItemIsAddedOnServer" fullname="Systems.Item.Tests.InventoryTests.InventoryTests_ServerAddItem_ItemIsAddedOnServer" methodname="InventoryTests_ServerAddItem_ItemIsAddedOnServer" classname="Systems.Item.Tests.InventoryTests" runstate="Runnable" seed="1886314511" result="Passed" start-time="2026-04-17 22:13:23Z" end-time="2026-04-17 22:13:23Z" duration="0.003373" asserts="0">
                <properties>
                  <property name="retryIteration" value="0" />
                  <property name="repeatIteration" value="0" />
                </properties>
              </test-case>
              <test-case id="1153" name="InventoryTests_ServerAddItem_OwnerIsNotifiedOfItemAddition" fullname="Systems.Item.Tests.InventoryTests.InventoryTests_ServerAddItem_OwnerIsNotifiedOfItemAddition" methodname="InventoryTests_ServerAddItem_OwnerIsNotifiedOfItemAddition" classname="Systems.Item.Tests.InventoryTests" runstate="Runnable" seed="362693906" result="Passed" start-time="2026-04-17 22:13:23Z" end-time="2026-04-17 22:13:23Z" duration="0.000527" asserts="0">
                <properties>
                  <property name="retryIteration" value="0" />
                  <property name="repeatIteration" value="0" />
                </properties>
                <output><![CDATA[Saving results to: C:/Users/Anthony/AppData/LocalLow/DefaultCompany/Ascended\TestResults.xml
Saving results to: C:/Users/Anthony/AppData/LocalLow/DefaultCompany/Ascended\TestResults.xml
]]></output>
              </test-case>
            </test-suite>
          </test-suite>
        </test-suite>
      </test-suite>
    </test-suite>
  </test-suite>
</test-run>