<?xml version="1.0" encoding="utf-8"?>
<test-run id="2" testcasecount="111" result="Failed(Child)" total="111" passed="106" failed="5" inconclusive="0" skipped="0" asserts="0" engine-version="3.5.0.0" clr-version="4.0.30319.42000" start-time="2026-04-17 22:11:52Z" end-time="2026-04-17 22:11:52Z" duration="0.300386">
  <test-suite type="TestSuite" id="1000" name="Ascended" fullname="Ascended" runstate="Runnable" testcasecount="111" result="Failed" site="Child" start-time="2026-04-17 22:11:52Z" end-time="2026-04-17 22:11:52Z" duration="0.300386" total="111" passed="106" failed="5" inconclusive="0" skipped="0" asserts="0">
    <properties>
      <property name="platform" value="EditMode" />
    </properties>
    <failure>
      <message><![CDATA[One or more child tests had errors]]></message>
    </failure>
    <test-suite type="Assembly" id="1007" name="AbilityGraphTests.dll" fullname="C:/Users/Anthony/Desktop/Ascended/Ascended/Library/ScriptAssemblies/AbilityGraphTests.dll" runstate="Runnable" testcasecount="4" result="Passed" start-time="2026-04-17 22:11:52Z" end-time="2026-04-17 22:11:52Z" duration="0.105030" total="4" passed="4" failed="0" inconclusive="0" skipped="0" asserts="0">
      <properties>
        <property name="_PID" value="28872" />
        <property name="_APPDOMAIN" value="Unity Child Domain" />
        <property name="platform" value="EditMode" />
        <property name="EditorOnly" value="True" />
      </properties>
      <test-suite type="TestSuite" id="1008" name="AbilityGraph" fullname="AbilityGraph" runstate="Runnable" testcasecount="4" result="Passed" start-time="2026-04-17 22:11:52Z" end-time="2026-04-17 22:11:52Z" duration="0.104767" total="4" passed="4" failed="0" inconclusive="0" skipped="0" asserts="0">
        <properties />
        <test-suite type="TestSuite" id="1009" name="Tests" fullname="AbilityGraph.Tests" runstate="Runnable" testcasecount="4" result="Passed" start-time="2026-04-17 22:11:52Z" end-time="2026-04-17 22:11:52Z" duration="0.104668" total="4" passed="4" failed="0" inconclusive="0" skipped="0" asserts="0">
          <properties />
          <test-suite type="TestSuite" id="1010" name="Runtime" fullname="AbilityGraph.Tests.Runtime" runstate="Runnable" testcasecount="4" result="Passed" start-time="2026-04-17 22:11:52Z" end-time="2026-04-17 22:11:52Z" duration="0.104570" total="4" passed="4" failed="0" inconclusive="0" skipped="0" asserts="0">
            <properties />
            <test-suite type="TestSuite" id="1011" name="Nodes" fullname="AbilityGraph.Tests.Runtime.Nodes" runstate="Runnable" testcasecount="4" result="Passed" start-time="2026-04-17 22:11:52Z" end-time="2026-04-17 22:11:52Z" duration="0.104462" total="4" passed="4" failed="0" inconclusive="0" skipped="0" asserts="0">
              <properties />
              <test-suite type="TestSuite" id="1013" name="Logic" fullname="AbilityGraph.Tests.Runtime.Nodes.Logic" runstate="Runnable" testcasecount="2" result="Passed" start-time="2026-04-17 22:11:52Z" end-time="2026-04-17 22:11:52Z" duration="0.101279" total="2" passed="2" failed="0" inconclusive="0" skipped="0" asserts="0">
                <properties />
                <test-suite type="TestFixture" id="1004" name="BranchNodeTests" fullname="AbilityGraph.Tests.Runtime.Nodes.Logic.BranchNodeTests" classname="AbilityGraph.Tests.Runtime.Nodes.Logic.BranchNodeTests" runstate="Runnable" testcasecount="2" result="Passed" start-time="2026-04-17 22:11:52Z" end-time="2026-04-17 22:11:52Z" duration="0.100495" total="2" passed="2" failed="0" inconclusive="0" skipped="0" asserts="0">
                  <properties />
                  <test-case id="1006" name="GetExecutedNodes_ConditionIsFalse_ReturnsFalsePathNode" fullname="AbilityGraph.Tests.Runtime.Nodes.Logic.BranchNodeTests.GetExecutedNodes_ConditionIsFalse_ReturnsFalsePathNode" methodname="GetExecutedNodes_ConditionIsFalse_ReturnsFalsePathNode" classname="AbilityGraph.Tests.Runtime.Nodes.Logic.BranchNodeTests" runstate="Runnable" seed="681649457" result="Passed" start-time="2026-04-17 22:11:52Z" end-time="2026-04-17 22:11:52Z" duration="0.086164" asserts="0">
                    <properties>
                      <property name="retryIteration" value="0" />
                      <property name="repeatIteration" value="0" />
                    </properties>
                  </test-case>
                  <test-case id="1005" name="GetExecutedNodes_ConditionIsTrue_ReturnsTruePathNode" fullname="AbilityGraph.Tests.Runtime.Nodes.Logic.BranchNodeTests.GetExecutedNodes_ConditionIsTrue_ReturnsTruePathNode" methodname="GetExecutedNodes_ConditionIsTrue_ReturnsTruePathNode" classname="AbilityGraph.Tests.Runtime.Nodes.Logic.BranchNodeTests" runstate="Runnable" seed="1113097680" result="Passed" start-time="2026-04-17 22:11:52Z" end-time="2026-04-17 22:11:52Z" duration="0.001210" asserts="0">
                    <properties>
                      <property name="retryIteration" value="0" />
                      <property name="repeatIteration" value="0" />
                    </properties>
                  </test-case>
                </test-suite>
              </test-suite>
              <test-suite type="TestSuite" id="1012" name="Primitives" fullname="AbilityGraph.Tests.Runtime.Nodes.Primitives" runstate="Runnable" testcasecount="2" result="Passed" start-time="2026-04-17 22:11:52Z" end-time="2026-04-17 22:11:52Z" duration="0.002989" total="2" passed="2" failed="0" inconclusive="0" skipped="0" asserts="0">
                <properties />
                <test-suite type="TestFixture" id="1001" name="PrimitivesNodesTests" fullname="AbilityGraph.Tests.Runtime.Nodes.Primitives.PrimitivesNodesTests" classname="AbilityGraph.Tests.Runtime.Nodes.Primitives.PrimitivesNodesTests" runstate="Runnable" testcasecount="2" result="Passed" start-time="2026-04-17 22:11:52Z" end-time="2026-04-17 22:11:52Z" duration="0.002317" total="2" passed="2" failed="0" inconclusive="0" skipped="0" asserts="0">
                  <properties />
                  <test-case id="1002" name="PrimitiveNodeTest_FloatNode_OutputIsEqualToInput" fullname="AbilityGraph.Tests.Runtime.Nodes.Primitives.PrimitivesNodesTests.PrimitiveNodeTest_FloatNode_OutputIsEqualToInput" methodname="PrimitiveNodeTest_FloatNode_OutputIsEqualToInput" classname="AbilityGraph.Tests.Runtime.Nodes.Primitives.PrimitivesNodesTests" runstate="Runnable" seed="444474114" result="Passed" start-time="2026-04-17 22:11:52Z" end-time="2026-04-17 22:11:52Z" duration="0.001364" asserts="0">
                    <properties>
                      <property name="retryIteration" value="0" />
                      <property name="repeatIteration" value="0" />
                    </properties>
                  </test-case>
                  <test-case id="1003" name="PrimitiveNodeTest_IntNode_OutputIsEqualToInput" fullname="AbilityGraph.Tests.Runtime.Nodes.Primitives.PrimitivesNodesTests.PrimitiveNodeTest_IntNode_OutputIsEqualToInput" methodname="PrimitiveNodeTest_IntNode_OutputIsEqualToInput" classname="AbilityGraph.Tests.Runtime.Nodes.Primitives.PrimitivesNodesTests" runstate="Runnable" seed="1636068796" result="Passed" start-time="2026-04-17 22:11:52Z" end-time="2026-04-17 22:11:52Z" duration="0.000432" asserts="0">
                    <properties>
                      <property name="retryIteration" value="0" />
                      <property name="repeatIteration" value="0" />
                    </properties>
                  </test-case>
                </test-suite>
              </test-suite>
            </test-suite>
          </test-suite>
        </test-suite>
      </test-suite>
    </test-suite>
    <test-suite type="Assembly" id="1101" name="AbilitySystemTests.dll" fullname="C:/Users/Anthony/Desktop/Ascended/Ascended/Library/ScriptAssemblies/AbilitySystemTests.dll" runstate="Runnable" testcasecount="70" result="Passed" start-time="2026-04-17 22:11:52Z" end-time="2026-04-17 22:11:52Z" duration="0.143183" total="70" passed="70" failed="0" inconclusive="0" skipped="0" asserts="0">
      <properties>
        <property name="_PID" value="28872" />
        <property name="_APPDOMAIN" value="Unity Child Domain" />
        <property name="platform" value="EditMode" />
        <property name="EditorOnly" value="True" />
      </properties>
      <test-suite type="TestSuite" id="1102" name="AbilitySystem" fullname="AbilitySystem" runstate="Runnable" testcasecount="70" result="Passed" start-time="2026-04-17 22:11:52Z" end-time="2026-04-17 22:11:52Z" duration="0.143070" total="70" passed="70" failed="0" inconclusive="0" skipped="0" asserts="0">
        <properties />
        <test-suite type="TestSuite" id="1103" name="Test" fullname="AbilitySystem.Test" runstate="Runnable" testcasecount="70" result="Passed" start-time="2026-04-17 22:11:52Z" end-time="2026-04-17 22:11:52Z" duration="0.142970" total="70" passed="70" failed="0" inconclusive="0" skipped="0" asserts="0">
          <properties />
          <test-suite type="TestSuite" id="1104" name="Runtime" fullname="AbilitySystem.Test.Runtime" runstate="Runnable" testcasecount="70" result="Passed" start-time="2026-04-17 22:11:52Z" end-time="2026-04-17 22:11:52Z" duration="0.142827" total="70" passed="70" failed="0" inconclusive="0" skipped="0" asserts="0">
            <properties />
            <test-suite type="TestSuite" id="1112" name="Abilities" fullname="AbilitySystem.Test.Runtime.Abilities" runstate="Runnable" testcasecount="16" result="Passed" start-time="2026-04-17 22:11:52Z" end-time="2026-04-17 22:11:52Z" duration="0.065413" total="16" passed="16" failed="0" inconclusive="0" skipped="0" asserts="0">
              <properties />
              <test-suite type="TestFixture" id="1081" name="AbilitiesCooldownTests" fullname="AbilitySystem.Test.Runtime.Abilities.AbilitiesCooldownTests" classname="AbilitySystem.Test.Runtime.Abilities.AbilitiesCooldownTests" runstate="Runnable" testcasecount="3" result="Passed" start-time="2026-04-17 22:11:52Z" end-time="2026-04-17 22:11:52Z" duration="0.035670" total="3" passed="3" failed="0" inconclusive="0" skipped="0" asserts="0">
                <properties />
                <test-case id="1084" name="AbilitiesCooldownTests_CooldownElapsed_CanBeActivated" fullname="AbilitySystem.Test.Runtime.Abilities.AbilitiesCooldownTests.AbilitiesCooldownTests_CooldownElapsed_CanBeActivated" methodname="AbilitiesCooldownTests_CooldownElapsed_CanBeActivated" classname="AbilitySystem.Test.Runtime.Abilities.AbilitiesCooldownTests" runstate="Runnable" seed="1308544276" result="Passed" start-time="2026-04-17 22:11:52Z" end-time="2026-04-17 22:11:52Z" duration="0.032364" asserts="0">
                  <properties>
                    <property name="retryIteration" value="0" />
                    <property name="repeatIteration" value="0" />
                  </properties>
                </test-case>
                <test-case id="1082" name="AbilitiesCooldownTests_HasCooldown_TriggersCooldown" fullname="AbilitySystem.Test.Runtime.Abilities.AbilitiesCooldownTests.AbilitiesCooldownTests_HasCooldown_TriggersCooldown" methodname="AbilitiesCooldownTests_HasCooldown_TriggersCooldown" classname="AbilitySystem.Test.Runtime.Abilities.AbilitiesCooldownTests" runstate="Runnable" seed="1145652844" result="Passed" start-time="2026-04-17 22:11:52Z" end-time="2026-04-17 22:11:52Z" duration="0.001534" asserts="0">
                  <properties>
                    <property name="retryIteration" value="0" />
                    <property name="repeatIteration" value="0" />
                  </properties>
                </test-case>
                <test-case id="1083" name="AbilitiesCooldownTests_OnCooldown_CantBeActivated" fullname="AbilitySystem.Test.Runtime.Abilities.AbilitiesCooldownTests.AbilitiesCooldownTests_OnCooldown_CantBeActivated" methodname="AbilitiesCooldownTests_OnCooldown_CantBeActivated" classname="AbilitySystem.Test.Runtime.Abilities.AbilitiesCooldownTests" runstate="Runnable" seed="1914032967" result="Passed" start-time="2026-04-17 22:11:52Z" end-time="2026-04-17 22:11:52Z" duration="0.001060" asserts="0">
                  <properties>
                    <property name="retryIteration" value="0" />
                    <property name="repeatIteration" value="0" />
                  </properties>
                </test-case>
              </test-suite>
              <test-suite type="TestFixture" id="1085" name="AbilityActivationTests" fullname="AbilitySystem.Test.Runtime.Abilities.AbilityActivationTests" classname="AbilitySystem.Test.Runtime.Abilities.AbilityActivationTests" runstate="Runnable" testcasecount="1" result="Passed" start-time="2026-04-17 22:11:52Z" end-time="2026-04-17 22:11:52Z" duration="0.003563" total="1" passed="1" failed="0" inconclusive="0" skipped="0" asserts="0">
                <properties />
                <test-case id="1086" name="AbilityActivationTests_EventActivation_ActivatesOnEvent" fullname="AbilitySystem.Test.Runtime.Abilities.AbilityActivationTests.AbilityActivationTests_EventActivation_ActivatesOnEvent" methodname="AbilityActivationTests_EventActivation_ActivatesOnEvent" classname="AbilitySystem.Test.Runtime.Abilities.AbilityActivationTests" runstate="Runnable" seed="1569608882" result="Passed" start-time="2026-04-17 22:11:52Z" end-time="2026-04-17 22:11:52Z" duration="0.002875" asserts="0">
                  <properties>
                    <property name="retryIteration" value="0" />
                    <property name="repeatIteration" value="0" />
                  </properties>
                </test-case>
              </test-suite>
              <test-suite type="TestFixture" id="1087" name="AbilityDefinitionTests" fullname="AbilitySystem.Test.Runtime.Abilities.AbilityDefinitionTests" classname="AbilitySystem.Test.Runtime.Abilities.AbilityDefinitionTests" runstate="Runnable" testcasecount="1" result="Passed" start-time="2026-04-17 22:11:52Z" end-time="2026-04-17 22:11:52Z" duration="0.000958" total="1" passed="1" failed="0" inconclusive="0" skipped="0" asserts="0">
                <properties />
                <test-case id="1088" name="AbilityDefinitionTests_CreationDefault_HasCorrectValues" fullname="AbilitySystem.Test.Runtime.Abilities.AbilityDefinitionTests.AbilityDefinitionTests_CreationDefault_HasCorrectValues" methodname="AbilityDefinitionTests_CreationDefault_HasCorrectValues" classname="AbilitySystem.Test.Runtime.Abilities.AbilityDefinitionTests" runstate="Runnable" seed="309326958" result="Passed" start-time="2026-04-17 22:11:52Z" end-time="2026-04-17 22:11:52Z" duration="0.000481" asserts="0">
                  <properties>
                    <property name="retryIteration" value="0" />
                    <property name="repeatIteration" value="0" />
                  </properties>
                </test-case>
              </test-suite>
              <test-suite type="TestFixture" id="1089" name="AbilityTests" fullname="AbilitySystem.Test.Runtime.Abilities.AbilityTests" classname="AbilitySystem.Test.Runtime.Abilities.AbilityTests" runstate="Runnable" testcasecount="11" result="Passed" start-time="2026-04-17 22:11:52Z" end-time="2026-04-17 22:11:52Z" duration="0.024800" total="11" passed="11" failed="0" inconclusive="0" skipped="0" asserts="0">
                <properties />
                <test-case id="1090" name="AbilityTests_ActivateAbility_AppliesModifiers" fullname="AbilitySystem.Test.Runtime.Abilities.AbilityTests.AbilityTests_ActivateAbility_AppliesModifiers" methodname="AbilityTests_ActivateAbility_AppliesModifiers" classname="AbilitySystem.Test.Runtime.Abilities.AbilityTests" runstate="Runnable" seed="812129530" result="Passed" start-time="2026-04-17 22:11:52Z" end-time="2026-04-17 22:11:52Z" duration="0.001958" asserts="0">
                  <properties>
                    <property name="retryIteration" value="0" />
                    <property name="repeatIteration" value="0" />
                  </properties>
                </test-case>
                <test-case id="1091" name="AbilityTests_ActivateAbilityMissingRequiredTags_ActivationFails" fullname="AbilitySystem.Test.Runtime.Abilities.AbilityTests.AbilityTests_ActivateAbilityMissingRequiredTags_ActivationFails" methodname="AbilityTests_ActivateAbilityMissingRequiredTags_ActivationFails" classname="AbilitySystem.Test.Runtime.Abilities.AbilityTests" runstate="Runnable" seed="1091547008" result="Passed" start-time="2026-04-17 22:11:52Z" end-time="2026-04-17 22:11:52Z" duration="0.000919" asserts="0">
                  <properties>
                    <property name="retryIteration" value="0" />
                    <property name="repeatIteration" value="0" />
                  </properties>
                </test-case>
                <test-case id="1093" name="AbilityTests_ActivateAbilityWithBlockedTag_ActivationFails" fullname="AbilitySystem.Test.Runtime.Abilities.AbilityTests.AbilityTests_ActivateAbilityWithBlockedTag_ActivationFails" methodname="AbilityTests_ActivateAbilityWithBlockedTag_ActivationFails" classname="AbilitySystem.Test.Runtime.Abilities.AbilityTests" runstate="Runnable" seed="834230564" result="Passed" start-time="2026-04-17 22:11:52Z" end-time="2026-04-17 22:11:52Z" duration="0.001503" asserts="0">
                  <properties>
                    <property name="retryIteration" value="0" />
                    <property name="repeatIteration" value="0" />
                  </properties>
                </test-case>
                <test-case id="1095" name="AbilityTests_ActivateAbilityWithCancelTags_CancelsAbilityWithTag" fullname="AbilitySystem.Test.Runtime.Abilities.AbilityTests.AbilityTests_ActivateAbilityWithCancelTags_CancelsAbilityWithTag" methodname="AbilityTests_ActivateAbilityWithCancelTags_CancelsAbilityWithTag" classname="AbilitySystem.Test.Runtime.Abilities.AbilityTests" runstate="Runnable" seed="1431771862" result="Passed" start-time="2026-04-17 22:11:52Z" end-time="2026-04-17 22:11:52Z" duration="0.001394" asserts="0">
                  <properties>
                    <property name="retryIteration" value="0" />
                    <property name="repeatIteration" value="0" />
                  </properties>
                </test-case>
                <test-case id="1094" name="AbilityTests_ActivateAbilityWithoutBlockedTag_ActivationSucceeds" fullname="AbilitySystem.Test.Runtime.Abilities.AbilityTests.AbilityTests_ActivateAbilityWithoutBlockedTag_ActivationSucceeds" methodname="AbilityTests_ActivateAbilityWithoutBlockedTag_ActivationSucceeds" classname="AbilitySystem.Test.Runtime.Abilities.AbilityTests" runstate="Runnable" seed="604117487" result="Passed" start-time="2026-04-17 22:11:52Z" end-time="2026-04-17 22:11:52Z" duration="0.000947" asserts="0">
                  <properties>
                    <property name="retryIteration" value="0" />
                    <property name="repeatIteration" value="0" />
                  </properties>
                </test-case>
                <test-case id="1092" name="AbilityTests_ActivateAbilityWithRequiredTags_ActivationSucceeds" fullname="AbilitySystem.Test.Runtime.Abilities.AbilityTests.AbilityTests_ActivateAbilityWithRequiredTags_ActivationSucceeds" methodname="AbilityTests_ActivateAbilityWithRequiredTags_ActivationSucceeds" classname="AbilitySystem.Test.Runtime.Abilities.AbilityTests" runstate="Runnable" seed="2051155829" result="Passed" start-time="2026-04-17 22:11:52Z" end-time="2026-04-17 22:11:52Z" duration="0.000965" asserts="0">
                  <properties>
                    <property name="retryIteration" value="0" />
                    <property name="repeatIteration" value="0" />
                  </properties>
                </test-case>
                <test-case id="1098" name="AbilityTests_ActivateLocalOnClient_ActivationSuccess" fullname="AbilitySystem.Test.Runtime.Abilities.AbilityTests.AbilityTests_ActivateLocalOnClient_ActivationSuccess" methodname="AbilityTests_ActivateLocalOnClient_ActivationSuccess" classname="AbilitySystem.Test.Runtime.Abilities.AbilityTests" runstate="Runnable" seed="1688727482" result="Passed" start-time="2026-04-17 22:11:52Z" end-time="2026-04-17 22:11:52Z" duration="0.001285" asserts="0">
                  <properties>
                    <property name="retryIteration" value="0" />
                    <property name="repeatIteration" value="0" />
                  </properties>
                </test-case>
                <test-case id="1097" name="AbilityTests_ActivateLocalOnServer_ActivationFails" fullname="AbilitySystem.Test.Runtime.Abilities.AbilityTests.AbilityTests_ActivateLocalOnServer_ActivationFails" methodname="AbilityTests_ActivateLocalOnServer_ActivationFails" classname="AbilitySystem.Test.Runtime.Abilities.AbilityTests" runstate="Runnable" seed="1743519607" result="Passed" start-time="2026-04-17 22:11:52Z" end-time="2026-04-17 22:11:52Z" duration="0.000863" asserts="0">
                  <properties>
                    <property name="retryIteration" value="0" />
                    <property name="repeatIteration" value="0" />
                  </properties>
                </test-case>
                <test-case id="1100" name="AbilityTests_ActivatePredictedAbility_PlaysCuesWithPredictionFlag" fullname="AbilitySystem.Test.Runtime.Abilities.AbilityTests.AbilityTests_ActivatePredictedAbility_PlaysCuesWithPredictionFlag" methodname="AbilityTests_ActivatePredictedAbility_PlaysCuesWithPredictionFlag" classname="AbilitySystem.Test.Runtime.Abilities.AbilityTests" runstate="Runnable" seed="585541828" result="Passed" start-time="2026-04-17 22:11:52Z" end-time="2026-04-17 22:11:52Z" duration="0.009059" asserts="0">
                  <properties>
                    <property name="retryIteration" value="0" />
                    <property name="repeatIteration" value="0" />
                  </properties>
                </test-case>
                <test-case id="1096" name="AbilityTests_ActivateWithOwnedTags_GrantsTags" fullname="AbilitySystem.Test.Runtime.Abilities.AbilityTests.AbilityTests_ActivateWithOwnedTags_GrantsTags" methodname="AbilityTests_ActivateWithOwnedTags_GrantsTags" classname="AbilitySystem.Test.Runtime.Abilities.AbilityTests" runstate="Runnable" seed="1841682526" result="Passed" start-time="2026-04-17 22:11:52Z" end-time="2026-04-17 22:11:52Z" duration="0.001898" asserts="0">
                  <properties>
                    <property name="retryIteration" value="0" />
                    <property name="repeatIteration" value="0" />
                  </properties>
                </test-case>
                <test-case id="1099" name="AbilityTests_EndAbility_EndsAbility" fullname="AbilitySystem.Test.Runtime.Abilities.AbilityTests.AbilityTests_EndAbility_EndsAbility" methodname="AbilityTests_EndAbility_EndsAbility" classname="AbilitySystem.Test.Runtime.Abilities.AbilityTests" runstate="Runnable" seed="1969689641" result="Passed" start-time="2026-04-17 22:11:52Z" end-time="2026-04-17 22:11:52Z" duration="0.002504" asserts="0">
                  <properties>
                    <property name="retryIteration" value="0" />
                    <property name="repeatIteration" value="0" />
                  </properties>
                </test-case>
              </test-suite>
            </test-suite>
            <test-suite type="TestSuite" id="1111" name="Attribute" fullname="AbilitySystem.Test.Runtime.Attribute" runstate="Runnable" testcasecount="13" result="Passed" start-time="2026-04-17 22:11:52Z" end-time="2026-04-17 22:11:52Z" duration="0.006622" total="13" passed="13" failed="0" inconclusive="0" skipped="0" asserts="0">
              <properties />
              <test-suite type="TestFixture" id="1066" name="AttributeTest" fullname="AbilitySystem.Test.Runtime.Attribute.AttributeTest" classname="AbilitySystem.Test.Runtime.Attribute.AttributeTest" runstate="Runnable" testcasecount="9" result="Passed" start-time="2026-04-17 22:11:52Z" end-time="2026-04-17 22:11:52Z" duration="0.004846" total="9" passed="9" failed="0" inconclusive="0" skipped="0" asserts="0">
                <properties />
                <test-case id="1073" name="AttributeTest_ChangingBaseValue_ChangesCurrentValue" fullname="AbilitySystem.Test.Runtime.Attribute.AttributeTest.AttributeTest_ChangingBaseValue_ChangesCurrentValue" methodname="AttributeTest_ChangingBaseValue_ChangesCurrentValue" classname="AbilitySystem.Test.Runtime.Attribute.AttributeTest" runstate="Runnable" seed="755795942" result="Passed" start-time="2026-04-17 22:11:52Z" end-time="2026-04-17 22:11:52Z" duration="0.001011" asserts="0">
                  <properties>
                    <property name="retryIteration" value="0" />
                    <property name="repeatIteration" value="0" />
                  </properties>
                </test-case>
                <test-case id="1074" name="AttributeTest_ChangingBaseValueNoEvent_DoesNotInvokeEvent" fullname="AbilitySystem.Test.Runtime.Attribute.AttributeTest.AttributeTest_ChangingBaseValueNoEvent_DoesNotInvokeEvent" methodname="AttributeTest_ChangingBaseValueNoEvent_DoesNotInvokeEvent" classname="AbilitySystem.Test.Runtime.Attribute.AttributeTest" runstate="Runnable" seed="127990664" result="Passed" start-time="2026-04-17 22:11:52Z" end-time="2026-04-17 22:11:52Z" duration="0.000773" asserts="0">
                  <properties>
                    <property name="retryIteration" value="0" />
                    <property name="repeatIteration" value="0" />
                  </properties>
                </test-case>
                <test-case id="1075" name="AttributeTest_ChangingCurrentValueNoEvent_DoesNotInvokeEvent" fullname="AbilitySystem.Test.Runtime.Attribute.AttributeTest.AttributeTest_ChangingCurrentValueNoEvent_DoesNotInvokeEvent" methodname="AttributeTest_ChangingCurrentValueNoEvent_DoesNotInvokeEvent" classname="AbilitySystem.Test.Runtime.Attribute.AttributeTest" runstate="Runnable" seed="508153994" result="Passed" start-time="2026-04-17 22:11:52Z" end-time="2026-04-17 22:11:52Z" duration="0.000717" asserts="0">
                  <properties>
                    <property name="retryIteration" value="0" />
                    <property name="repeatIteration" value="0" />
                  </properties>
                </test-case>
                <test-case id="1067" name="AttributeTest_CreationDefault_HasCorrectValues" fullname="AbilitySystem.Test.Runtime.Attribute.AttributeTest.AttributeTest_CreationDefault_HasCorrectValues" methodname="AttributeTest_CreationDefault_HasCorrectValues" classname="AbilitySystem.Test.Runtime.Attribute.AttributeTest" runstate="Runnable" seed="635635905" result="Passed" start-time="2026-04-17 22:11:52Z" end-time="2026-04-17 22:11:52Z" duration="0.000239" asserts="0">
                  <properties>
                    <property name="retryIteration" value="0" />
                    <property name="repeatIteration" value="0" />
                  </properties>
                </test-case>
                <test-case id="1069" name="AttributeTest_CreationWithMinMax_HasCorrectValuesForMax" fullname="AbilitySystem.Test.Runtime.Attribute.AttributeTest.AttributeTest_CreationWithMinMax_HasCorrectValuesForMax" methodname="AttributeTest_CreationWithMinMax_HasCorrectValuesForMax" classname="AbilitySystem.Test.Runtime.Attribute.AttributeTest" runstate="Runnable" seed="691473838" result="Passed" start-time="2026-04-17 22:11:52Z" end-time="2026-04-17 22:11:52Z" duration="0.000195" asserts="0">
                  <properties>
                    <property name="retryIteration" value="0" />
                    <property name="repeatIteration" value="0" />
                  </properties>
                </test-case>
                <test-case id="1068" name="AttributeTest_CreationWithMinMax_HasCorrectValuesForMin" fullname="AbilitySystem.Test.Runtime.Attribute.AttributeTest.AttributeTest_CreationWithMinMax_HasCorrectValuesForMin" methodname="AttributeTest_CreationWithMinMax_HasCorrectValuesForMin" classname="AbilitySystem.Test.Runtime.Attribute.AttributeTest" runstate="Runnable" seed="492043492" result="Passed" start-time="2026-04-17 22:11:52Z" end-time="2026-04-17 22:11:52Z" duration="0.000188" asserts="0">
                  <properties>
                    <property name="retryIteration" value="0" />
                    <property name="repeatIteration" value="0" />
                  </properties>
                </test-case>
                <test-case id="1070" name="AttributeTest_SettingValues_ChangesValuesCorrectly" fullname="AbilitySystem.Test.Runtime.Attribute.AttributeTest.AttributeTest_SettingValues_ChangesValuesCorrectly" methodname="AttributeTest_SettingValues_ChangesValuesCorrectly" classname="AbilitySystem.Test.Runtime.Attribute.AttributeTest" runstate="Runnable" seed="1913828154" result="Passed" start-time="2026-04-17 22:11:52Z" end-time="2026-04-17 22:11:52Z" duration="0.000201" asserts="0">
                  <properties>
                    <property name="retryIteration" value="0" />
                    <property name="repeatIteration" value="0" />
                  </properties>
                </test-case>
                <test-case id="1071" name="AttributeTest_SettingValuesWithMax_ClampsCorrectly" fullname="AbilitySystem.Test.Runtime.Attribute.AttributeTest.AttributeTest_SettingValuesWithMax_ClampsCorrectly" methodname="AttributeTest_SettingValuesWithMax_ClampsCorrectly" classname="AbilitySystem.Test.Runtime.Attribute.AttributeTest" runstate="Runnable" seed="1149759826" result="Passed" start-time="2026-04-17 22:11:52Z" end-time="2026-04-17 22:11:52Z" duration="0.000205" asserts="0">
                  <properties>
                    <property name="retryIteration" value="0" />
                    <property name="repeatIteration" value="0" />
                  </properties>
                </test-case>
                <test-case id="1072" name="AttributeTest_SettingValuesWithMin_ClampsCorrectly" fullname="AbilitySystem.Test.Runtime.Attribute.AttributeTest.AttributeTest_SettingValuesWithMin_ClampsCorrectly" methodname="AttributeTest_SettingValuesWithMin_ClampsCorrectly" classname="AbilitySystem.Test.Runtime.Attribute.AttributeTest" runstate="Runnable" seed="1314326344" result="Passed" start-time="2026-04-17 22:11:52Z" end-time="2026-04-17 22:11:52Z" duration="0.000200" asserts="0">
                  <properties>
                    <property name="retryIteration" value="0" />
                    <property name="repeatIteration" value="0" />
                  </properties>
                </test-case>
              </test-suite>
              <test-suite type="TestFixture" id="1076" name="AttributeValueTest" fullname="AbilitySystem.Test.Runtime.Attribute.AttributeValueTest" classname="AbilitySystem.Test.Runtime.Attribute.AttributeValueTest" runstate="Runnable" testcasecount="4" result="Passed" start-time="2026-04-17 22:11:52Z" end-time="2026-04-17 22:11:52Z" duration="0.001132" total="4" passed="4" failed="0" inconclusive="0" skipped="0" asserts="0">
                <properties />
                <test-case id="1079" name="AttributeValueTests_CreateAttributeValue_CurrentValueClampedToMax" fullname="AbilitySystem.Test.Runtime.Attribute.AttributeValueTest.AttributeValueTests_CreateAttributeValue_CurrentValueClampedToMax" methodname="AttributeValueTests_CreateAttributeValue_CurrentValueClampedToMax" classname="AbilitySystem.Test.Runtime.Attribute.AttributeValueTest" runstate="Runnable" seed="262235211" result="Passed" start-time="2026-04-17 22:11:52Z" end-time="2026-04-17 22:11:52Z" duration="0.000120" asserts="0">
                  <properties>
                    <property name="retryIteration" value="0" />
                    <property name="repeatIteration" value="0" />
                  </properties>
                </test-case>
                <test-case id="1080" name="AttributeValueTests_CreateAttributeValue_CurrentValueClampedToMin" fullname="AbilitySystem.Test.Runtime.Attribute.AttributeValueTest.AttributeValueTests_CreateAttributeValue_CurrentValueClampedToMin" methodname="AttributeValueTests_CreateAttributeValue_CurrentValueClampedToMin" classname="AbilitySystem.Test.Runtime.Attribute.AttributeValueTest" runstate="Runnable" seed="1495580756" result="Passed" start-time="2026-04-17 22:11:52Z" end-time="2026-04-17 22:11:52Z" duration="0.000105" asserts="0">
                  <properties>
                    <property name="retryIteration" value="0" />
                    <property name="repeatIteration" value="0" />
                  </properties>
                </test-case>
                <test-case id="1077" name="AttributeValueTests_CreateAttributeValue_HasCorrectValues" fullname="AbilitySystem.Test.Runtime.Attribute.AttributeValueTest.AttributeValueTests_CreateAttributeValue_HasCorrectValues" methodname="AttributeValueTests_CreateAttributeValue_HasCorrectValues" classname="AbilitySystem.Test.Runtime.Attribute.AttributeValueTest" runstate="Runnable" seed="1310753221" result="Passed" start-time="2026-04-17 22:11:52Z" end-time="2026-04-17 22:11:52Z" duration="0.000148" asserts="0">
                  <properties>
                    <property name="retryIteration" value="0" />
                    <property name="repeatIteration" value="0" />
                  </properties>
                </test-case>
                <test-case id="1078" name="AttributeValueTests_CreateAttributeValue_MinAndMaxHaveCorrectDefaults" fullname="AbilitySystem.Test.Runtime.Attribute.AttributeValueTest.AttributeValueTests_CreateAttributeValue_MinAndMaxHaveCorrectDefaults" methodname="AttributeValueTests_CreateAttributeValue_MinAndMaxHaveCorrectDefaults" classname="AbilitySystem.Test.Runtime.Attribute.AttributeValueTest" runstate="Runnable" seed="62262836" result="Passed" start-time="2026-04-17 22:11:52Z" end-time="2026-04-17 22:11:52Z" duration="0.000119" asserts="0">
                  <properties>
                    <property name="retryIteration" value="0" />
                    <property name="repeatIteration" value="0" />
                  </properties>
                </test-case>
              </test-suite>
            </test-suite>
            <test-suite type="TestSuite" id="1110" name="AttributeSets" fullname="AbilitySystem.Test.Runtime.AttributeSets" runstate="Runnable" testcasecount="7" result="Passed" start-time="2026-04-17 22:11:52Z" end-time="2026-04-17 22:11:52Z" duration="0.006241" total="7" passed="7" failed="0" inconclusive="0" skipped="0" asserts="0">
              <properties />
              <test-suite type="TestFixture" id="1057" name="AttributeSetManagerTest" fullname="AbilitySystem.Test.Runtime.AttributeSets.AttributeSetManagerTest" classname="AbilitySystem.Test.Runtime.AttributeSets.AttributeSetManagerTest" runstate="Runnable" testcasecount="3" result="Passed" start-time="2026-04-17 22:11:52Z" end-time="2026-04-17 22:11:52Z" duration="0.004007" total="3" passed="3" failed="0" inconclusive="0" skipped="0" asserts="0">
                <properties />
                <test-case id="1058" name="AttributeSetManagerTest_AddAttributeSet_AddsAttributeSet" fullname="AbilitySystem.Test.Runtime.AttributeSets.AttributeSetManagerTest.AttributeSetManagerTest_AddAttributeSet_AddsAttributeSet" methodname="AttributeSetManagerTest_AddAttributeSet_AddsAttributeSet" classname="AbilitySystem.Test.Runtime.AttributeSets.AttributeSetManagerTest" runstate="Runnable" seed="1157554324" result="Passed" start-time="2026-04-17 22:11:52Z" end-time="2026-04-17 22:11:52Z" duration="0.002096" asserts="0">
                  <properties>
                    <property name="retryIteration" value="0" />
                    <property name="repeatIteration" value="0" />
                  </properties>
                </test-case>
                <test-case id="1060" name="AttributeSetManagerTest_GetAttribute_GetsAttributeByName" fullname="AbilitySystem.Test.Runtime.AttributeSets.AttributeSetManagerTest.AttributeSetManagerTest_GetAttribute_GetsAttributeByName" methodname="AttributeSetManagerTest_GetAttribute_GetsAttributeByName" classname="AbilitySystem.Test.Runtime.AttributeSets.AttributeSetManagerTest" runstate="Runnable" seed="1525156216" result="Passed" start-time="2026-04-17 22:11:52Z" end-time="2026-04-17 22:11:52Z" duration="0.000664" asserts="0">
                  <properties>
                    <property name="retryIteration" value="0" />
                    <property name="repeatIteration" value="0" />
                  </properties>
                </test-case>
                <test-case id="1059" name="AttributeSetManagerTest_GetAttributeSet_GetsAttributeSetByName" fullname="AbilitySystem.Test.Runtime.AttributeSets.AttributeSetManagerTest.AttributeSetManagerTest_GetAttributeSet_GetsAttributeSetByName" methodname="AttributeSetManagerTest_GetAttributeSet_GetsAttributeSetByName" classname="AbilitySystem.Test.Runtime.AttributeSets.AttributeSetManagerTest" runstate="Runnable" seed="1644460055" result="Passed" start-time="2026-04-17 22:11:52Z" end-time="2026-04-17 22:11:52Z" duration="0.000706" asserts="0">
                  <properties>
                    <property name="retryIteration" value="0" />
                    <property name="repeatIteration" value="0" />
                  </properties>
                </test-case>
              </test-suite>
              <test-suite type="TestFixture" id="1061" name="AttributeSetTest" fullname="AbilitySystem.Test.Runtime.AttributeSets.AttributeSetTest" classname="AbilitySystem.Test.Runtime.AttributeSets.AttributeSetTest" runstate="Runnable" testcasecount="4" result="Passed" start-time="2026-04-17 22:11:52Z" end-time="2026-04-17 22:11:52Z" duration="0.001981" total="4" passed="4" failed="0" inconclusive="0" skipped="0" asserts="0">
                <properties />
                <test-case id="1063" name="AttributeSetTest_AddAttribute_AddsAttribute" fullname="AbilitySystem.Test.Runtime.AttributeSets.AttributeSetTest.AttributeSetTest_AddAttribute_AddsAttribute" methodname="AttributeSetTest_AddAttribute_AddsAttribute" classname="AbilitySystem.Test.Runtime.AttributeSets.AttributeSetTest" runstate="Runnable" seed="60832184" result="Passed" start-time="2026-04-17 22:11:52Z" end-time="2026-04-17 22:11:52Z" duration="0.000431" asserts="0">
                  <properties>
                    <property name="retryIteration" value="0" />
                    <property name="repeatIteration" value="0" />
                  </properties>
                </test-case>
                <test-case id="1065" name="AttributeSetTest_GetAllAttributes_ReturnsAllAttributes" fullname="AbilitySystem.Test.Runtime.AttributeSets.AttributeSetTest.AttributeSetTest_GetAllAttributes_ReturnsAllAttributes" methodname="AttributeSetTest_GetAllAttributes_ReturnsAllAttributes" classname="AbilitySystem.Test.Runtime.AttributeSets.AttributeSetTest" runstate="Runnable" seed="973142079" result="Passed" start-time="2026-04-17 22:11:52Z" end-time="2026-04-17 22:11:52Z" duration="0.000303" asserts="0">
                  <properties>
                    <property name="retryIteration" value="0" />
                    <property name="repeatIteration" value="0" />
                  </properties>
                </test-case>
                <test-case id="1062" name="AttributeSetTest_Instantiate_HasName" fullname="AbilitySystem.Test.Runtime.AttributeSets.AttributeSetTest.AttributeSetTest_Instantiate_HasName" methodname="AttributeSetTest_Instantiate_HasName" classname="AbilitySystem.Test.Runtime.AttributeSets.AttributeSetTest" runstate="Runnable" seed="361199967" result="Passed" start-time="2026-04-17 22:11:52Z" end-time="2026-04-17 22:11:52Z" duration="0.000164" asserts="0">
                  <properties>
                    <property name="retryIteration" value="0" />
                    <property name="repeatIteration" value="0" />
                  </properties>
                </test-case>
                <test-case id="1064" name="AttributeSetTest_RemoveAttribute_RemovesAttribute" fullname="AbilitySystem.Test.Runtime.AttributeSets.AttributeSetTest.AttributeSetTest_RemoveAttribute_RemovesAttribute" methodname="AttributeSetTest_RemoveAttribute_RemovesAttribute" classname="AbilitySystem.Test.Runtime.AttributeSets.AttributeSetTest" runstate="Runnable" seed="736524761" result="Passed" start-time="2026-04-17 22:11:52Z" end-time="2026-04-17 22:11:52Z" duration="0.000404" asserts="0">
                  <properties>
                    <property name="retryIteration" value="0" />
                    <property name="repeatIteration" value="0" />
                  </properties>
                </test-case>
              </test-suite>
            </test-suite>
            <test-suite type="TestSuite" id="1109" name="AttributesNetworking" fullname="AbilitySystem.Test.Runtime.AttributesNetworking" runstate="Runnable" testcasecount="2" result="Passed" start-time="2026-04-17 22:11:52Z" end-time="2026-04-17 22:11:52Z" duration="0.011912" total="2" passed="2" failed="0" inconclusive="0" skipped="0" asserts="0">
              <properties />
              <test-suite type="TestFixture" id="1054" name="AttributesNetworkingTests" fullname="AbilitySystem.Test.Runtime.AttributesNetworking.AttributesNetworkingTests" classname="AbilitySystem.Test.Runtime.AttributesNetworking.AttributesNetworkingTests" runstate="Runnable" testcasecount="2" result="Passed" start-time="2026-04-17 22:11:52Z" end-time="2026-04-17 22:11:52Z" duration="0.011722" total="2" passed="2" failed="0" inconclusive="0" skipped="0" asserts="0">
                <properties />
                <test-case id="1056" name="AttributesNetworkingTests_ClientChangesBaseAttribute_NoUpdatesSent" fullname="AbilitySystem.Test.Runtime.AttributesNetworking.AttributesNetworkingTests.AttributesNetworkingTests_ClientChangesBaseAttribute_NoUpdatesSent" methodname="AttributesNetworkingTests_ClientChangesBaseAttribute_NoUpdatesSent" classname="AbilitySystem.Test.Runtime.AttributesNetworking.AttributesNetworkingTests" runstate="Runnable" seed="1865607147" result="Passed" start-time="2026-04-17 22:11:52Z" end-time="2026-04-17 22:11:52Z" duration="0.005721" asserts="0">
                  <properties>
                    <property name="retryIteration" value="0" />
                    <property name="repeatIteration" value="0" />
                  </properties>
                </test-case>
                <test-case id="1055" name="AttributesNetworkingTests_ServerChangesBaseAttribute_ServerSendsUpdateToClients" fullname="AbilitySystem.Test.Runtime.AttributesNetworking.AttributesNetworkingTests.AttributesNetworkingTests_ServerChangesBaseAttribute_ServerSendsUpdateToClients" methodname="AttributesNetworkingTests_ServerChangesBaseAttribute_ServerSendsUpdateToClients" classname="AbilitySystem.Test.Runtime.AttributesNetworking.AttributesNetworkingTests" runstate="Runnable" seed="988430534" result="Passed" start-time="2026-04-17 22:11:52Z" end-time="2026-04-17 22:11:52Z" duration="0.005532" asserts="0">
                  <properties>
                    <property name="retryIteration" value="0" />
                    <property name="repeatIteration" value="0" />
                  </properties>
                </test-case>
              </test-suite>
            </test-suite>
            <test-suite type="TestSuite" id="1108" name="Effects" fullname="AbilitySystem.Test.Runtime.Effects" runstate="Runnable" testcasecount="12" result="Passed" start-time="2026-04-17 22:11:52Z" end-time="2026-04-17 22:11:52Z" duration="0.015822" total="12" passed="12" failed="0" inconclusive="0" skipped="0" asserts="0">
              <properties />
              <test-suite type="TestFixture" id="1040" name="EffectManagerTest" fullname="AbilitySystem.Test.Runtime.Effects.EffectManagerTest" classname="AbilitySystem.Test.Runtime.Effects.EffectManagerTest" runstate="Runnable" testcasecount="10" result="Passed" start-time="2026-04-17 22:11:52Z" end-time="2026-04-17 22:11:52Z" duration="0.012538" total="10" passed="10" failed="0" inconclusive="0" skipped="0" asserts="0">
                <properties />
                <test-case id="1042" name="EffectManagerTest_AddEffect_HasAddedEffect" fullname="AbilitySystem.Test.Runtime.Effects.EffectManagerTest.EffectManagerTest_AddEffect_HasAddedEffect" methodname="EffectManagerTest_AddEffect_HasAddedEffect" classname="AbilitySystem.Test.Runtime.Effects.EffectManagerTest" runstate="Runnable" seed="245746620" result="Passed" start-time="2026-04-17 22:11:52Z" end-time="2026-04-17 22:11:52Z" duration="0.000671" asserts="0">
                  <properties>
                    <property name="retryIteration" value="0" />
                    <property name="repeatIteration" value="0" />
                  </properties>
                </test-case>
                <test-case id="1046" name="EffectManagerTest_AggregateBySource_StacksCorrectly" fullname="AbilitySystem.Test.Runtime.Effects.EffectManagerTest.EffectManagerTest_AggregateBySource_StacksCorrectly" methodname="EffectManagerTest_AggregateBySource_StacksCorrectly" classname="AbilitySystem.Test.Runtime.Effects.EffectManagerTest" runstate="Runnable" seed="1474350355" result="Passed" start-time="2026-04-17 22:11:52Z" end-time="2026-04-17 22:11:52Z" duration="0.001000" asserts="0">
                  <properties>
                    <property name="retryIteration" value="0" />
                    <property name="repeatIteration" value="0" />
                  </properties>
                </test-case>
                <test-case id="1045" name="EffectManagerTest_DurationalEffect_ExpiresCorrectly" fullname="AbilitySystem.Test.Runtime.Effects.EffectManagerTest.EffectManagerTest_DurationalEffect_ExpiresCorrectly" methodname="EffectManagerTest_DurationalEffect_ExpiresCorrectly" classname="AbilitySystem.Test.Runtime.Effects.EffectManagerTest" runstate="Runnable" seed="708428027" result="Passed" start-time="2026-04-17 22:11:52Z" end-time="2026-04-17 22:11:52Z" duration="0.002794" asserts="0">
                  <properties>
                    <property name="retryIteration" value="0" />
                    <property name="repeatIteration" value="0" />
                  </properties>
                </test-case>
                <test-case id="1041" name="EffectManagerTest_Instantiate_HasDefaultValues" fullname="AbilitySystem.Test.Runtime.Effects.EffectManagerTest.EffectManagerTest_Instantiate_HasDefaultValues" methodname="EffectManagerTest_Instantiate_HasDefaultValues" classname="AbilitySystem.Test.Runtime.Effects.EffectManagerTest" runstate="Runnable" seed="792202987" result="Passed" start-time="2026-04-17 22:11:52Z" end-time="2026-04-17 22:11:52Z" duration="0.000230" asserts="0">
                  <properties>
                    <property name="retryIteration" value="0" />
                    <property name="repeatIteration" value="0" />
                  </properties>
                </test-case>
                <test-case id="1047" name="EffectManagerTest_OnEffectStacksChanged_FiresEvent" fullname="AbilitySystem.Test.Runtime.Effects.EffectManagerTest.EffectManagerTest_OnEffectStacksChanged_FiresEvent" methodname="EffectManagerTest_OnEffectStacksChanged_FiresEvent" classname="AbilitySystem.Test.Runtime.Effects.EffectManagerTest" runstate="Runnable" seed="321977569" result="Passed" start-time="2026-04-17 22:11:52Z" end-time="2026-04-17 22:11:52Z" duration="0.000677" asserts="0">
                  <properties>
                    <property name="retryIteration" value="0" />
                    <property name="repeatIteration" value="0" />
                  </properties>
                </test-case>
                <test-case id="1049" name="EffectManagerTest_OngoingRequiredTags_SuspendsAndResumesEffect" fullname="AbilitySystem.Test.Runtime.Effects.EffectManagerTest.EffectManagerTest_OngoingRequiredTags_SuspendsAndResumesEffect" methodname="EffectManagerTest_OngoingRequiredTags_SuspendsAndResumesEffect" classname="AbilitySystem.Test.Runtime.Effects.EffectManagerTest" runstate="Runnable" seed="477255186" result="Passed" start-time="2026-04-17 22:11:52Z" end-time="2026-04-17 22:11:52Z" duration="0.001334" asserts="0">
                  <properties>
                    <property name="retryIteration" value="0" />
                    <property name="repeatIteration" value="0" />
                  </properties>
                </test-case>
                <test-case id="1043" name="EffectManagerTest_RemoveEffect_HasRemovedEffect" fullname="AbilitySystem.Test.Runtime.Effects.EffectManagerTest.EffectManagerTest_RemoveEffect_HasRemovedEffect" methodname="EffectManagerTest_RemoveEffect_HasRemovedEffect" classname="AbilitySystem.Test.Runtime.Effects.EffectManagerTest" runstate="Runnable" seed="76244663" result="Passed" start-time="2026-04-17 22:11:52Z" end-time="2026-04-17 22:11:52Z" duration="0.000535" asserts="0">
                  <properties>
                    <property name="retryIteration" value="0" />
                    <property name="repeatIteration" value="0" />
                  </properties>
                </test-case>
                <test-case id="1048" name="EffectManagerTest_RemoveGameplayEffectsWithTags_RemovesMatchingEffects" fullname="AbilitySystem.Test.Runtime.Effects.EffectManagerTest.EffectManagerTest_RemoveGameplayEffectsWithTags_RemovesMatchingEffects" methodname="EffectManagerTest_RemoveGameplayEffectsWithTags_RemovesMatchingEffects" classname="AbilitySystem.Test.Runtime.Effects.EffectManagerTest" runstate="Runnable" seed="957296670" result="Passed" start-time="2026-04-17 22:11:52Z" end-time="2026-04-17 22:11:52Z" duration="0.001958" asserts="0">
                  <properties>
                    <property name="retryIteration" value="0" />
                    <property name="repeatIteration" value="0" />
                  </properties>
                </test-case>
                <test-case id="1050" name="EffectManagerTest_RetractPredictedEffect_FiresOnEffectRemoved" fullname="AbilitySystem.Test.Runtime.Effects.EffectManagerTest.EffectManagerTest_RetractPredictedEffect_FiresOnEffectRemoved" methodname="EffectManagerTest_RetractPredictedEffect_FiresOnEffectRemoved" classname="AbilitySystem.Test.Runtime.Effects.EffectManagerTest" runstate="Runnable" seed="609393804" result="Passed" start-time="2026-04-17 22:11:52Z" end-time="2026-04-17 22:11:52Z" duration="0.000874" asserts="0">
                  <properties>
                    <property name="retryIteration" value="0" />
                    <property name="repeatIteration" value="0" />
                  </properties>
                </test-case>
                <test-case id="1044" name="EffectManagerTest_TickAsServer_TicksEffects" fullname="AbilitySystem.Test.Runtime.Effects.EffectManagerTest.EffectManagerTest_TickAsServer_TicksEffects" methodname="EffectManagerTest_TickAsServer_TicksEffects" classname="AbilitySystem.Test.Runtime.Effects.EffectManagerTest" runstate="Runnable" seed="1537534013" result="Passed" start-time="2026-04-17 22:11:52Z" end-time="2026-04-17 22:11:52Z" duration="0.001175" asserts="0">
                  <properties>
                    <property name="retryIteration" value="0" />
                    <property name="repeatIteration" value="0" />
                  </properties>
                </test-case>
              </test-suite>
              <test-suite type="TestFixture" id="1051" name="EffectTests" fullname="AbilitySystem.Test.Runtime.Effects.EffectTests" classname="AbilitySystem.Test.Runtime.Effects.EffectTests" runstate="Runnable" testcasecount="2" result="Passed" start-time="2026-04-17 22:11:52Z" end-time="2026-04-17 22:11:52Z" duration="0.002922" total="2" passed="2" failed="0" inconclusive="0" skipped="0" asserts="0">
                <properties />
                <test-case id="1053" name="EffectTests_ApplyPredictedEffect_PlaysCuesWithPredictionFlag" fullname="AbilitySystem.Test.Runtime.Effects.EffectTests.EffectTests_ApplyPredictedEffect_PlaysCuesWithPredictionFlag" methodname="EffectTests_ApplyPredictedEffect_PlaysCuesWithPredictionFlag" classname="AbilitySystem.Test.Runtime.Effects.EffectTests" runstate="Runnable" seed="1960560392" result="Passed" start-time="2026-04-17 22:11:52Z" end-time="2026-04-17 22:11:52Z" duration="0.001410" asserts="0">
                  <properties>
                    <property name="retryIteration" value="0" />
                    <property name="repeatIteration" value="0" />
                  </properties>
                </test-case>
                <test-case id="1052" name="EffectTests_IsPredictableInstantEffect_ReturnsFalse" fullname="AbilitySystem.Test.Runtime.Effects.EffectTests.EffectTests_IsPredictableInstantEffect_ReturnsFalse" methodname="EffectTests_IsPredictableInstantEffect_ReturnsFalse" classname="AbilitySystem.Test.Runtime.Effects.EffectTests" runstate="Runnable" seed="617926572" result="Passed" start-time="2026-04-17 22:11:52Z" end-time="2026-04-17 22:11:52Z" duration="0.000778" asserts="0">
                  <properties>
                    <property name="retryIteration" value="0" />
                    <property name="repeatIteration" value="0" />
                  </properties>
                </test-case>
              </test-suite>
            </test-suite>
            <test-suite type="TestSuite" id="1107" name="Events" fullname="AbilitySystem.Test.Runtime.Events" runstate="Runnable" testcasecount="3" result="Passed" start-time="2026-04-17 22:11:52Z" end-time="2026-04-17 22:11:52Z" duration="0.003367" total="3" passed="3" failed="0" inconclusive="0" skipped="0" asserts="0">
              <properties />
              <test-suite type="TestFixture" id="1036" name="EventManagerTests" fullname="AbilitySystem.Test.Runtime.Events.EventManagerTests" classname="AbilitySystem.Test.Runtime.Events.EventManagerTests" runstate="Runnable" testcasecount="3" result="Passed" start-time="2026-04-17 22:11:52Z" end-time="2026-04-17 22:11:52Z" duration="0.003078" total="3" passed="3" failed="0" inconclusive="0" skipped="0" asserts="0">
                <properties />
                <test-case id="1037" name="EventManagerTests_TriggerEvent_EventReceived" fullname="AbilitySystem.Test.Runtime.Events.EventManagerTests.EventManagerTests_TriggerEvent_EventReceived" methodname="EventManagerTests_TriggerEvent_EventReceived" classname="AbilitySystem.Test.Runtime.Events.EventManagerTests" runstate="Runnable" seed="1129172002" result="Passed" start-time="2026-04-17 22:11:52Z" end-time="2026-04-17 22:11:52Z" duration="0.000801" asserts="0">
                  <properties>
                    <property name="retryIteration" value="0" />
                    <property name="repeatIteration" value="0" />
                  </properties>
                </test-case>
                <test-case id="1038" name="EventManagerTests_TriggerEventWithAbilitySystem_EventReceived" fullname="AbilitySystem.Test.Runtime.Events.EventManagerTests.EventManagerTests_TriggerEventWithAbilitySystem_EventReceived" methodname="EventManagerTests_TriggerEventWithAbilitySystem_EventReceived" classname="AbilitySystem.Test.Runtime.Events.EventManagerTests" runstate="Runnable" seed="2109986873" result="Passed" start-time="2026-04-17 22:11:52Z" end-time="2026-04-17 22:11:52Z" duration="0.000740" asserts="0">
                  <properties>
                    <property name="retryIteration" value="0" />
                    <property name="repeatIteration" value="0" />
                  </properties>
                </test-case>
                <test-case id="1039" name="EventManagerTests_Unsubscribe_DoesNotReceiveEvent" fullname="AbilitySystem.Test.Runtime.Events.EventManagerTests.EventManagerTests_Unsubscribe_DoesNotReceiveEvent" methodname="EventManagerTests_Unsubscribe_DoesNotReceiveEvent" classname="AbilitySystem.Test.Runtime.Events.EventManagerTests" runstate="Runnable" seed="682444339" result="Passed" start-time="2026-04-17 22:11:52Z" end-time="2026-04-17 22:11:52Z" duration="0.000818" asserts="0">
                  <properties>
                    <property name="retryIteration" value="0" />
                    <property name="repeatIteration" value="0" />
                  </properties>
                </test-case>
              </test-suite>
            </test-suite>
            <test-suite type="TestSuite" id="1106" name="Modifiers" fullname="AbilitySystem.Test.Runtime.Modifiers" runstate="Runnable" testcasecount="6" result="Passed" start-time="2026-04-17 22:11:52Z" end-time="2026-04-17 22:11:52Z" duration="0.010681" total="6" passed="6" failed="0" inconclusive="0" skipped="0" asserts="0">
              <properties />
              <test-suite type="TestFixture" id="1028" name="CostModifierTests" fullname="AbilitySystem.Test.Runtime.Modifiers.CostModifierTests" classname="AbilitySystem.Test.Runtime.Modifiers.CostModifierTests" runstate="Runnable" testcasecount="5" result="Passed" start-time="2026-04-17 22:11:52Z" end-time="2026-04-17 22:11:52Z" duration="0.009462" total="5" passed="5" failed="0" inconclusive="0" skipped="0" asserts="0">
                <properties />
                <test-case id="1032" name="CostModifierTests_CalculateWithIrrelevantEffect_ReturnsBaseCost" fullname="AbilitySystem.Test.Runtime.Modifiers.CostModifierTests.CostModifierTests_CalculateWithIrrelevantEffect_ReturnsBaseCost" methodname="CostModifierTests_CalculateWithIrrelevantEffect_ReturnsBaseCost" classname="AbilitySystem.Test.Runtime.Modifiers.CostModifierTests" runstate="Runnable" seed="194206117" result="Passed" start-time="2026-04-17 22:11:52Z" end-time="2026-04-17 22:11:52Z" duration="0.004423" asserts="0">
                  <properties>
                    <property name="retryIteration" value="0" />
                    <property name="repeatIteration" value="0" />
                  </properties>
                </test-case>
                <test-case id="1029" name="CostModifierTests_CalculateWithNoRelevantEffect_ReturnsBaseCost" fullname="AbilitySystem.Test.Runtime.Modifiers.CostModifierTests.CostModifierTests_CalculateWithNoRelevantEffect_ReturnsBaseCost" methodname="CostModifierTests_CalculateWithNoRelevantEffect_ReturnsBaseCost" classname="AbilitySystem.Test.Runtime.Modifiers.CostModifierTests" runstate="Runnable" seed="1656045450" result="Passed" start-time="2026-04-17 22:11:52Z" end-time="2026-04-17 22:11:52Z" duration="0.000878" asserts="0">
                  <properties>
                    <property name="retryIteration" value="0" />
                    <property name="repeatIteration" value="0" />
                  </properties>
                </test-case>
                <test-case id="1033" name="CostModifierTests_CalculateWithOverride_ReturnsOverridenCost" fullname="AbilitySystem.Test.Runtime.Modifiers.CostModifierTests.CostModifierTests_CalculateWithOverride_ReturnsOverridenCost" methodname="CostModifierTests_CalculateWithOverride_ReturnsOverridenCost" classname="AbilitySystem.Test.Runtime.Modifiers.CostModifierTests" runstate="Runnable" seed="487991817" result="Passed" start-time="2026-04-17 22:11:52Z" end-time="2026-04-17 22:11:52Z" duration="0.001340" asserts="0">
                  <properties>
                    <property name="retryIteration" value="0" />
                    <property name="repeatIteration" value="0" />
                  </properties>
                </test-case>
                <test-case id="1031" name="CostModifierTests_CalculateWithRelevantAncestorEffect_ReturnsModifierCost" fullname="AbilitySystem.Test.Runtime.Modifiers.CostModifierTests.CostModifierTests_CalculateWithRelevantAncestorEffect_ReturnsModifierCost" methodname="CostModifierTests_CalculateWithRelevantAncestorEffect_ReturnsModifierCost" classname="AbilitySystem.Test.Runtime.Modifiers.CostModifierTests" runstate="Runnable" seed="130170144" result="Passed" start-time="2026-04-17 22:11:52Z" end-time="2026-04-17 22:11:52Z" duration="0.000978" asserts="0">
                  <properties>
                    <property name="retryIteration" value="0" />
                    <property name="repeatIteration" value="0" />
                  </properties>
                </test-case>
                <test-case id="1030" name="CostModifierTests_CalculateWithRelevantEffect_ReturnsModifierCost" fullname="AbilitySystem.Test.Runtime.Modifiers.CostModifierTests.CostModifierTests_CalculateWithRelevantEffect_ReturnsModifierCost" methodname="CostModifierTests_CalculateWithRelevantEffect_ReturnsModifierCost" classname="AbilitySystem.Test.Runtime.Modifiers.CostModifierTests" runstate="Runnable" seed="1948799470" result="Passed" start-time="2026-04-17 22:11:52Z" end-time="2026-04-17 22:11:52Z" duration="0.001081" asserts="0">
                  <properties>
                    <property name="retryIteration" value="0" />
                    <property name="repeatIteration" value="0" />
                  </properties>
                </test-case>
              </test-suite>
              <test-suite type="TestFixture" id="1034" name="FloatModifierTests" fullname="AbilitySystem.Test.Runtime.Modifiers.FloatModifierTests" classname="AbilitySystem.Test.Runtime.Modifiers.FloatModifierTests" runstate="Runnable" testcasecount="1" result="Passed" start-time="2026-04-17 22:11:52Z" end-time="2026-04-17 22:11:52Z" duration="0.000928" total="1" passed="1" failed="0" inconclusive="0" skipped="0" asserts="0">
                <properties />
                <test-case id="1035" name="FloatModifierTests_Calculate_HasCorrectModifier" fullname="AbilitySystem.Test.Runtime.Modifiers.FloatModifierTests.FloatModifierTests_Calculate_HasCorrectModifier" methodname="FloatModifierTests_Calculate_HasCorrectModifier" classname="AbilitySystem.Test.Runtime.Modifiers.FloatModifierTests" runstate="Runnable" seed="1807888365" result="Passed" start-time="2026-04-17 22:11:52Z" end-time="2026-04-17 22:11:52Z" duration="0.000168" asserts="0">
                  <properties>
                    <property name="retryIteration" value="0" />
                    <property name="repeatIteration" value="0" />
                  </properties>
                </test-case>
              </test-suite>
            </test-suite>
            <test-suite type="TestSuite" id="1105" name="Networking" fullname="AbilitySystem.Test.Runtime.Networking" runstate="Runnable" testcasecount="11" result="Passed" start-time="2026-04-17 22:11:52Z" end-time="2026-04-17 22:11:52Z" duration="0.022235" total="11" passed="11" failed="0" inconclusive="0" skipped="0" asserts="0">
              <properties />
              <test-suite type="TestFixture" id="1014" name="PredictionKeyTest" fullname="AbilitySystem.Test.Runtime.Networking.PredictionKeyTest" classname="AbilitySystem.Test.Runtime.Networking.PredictionKeyTest" runstate="Runnable" testcasecount="5" result="Passed" start-time="2026-04-17 22:11:52Z" end-time="2026-04-17 22:11:52Z" duration="0.001418" total="5" passed="5" failed="0" inconclusive="0" skipped="0" asserts="0">
                <properties />
                <test-case id="1018" name="PredictionKeyTest_CreateDependentPredictionKey_CreatesCorrectDependency" fullname="AbilitySystem.Test.Runtime.Networking.PredictionKeyTest.PredictionKeyTest_CreateDependentPredictionKey_CreatesCorrectDependency" methodname="PredictionKeyTest_CreateDependentPredictionKey_CreatesCorrectDependency" classname="AbilitySystem.Test.Runtime.Networking.PredictionKeyTest" runstate="Runnable" seed="1815126130" result="Passed" start-time="2026-04-17 22:11:52Z" end-time="2026-04-17 22:11:52Z" duration="0.000282" asserts="0">
                  <properties>
                    <property name="retryIteration" value="0" />
                    <property name="repeatIteration" value="0" />
                  </properties>
                </test-case>
                <test-case id="1019" name="PredictionKeyTest_CreateInvalidPredictionKey_CreatedKeyIsInvalid" fullname="AbilitySystem.Test.Runtime.Networking.PredictionKeyTest.PredictionKeyTest_CreateInvalidPredictionKey_CreatedKeyIsInvalid" methodname="PredictionKeyTest_CreateInvalidPredictionKey_CreatedKeyIsInvalid" classname="AbilitySystem.Test.Runtime.Networking.PredictionKeyTest" runstate="Runnable" seed="626258668" result="Passed" start-time="2026-04-17 22:11:52Z" end-time="2026-04-17 22:11:52Z" duration="0.000125" asserts="0">
                  <properties>
                    <property name="retryIteration" value="0" />
                    <property name="repeatIteration" value="0" />
                  </properties>
                </test-case>
                <test-case id="1015" name="PredictionKeyTest_CreatePredictionKey_CreatesValidPredictionKey" fullname="AbilitySystem.Test.Runtime.Networking.PredictionKeyTest.PredictionKeyTest_CreatePredictionKey_CreatesValidPredictionKey" methodname="PredictionKeyTest_CreatePredictionKey_CreatesValidPredictionKey" classname="AbilitySystem.Test.Runtime.Networking.PredictionKeyTest" runstate="Runnable" seed="89105937" result="Passed" start-time="2026-04-17 22:11:52Z" end-time="2026-04-17 22:11:52Z" duration="0.000100" asserts="0">
                  <properties>
                    <property name="retryIteration" value="0" />
                    <property name="repeatIteration" value="0" />
                  </properties>
                </test-case>
                <test-case id="1017" name="PredictionKeyTest_CreatePredictionKey_IncrementsCorrectly" fullname="AbilitySystem.Test.Runtime.Networking.PredictionKeyTest.PredictionKeyTest_CreatePredictionKey_IncrementsCorrectly" methodname="PredictionKeyTest_CreatePredictionKey_IncrementsCorrectly" classname="AbilitySystem.Test.Runtime.Networking.PredictionKeyTest" runstate="Runnable" seed="1760025873" result="Passed" start-time="2026-04-17 22:11:52Z" end-time="2026-04-17 22:11:52Z" duration="0.000097" asserts="0">
                  <properties>
                    <property name="retryIteration" value="0" />
                    <property name="repeatIteration" value="0" />
                  </properties>
                </test-case>
                <test-case id="1016" name="PredictionKeyTest_Invalidate_InvalidatesPredictionKey" fullname="AbilitySystem.Test.Runtime.Networking.PredictionKeyTest.PredictionKeyTest_Invalidate_InvalidatesPredictionKey" methodname="PredictionKeyTest_Invalidate_InvalidatesPredictionKey" classname="AbilitySystem.Test.Runtime.Networking.PredictionKeyTest" runstate="Runnable" seed="549248374" result="Passed" start-time="2026-04-17 22:11:52Z" end-time="2026-04-17 22:11:52Z" duration="0.000100" asserts="0">
                  <properties>
                    <property name="retryIteration" value="0" />
                    <property name="repeatIteration" value="0" />
                  </properties>
                </test-case>
              </test-suite>
              <test-suite type="TestFixture" id="1020" name="ReconciliationTests" fullname="AbilitySystem.Test.Runtime.Networking.ReconciliationTests" classname="AbilitySystem.Test.Runtime.Networking.ReconciliationTests" runstate="Runnable" testcasecount="4" result="Passed" start-time="2026-04-17 22:11:52Z" end-time="2026-04-17 22:11:52Z" duration="0.015961" total="4" passed="4" failed="0" inconclusive="0" skipped="0" asserts="0">
                <properties />
                <test-case id="1024" name="Reconciliation_AttributeRollback_OnDenial" fullname="AbilitySystem.Test.Runtime.Networking.ReconciliationTests.Reconciliation_AttributeRollback_OnDenial" methodname="Reconciliation_AttributeRollback_OnDenial" classname="AbilitySystem.Test.Runtime.Networking.ReconciliationTests" runstate="Runnable" seed="2030225939" result="Passed" start-time="2026-04-17 22:11:52Z" end-time="2026-04-17 22:11:52Z" duration="0.007349" asserts="0">
                  <properties>
                    <property name="retryIteration" value="0" />
                    <property name="repeatIteration" value="0" />
                  </properties>
                </test-case>
                <test-case id="1023" name="Reconciliation_EffectReplacement_NoDuplicates" fullname="AbilitySystem.Test.Runtime.Networking.ReconciliationTests.Reconciliation_EffectReplacement_NoDuplicates" methodname="Reconciliation_EffectReplacement_NoDuplicates" classname="AbilitySystem.Test.Runtime.Networking.ReconciliationTests" runstate="Runnable" seed="2063540677" result="Passed" start-time="2026-04-17 22:11:52Z" end-time="2026-04-17 22:11:52Z" duration="0.002958" asserts="0">
                  <properties>
                    <property name="retryIteration" value="0" />
                    <property name="repeatIteration" value="0" />
                  </properties>
                </test-case>
                <test-case id="1022" name="Reconciliation_ServerDenial_ClientRollsBack" fullname="AbilitySystem.Test.Runtime.Networking.ReconciliationTests.Reconciliation_ServerDenial_ClientRollsBack" methodname="Reconciliation_ServerDenial_ClientRollsBack" classname="AbilitySystem.Test.Runtime.Networking.ReconciliationTests" runstate="Runnable" seed="399410973" result="Passed" start-time="2026-04-17 22:11:52Z" end-time="2026-04-17 22:11:52Z" duration="0.002484" asserts="0">
                  <properties>
                    <property name="retryIteration" value="0" />
                    <property name="repeatIteration" value="0" />
                  </properties>
                </test-case>
                <test-case id="1021" name="Reconciliation_SuccessfulPrediction_ServerConfirms" fullname="AbilitySystem.Test.Runtime.Networking.ReconciliationTests.Reconciliation_SuccessfulPrediction_ServerConfirms" methodname="Reconciliation_SuccessfulPrediction_ServerConfirms" classname="AbilitySystem.Test.Runtime.Networking.ReconciliationTests" runstate="Runnable" seed="332986018" result="Passed" start-time="2026-04-17 22:11:52Z" end-time="2026-04-17 22:11:52Z" duration="0.002454" asserts="0">
                  <properties>
                    <property name="retryIteration" value="0" />
                    <property name="repeatIteration" value="0" />
                  </properties>
                </test-case>
              </test-suite>
              <test-suite type="TestFixture" id="1025" name="ServerClientInteractionTests" fullname="AbilitySystem.Test.Runtime.Networking.ServerClientInteractionTests" classname="AbilitySystem.Test.Runtime.Networking.ServerClientInteractionTests" runstate="Runnable" testcasecount="2" result="Passed" start-time="2026-04-17 22:11:52Z" end-time="2026-04-17 22:11:52Z" duration="0.004504" total="2" passed="2" failed="0" inconclusive="0" skipped="0" asserts="0">
                <properties />
                <test-case id="1026" name="ServerClientInteraction_ClientTryActivateAbility_RequestsServerActivation" fullname="AbilitySystem.Test.Runtime.Networking.ServerClientInteractionTests.ServerClientInteraction_ClientTryActivateAbility_RequestsServerActivation" methodname="ServerClientInteraction_ClientTryActivateAbility_RequestsServerActivation" classname="AbilitySystem.Test.Runtime.Networking.ServerClientInteractionTests" runstate="Runnable" seed="2063307950" result="Passed" start-time="2026-04-17 22:11:52Z" end-time="2026-04-17 22:11:52Z" duration="0.001358" asserts="0">
                  <properties>
                    <property name="retryIteration" value="0" />
                    <property name="repeatIteration" value="0" />
                  </properties>
                </test-case>
                <test-case id="1027" name="ServerClientInteraction_ServerValidatesClientRequest_GrantsAndActivatesAbility" fullname="AbilitySystem.Test.Runtime.Networking.ServerClientInteractionTests.ServerClientInteraction_ServerValidatesClientRequest_GrantsAndActivatesAbility" methodname="ServerClientInteraction_ServerValidatesClientRequest_GrantsAndActivatesAbility" classname="AbilitySystem.Test.Runtime.Networking.ServerClientInteractionTests" runstate="Runnable" seed="1305050168" result="Passed" start-time="2026-04-17 22:11:52Z" end-time="2026-04-17 22:11:52Z" duration="0.002399" asserts="0">
                  <properties>
                    <property name="retryIteration" value="0" />
                    <property name="repeatIteration" value="0" />
                  </properties>
                </test-case>
              </test-suite>
            </test-suite>
          </test-suite>
        </test-suite>
      </test-suite>
    </test-suite>
    <test-suite type="Assembly" id="1117" name="CoreTests.dll" fullname="C:/Users/Anthony/Desktop/Ascended/Ascended/Library/ScriptAssemblies/CoreTests.dll" runstate="Runnable" testcasecount="3" result="Passed" start-time="2026-04-17 22:11:52Z" end-time="2026-04-17 22:11:52Z" duration="0.006514" total="3" passed="3" failed="0" inconclusive="0" skipped="0" asserts="0">
      <properties>
        <property name="_PID" value="28872" />
        <property name="_APPDOMAIN" value="Unity Child Domain" />
        <property name="platform" value="EditMode" />
        <property name="EditorOnly" value="True" />
      </properties>
      <test-suite type="TestSuite" id="1118" name="Systems" fullname="Systems" runstate="Runnable" testcasecount="3" result="Passed" start-time="2026-04-17 22:11:52Z" end-time="2026-04-17 22:11:52Z" duration="0.006213" total="3" passed="3" failed="0" inconclusive="0" skipped="0" asserts="0">
        <properties />
        <test-suite type="TestSuite" id="1119" name="Core" fullname="Systems.Core" runstate="Runnable" testcasecount="3" result="Passed" start-time="2026-04-17 22:11:52Z" end-time="2026-04-17 22:11:52Z" duration="0.006104" total="3" passed="3" failed="0" inconclusive="0" skipped="0" asserts="0">
          <properties />
          <test-suite type="TestSuite" id="1120" name="Tests" fullname="Systems.Core.Tests" runstate="Runnable" testcasecount="3" result="Passed" start-time="2026-04-17 22:11:52Z" end-time="2026-04-17 22:11:52Z" duration="0.005986" total="3" passed="3" failed="0" inconclusive="0" skipped="0" asserts="0">
            <properties />
            <test-suite type="TestFixture" id="1113" name="SettingsTests" fullname="Systems.Core.Tests.SettingsTests" classname="Systems.Core.Tests.SettingsTests" runstate="Runnable" testcasecount="3" result="Passed" start-time="2026-04-17 22:11:52Z" end-time="2026-04-17 22:11:52Z" duration="0.005844" total="3" passed="3" failed="0" inconclusive="0" skipped="0" asserts="0">
              <properties />
              <test-case id="1116" name="Settings_Reset_ClearsPreferences" fullname="Systems.Core.Tests.SettingsTests.Settings_Reset_ClearsPreferences" methodname="Settings_Reset_ClearsPreferences" classname="Systems.Core.Tests.SettingsTests" runstate="Runnable" seed="1327083879" result="Passed" start-time="2026-04-17 22:11:52Z" end-time="2026-04-17 22:11:52Z" duration="0.003335" asserts="0">
                <properties>
                  <property name="retryIteration" value="0" />
                  <property name="repeatIteration" value="0" />
                </properties>
              </test-case>
              <test-case id="1115" name="Settings_SetQuality_Persists" fullname="Systems.Core.Tests.SettingsTests.Settings_SetQuality_Persists" methodname="Settings_SetQuality_Persists" classname="Systems.Core.Tests.SettingsTests" runstate="Runnable" seed="1838940504" result="Passed" start-time="2026-04-17 22:11:52Z" end-time="2026-04-17 22:11:52Z" duration="0.001075" asserts="0">
                <properties>
                  <property name="retryIteration" value="0" />
                  <property name="repeatIteration" value="0" />
                </properties>
              </test-case>
              <test-case id="1114" name="Settings_SetVolume_PersistsAndLoads" fullname="Systems.Core.Tests.SettingsTests.Settings_SetVolume_PersistsAndLoads" methodname="Settings_SetVolume_PersistsAndLoads" classname="Systems.Core.Tests.SettingsTests" runstate="Runnable" seed="2002566455" result="Passed" start-time="2026-04-17 22:11:52Z" end-time="2026-04-17 22:11:52Z" duration="0.000757" asserts="0">
                <properties>
                  <property name="retryIteration" value="0" />
                  <property name="repeatIteration" value="0" />
                </properties>
              </test-case>
            </test-suite>
          </test-suite>
        </test-suite>
      </test-suite>
    </test-suite>
    <test-suite type="Assembly" id="1138" name="GameplayTagsTests.dll" fullname="C:/Users/Anthony/Desktop/Ascended/Ascended/Library/ScriptAssemblies/GameplayTagsTests.dll" runstate="Runnable" testcasecount="15" result="Passed" start-time="2026-04-17 22:11:52Z" end-time="2026-04-17 22:11:52Z" duration="0.007705" total="15" passed="15" failed="0" inconclusive="0" skipped="0" asserts="0">
      <properties>
        <property name="_PID" value="28872" />
        <property name="_APPDOMAIN" value="Unity Child Domain" />
        <property name="platform" value="EditMode" />
        <property name="EditorOnly" value="True" />
      </properties>
      <test-suite type="TestSuite" id="1139" name="Plugins" fullname="Plugins" runstate="Runnable" testcasecount="15" result="Passed" start-time="2026-04-17 22:11:52Z" end-time="2026-04-17 22:11:52Z" duration="0.007468" total="15" passed="15" failed="0" inconclusive="0" skipped="0" asserts="0">
        <properties />
        <test-suite type="TestSuite" id="1140" name="GameplayTags" fullname="Plugins.GameplayTags" runstate="Runnable" testcasecount="8" result="Passed" start-time="2026-04-17 22:11:52Z" end-time="2026-04-17 22:11:52Z" duration="0.003229" total="8" passed="8" failed="0" inconclusive="0" skipped="0" asserts="0">
          <properties />
          <test-suite type="TestSuite" id="1141" name="Tests" fullname="Plugins.GameplayTags.Tests" runstate="Runnable" testcasecount="8" result="Passed" start-time="2026-04-17 22:11:52Z" end-time="2026-04-17 22:11:52Z" duration="0.003129" total="8" passed="8" failed="0" inconclusive="0" skipped="0" asserts="0">
            <properties />
            <test-suite type="TestSuite" id="1142" name="Runtime" fullname="Plugins.GameplayTags.Tests.Runtime" runstate="Runnable" testcasecount="8" result="Passed" start-time="2026-04-17 22:11:52Z" end-time="2026-04-17 22:11:52Z" duration="0.003001" total="8" passed="8" failed="0" inconclusive="0" skipped="0" asserts="0">
              <properties />
              <test-suite type="TestFixture" id="1121" name="TagTest" fullname="Plugins.GameplayTags.Tests.Runtime.TagTest" classname="Plugins.GameplayTags.Tests.Runtime.TagTest" runstate="Runnable" testcasecount="8" result="Passed" start-time="2026-04-17 22:11:52Z" end-time="2026-04-17 22:11:52Z" duration="0.002820" total="8" passed="8" failed="0" inconclusive="0" skipped="0" asserts="0">
                <properties />
                <test-case id="1122" name="TagTest_CreateGameplayTag_HasCorrectValues" fullname="Plugins.GameplayTags.Tests.Runtime.TagTest.TagTest_CreateGameplayTag_HasCorrectValues" methodname="TagTest_CreateGameplayTag_HasCorrectValues" classname="Plugins.GameplayTags.Tests.Runtime.TagTest" runstate="Runnable" seed="782086493" result="Passed" start-time="2026-04-17 22:11:52Z" end-time="2026-04-17 22:11:52Z" duration="0.000725" asserts="0">
                  <properties>
                    <property name="retryIteration" value="0" />
                    <property name="repeatIteration" value="0" />
                  </properties>
                </test-case>
                <test-case id="1124" name="TagTest_GetHashCode_ReturnsTagHashCode" fullname="Plugins.GameplayTags.Tests.Runtime.TagTest.TagTest_GetHashCode_ReturnsTagHashCode" methodname="TagTest_GetHashCode_ReturnsTagHashCode" classname="Plugins.GameplayTags.Tests.Runtime.TagTest" runstate="Runnable" seed="360424945" result="Passed" start-time="2026-04-17 22:11:52Z" end-time="2026-04-17 22:11:52Z" duration="0.000122" asserts="0">
                  <properties>
                    <property name="retryIteration" value="0" />
[...]
          <properties />
          <failure>
            <message><![CDATA[One or more child tests had errors]]></message>
          </failure>
          <test-suite type="TestSuite" id="1162" name="Tests" fullname="Systems.Item.Tests" runstate="Runnable" testcasecount="11" result="Failed" site="Child" start-time="2026-04-17 22:11:52Z" end-time="2026-04-17 22:11:52Z" duration="0.027027" total="11" passed="6" failed="5" inconclusive="0" skipped="0" asserts="0">
            <properties />
            <failure>
              <message><![CDATA[One or more child tests had errors]]></message>
            </failure>
            <test-suite type="TestFixture" id="1146" name="EquipmentTests" fullname="Systems.Item.Tests.EquipmentTests" classname="Systems.Item.Tests.EquipmentTests" runstate="Runnable" testcasecount="4" result="Failed" site="Child" start-time="2026-04-17 22:11:52Z" end-time="2026-04-17 22:11:52Z" duration="0.019235" total="4" passed="2" failed="2" inconclusive="0" skipped="0" asserts="0">
              <properties />
              <failure>
                <message><![CDATA[One or more child tests had errors]]></message>
              </failure>
              <test-case id="1150" name="Equipment_CanUpgrade_ReturnsCorrectValue" fullname="Systems.Item.Tests.EquipmentTests.Equipment_CanUpgrade_ReturnsCorrectValue" methodname="Equipment_CanUpgrade_ReturnsCorrectValue" classname="Systems.Item.Tests.EquipmentTests" runstate="Runnable" seed="808739721" result="Failed" start-time="2026-04-17 22:11:52Z" end-time="2026-04-17 22:11:52Z" duration="0.010225" asserts="0">
                <properties>
                  <property name="retryIteration" value="0" />
                  <property name="repeatIteration" value="0" />
                </properties>
                <failure>
                  <message><![CDATA[  Expected: True
  But was:  False
]]></message>
                  <stack-trace><![CDATA[at Systems.Item.Tests.EquipmentTests.Equipment_CanUpgrade_ReturnsCorrectValue () [0x00106] in C:\Users\Anthony\Desktop\Ascended\Ascended\Assets\Systems\Item\Tests\Runtime\EquipmentTests.cs:105
]]></stack-trace>
                </failure>
              </test-case>
              <test-case id="1147" name="Equipment_EquipItem_UpdatesSlotAndFiresEvent" fullname="Systems.Item.Tests.EquipmentTests.Equipment_EquipItem_UpdatesSlotAndFiresEvent" methodname="Equipment_EquipItem_UpdatesSlotAndFiresEvent" classname="Systems.Item.Tests.EquipmentTests" runstate="Runnable" seed="1585230164" result="Passed" start-time="2026-04-17 22:11:52Z" end-time="2026-04-17 22:11:52Z" duration="0.003830" asserts="0">
                <properties>
                  <property name="retryIteration" value="0" />
                  <property name="repeatIteration" value="0" />
                </properties>
              </test-case>
              <test-case id="1148" name="Equipment_UnequipItem_ClearsSlot" fullname="Systems.Item.Tests.EquipmentTests.Equipment_UnequipItem_ClearsSlot" methodname="Equipment_UnequipItem_ClearsSlot" classname="Systems.Item.Tests.EquipmentTests" runstate="Runnable" seed="594152729" result="Passed" start-time="2026-04-17 22:11:52Z" end-time="2026-04-17 22:11:52Z" duration="0.002057" asserts="0">
                <properties>
                  <property name="retryIteration" value="0" />
                  <property name="repeatIteration" value="0" />
                </properties>
              </test-case>
              <test-case id="1149" name="Equipment_Upgrade_IncrementsLevelAndConsumesItems" fullname="Systems.Item.Tests.EquipmentTests.Equipment_Upgrade_IncrementsLevelAndConsumesItems" methodname="Equipment_Upgrade_IncrementsLevelAndConsumesItems" classname="Systems.Item.Tests.EquipmentTests" runstate="Runnable" seed="1996264027" result="Failed" start-time="2026-04-17 22:11:52Z" end-time="2026-04-17 22:11:52Z" duration="0.002353" asserts="0">
                <properties>
                  <property name="retryIteration" value="0" />
                  <property name="repeatIteration" value="0" />
                </properties>
                <failure>
                  <message><![CDATA[  Expected: 2
  But was:  1
]]></message>
                  <stack-trace><![CDATA[at Systems.Item.Tests.EquipmentTests.Equipment_Upgrade_IncrementsLevelAndConsumesItems () [0x00107] in C:\Users\Anthony\Desktop\Ascended\Ascended\Assets\Systems\Item\Tests\Runtime\EquipmentTests.cs:83
]]></stack-trace>
                </failure>
              </test-case>
            </test-suite>
            <test-suite type="TestFixture" id="1151" name="InventoryTests" fullname="Systems.Item.Tests.InventoryTests" classname="Systems.Item.Tests.InventoryTests" runstate="Runnable" testcasecount="7" result="Failed" site="Child" start-time="2026-04-17 22:11:52Z" end-time="2026-04-17 22:11:52Z" duration="0.007542" total="7" passed="4" failed="3" inconclusive="0" skipped="0" asserts="0">
              <properties />
              <failure>
                <message><![CDATA[One or more child tests had errors]]></message>
              </failure>
              <test-case id="1155" name="InventoryTests_AddItem_FiresEvent" fullname="Systems.Item.Tests.InventoryTests.InventoryTests_AddItem_FiresEvent" methodname="InventoryTests_AddItem_FiresEvent" classname="Systems.Item.Tests.InventoryTests" runstate="Runnable" seed="340613260" result="Passed" start-time="2026-04-17 22:11:52Z" end-time="2026-04-17 22:11:52Z" duration="0.002086" asserts="0">
                <properties>
                  <property name="retryIteration" value="0" />
                  <property name="repeatIteration" value="0" />
                </properties>
              </test-case>
              <test-case id="1158" name="InventoryTests_ConsumeItems_RemovesCorrectItems" fullname="Systems.Item.Tests.InventoryTests.InventoryTests_ConsumeItems_RemovesCorrectItems" methodname="InventoryTests_ConsumeItems_RemovesCorrectItems" classname="Systems.Item.Tests.InventoryTests" runstate="Runnable" seed="1325544434" result="Failed" start-time="2026-04-17 22:11:52Z" end-time="2026-04-17 22:11:52Z" duration="0.001415" asserts="0">
                <properties>
                  <property name="retryIteration" value="0" />
                  <property name="repeatIteration" value="0" />
                </properties>
                <failure>
                  <message><![CDATA[  Expected: 1
  But was:  0
]]></message>
                  <stack-trace><![CDATA[at Systems.Item.Tests.InventoryTests.InventoryTests_ConsumeItems_RemovesCorrectItems () [0x0004a] in C:\Users\Anthony\Desktop\Ascended\Ascended\Assets\Systems\Item\Tests\Runtime\InventoryTests.cs:126
]]></stack-trace>
                </failure>
              </test-case>
              <test-case id="1156" name="InventoryTests_HasItemQuantity_ReturnsCorrectValue" fullname="Systems.Item.Tests.InventoryTests.InventoryTests_HasItemQuantity_ReturnsCorrectValue" methodname="InventoryTests_HasItemQuantity_ReturnsCorrectValue" classname="Systems.Item.Tests.InventoryTests" runstate="Runnable" seed="2099077883" result="Failed" start-time="2026-04-17 22:11:52Z" end-time="2026-04-17 22:11:52Z" duration="0.000573" asserts="0">
                <properties>
                  <property name="retryIteration" value="0" />
                  <property name="repeatIteration" value="0" />
                </properties>
                <failure>
                  <message><![CDATA[  Expected: True
  But was:  False
]]></message>
                  <stack-trace><![CDATA[at Systems.Item.Tests.InventoryTests.InventoryTests_HasItemQuantity_ReturnsCorrectValue () [0x0002f] in C:\Users\Anthony\Desktop\Ascended\Ascended\Assets\Systems\Item\Tests\Runtime\InventoryTests.cs:83
]]></stack-trace>
                </failure>
              </test-case>
              <test-case id="1157" name="InventoryTests_HasItems_ReturnsCorrectValue" fullname="Systems.Item.Tests.InventoryTests.InventoryTests_HasItems_ReturnsCorrectValue" methodname="InventoryTests_HasItems_ReturnsCorrectValue" classname="Systems.Item.Tests.InventoryTests" runstate="Runnable" seed="1735489929" result="Failed" start-time="2026-04-17 22:11:52Z" end-time="2026-04-17 22:11:52Z" duration="0.000441" asserts="0">
                <properties>
                  <property name="retryIteration" value="0" />
                  <property name="repeatIteration" value="0" />
                </properties>
                <failure>
                  <message><![CDATA[  Expected: True
  But was:  False
]]></message>
                  <stack-trace><![CDATA[at Systems.Item.Tests.InventoryTests.InventoryTests_HasItems_ReturnsCorrectValue () [0x0003b] in C:\Users\Anthony\Desktop\Ascended\Ascended\Assets\Systems\Item\Tests\Runtime\InventoryTests.cs:102
]]></stack-trace>
                </failure>
              </test-case>
              <test-case id="1154" name="InventoryTests_RemoveItem_ItemIsRemoved" fullname="Systems.Item.Tests.InventoryTests.InventoryTests_RemoveItem_ItemIsRemoved" methodname="InventoryTests_RemoveItem_ItemIsRemoved" classname="Systems.Item.Tests.InventoryTests" runstate="Runnable" seed="1904737689" result="Passed" start-time="2026-04-17 22:11:52Z" end-time="2026-04-17 22:11:52Z" duration="0.000564" asserts="0">
                <properties>
                  <property name="retryIteration" value="0" />
                  <property name="repeatIteration" value="0" />
                </properties>
              </test-case>
              <test-case id="1152" name="InventoryTests_ServerAddItem_ItemIsAddedOnServer" fullname="Systems.Item.Tests.InventoryTests.InventoryTests_ServerAddItem_ItemIsAddedOnServer" methodname="InventoryTests_ServerAddItem_ItemIsAddedOnServer" classname="Systems.Item.Tests.InventoryTests" runstate="Runnable" seed="217332433" result="Passed" start-time="2026-04-17 22:11:52Z" end-time="2026-04-17 22:11:52Z" duration="0.000709" asserts="0">
                <properties>
                  <property name="retryIteration" value="0" />
                  <property name="repeatIteration" value="0" />
                </properties>
              </test-case>
              <test-case id="1153" name="InventoryTests_ServerAddItem_OwnerIsNotifiedOfItemAddition" fullname="Systems.Item.Tests.InventoryTests.InventoryTests_ServerAddItem_OwnerIsNotifiedOfItemAddition" methodname="InventoryTests_ServerAddItem_OwnerIsNotifiedOfItemAddition" classname="Systems.Item.Tests.InventoryTests" runstate="Runnable" seed="1977414784" result="Passed" start-time="2026-04-17 22:11:52Z" end-time="2026-04-17 22:11:52Z" duration="0.000495" asserts="0">
                <properties>
                  <property name="retryIteration" value="0" />
                  <property name="repeatIteration" value="0" />
                </properties>
              </test-case>
            </test-suite>
          </test-suite>
        </test-suite>
      </test-suite>
    </test-suite>
    <test-suite type="Assembly" id="1171" name="ScalableFloatTest.dll" fullname="C:/Users/Anthony/Desktop/Ascended/Ascended/Library/ScriptAssemblies/ScalableFloatTest.dll" runstate="Runnable" testcasecount="7" result="Passed" start-time="2026-04-17 22:11:52Z" end-time="2026-04-17 22:11:52Z" duration="0.002631" total="7" passed="7" failed="0" inconclusive="0" skipped="0" asserts="0">
      <properties>
        <property name="_PID" value="28872" />
        <property name="_APPDOMAIN" value="Unity Child Domain" />
        <property name="platform" value="EditMode" />
        <property name="EditorOnly" value="True" />
      </properties>
      <test-suite type="TestSuite" id="1172" name="ScalableFloat" fullname="ScalableFloat" runstate="Runnable" testcasecount="7" result="Passed" start-time="2026-04-17 22:11:52Z" end-time="2026-04-17 22:11:52Z" duration="0.002295" total="7" passed="7" failed="0" inconclusive="0" skipped="0" asserts="0">
        <properties />
        <test-suite type="TestSuite" id="1173" name="Test" fullname="ScalableFloat.Test" runstate="Runnable" testcasecount="7" result="Passed" start-time="2026-04-17 22:11:52Z" end-time="2026-04-17 22:11:52Z" duration="0.002158" total="7" passed="7" failed="0" inconclusive="0" skipped="0" asserts="0">
          <properties />
          <test-suite type="TestFixture" id="1163" name="ScalableFloatTest" fullname="ScalableFloat.Test.ScalableFloatTest" classname="ScalableFloat.Test.ScalableFloatTest" runstate="Runnable" testcasecount="7" result="Passed" start-time="2026-04-17 22:11:52Z" end-time="2026-04-17 22:11:52Z" duration="0.001996" total="7" passed="7" failed="0" inconclusive="0" skipped="0" asserts="0">
            <properties />
            <test-case id="1169" name="Evaluate_WithDifferentBaseValue_ReturnsCorrectlyScaledValue" fullname="ScalableFloat.Test.ScalableFloatTest.Evaluate_WithDifferentBaseValue_ReturnsCorrectlyScaledValue" methodname="Evaluate_WithDifferentBaseValue_ReturnsCorrectlyScaledValue" classname="ScalableFloat.Test.ScalableFloatTest" runstate="Runnable" seed="423633342" result="Passed" start-time="2026-04-17 22:11:52Z" end-time="2026-04-17 22:11:52Z" duration="0.000319" asserts="0">
              <properties>
                <property name="retryIteration" value="0" />
                <property name="repeatIteration" value="0" />
              </properties>
            </test-case>
            <test-case id="1170" name="Evaluate_WithDifferentCurve_ReturnsCorrectValue" fullname="ScalableFloat.Test.ScalableFloatTest.Evaluate_WithDifferentCurve_ReturnsCorrectValue" methodname="Evaluate_WithDifferentCurve_ReturnsCorrectValue" classname="ScalableFloat.Test.ScalableFloatTest" runstate="Runnable" seed="683925077" result="Passed" start-time="2026-04-17 22:11:52Z" end-time="2026-04-17 22:11:52Z" duration="0.000176" asserts="0">
              <properties>
                <property name="retryIteration" value="0" />
                <property name="repeatIteration" value="0" />
              </properties>
            </test-case>
            <test-case id="1166" name="Evaluate_WithValueBetweenZeroAndOne_ReturnsCorrectValue" fullname="ScalableFloat.Test.ScalableFloatTest.Evaluate_WithValueBetweenZeroAndOne_ReturnsCorrectValue" methodname="Evaluate_WithValueBetweenZeroAndOne_ReturnsCorrectValue" classname="ScalableFloat.Test.ScalableFloatTest" runstate="Runnable" seed="2033559866" result="Passed" start-time="2026-04-17 22:11:52Z" end-time="2026-04-17 22:11:52Z" duration="0.000116" asserts="0">
              <properties>
                <property name="retryIteration" value="0" />
                <property name="repeatIteration" value="0" />
              </properties>
            </test-case>
            <test-case id="1168" name="Evaluate_WithValueGreaterThanOne_ClampsToOne" fullname="ScalableFloat.Test.ScalableFloatTest.Evaluate_WithValueGreaterThanOne_ClampsToOne" methodname="Evaluate_WithValueGreaterThanOne_ClampsToOne" classname="ScalableFloat.Test.ScalableFloatTest" runstate="Runnable" seed="2076690728" result="Passed" start-time="2026-04-17 22:11:52Z" end-time="2026-04-17 22:11:52Z" duration="0.000111" asserts="0">
              <properties>
                <property name="retryIteration" value="0" />
                <property name="repeatIteration" value="0" />
              </properties>
            </test-case>
            <test-case id="1167" name="Evaluate_WithValueLessThanZero_ClampsToZero" fullname="ScalableFloat.Test.ScalableFloatTest.Evaluate_WithValueLessThanZero_ClampsToZero" methodname="Evaluate_WithValueLessThanZero_ClampsToZero" classname="ScalableFloat.Test.ScalableFloatTest" runstate="Runnable" seed="35823636" result="Passed" start-time="2026-04-17 22:11:52Z" end-time="2026-04-17 22:11:52Z" duration="0.000112" asserts="0">
              <properties>
                <property name="retryIteration" value="0" />
                <property name="repeatIteration" value="0" />
              </properties>
            </test-case>
            <test-case id="1165" name="Evaluate_WithValueOne_ReturnsCorrectValue" fullname="ScalableFloat.Test.ScalableFloatTest.Evaluate_WithValueOne_ReturnsCorrectValue" methodname="Evaluate_WithValueOne_ReturnsCorrectValue" classname="ScalableFloat.Test.ScalableFloatTest" runstate="Runnable" seed="2138975020" result="Passed" start-time="2026-04-17 22:11:52Z" end-time="2026-04-17 22:11:52Z" duration="0.000109" asserts="0">
              <properties>
                <property name="retryIteration" value="0" />
                <property name="repeatIteration" value="0" />
              </properties>
            </test-case>
            <test-case id="1164" name="Evaluate_WithValueZero_ReturnsCorrectValue" fullname="ScalableFloat.Test.ScalableFloatTest.Evaluate_WithValueZero_ReturnsCorrectValue" methodname="Evaluate_WithValueZero_ReturnsCorrectValue" classname="ScalableFloat.Test.ScalableFloatTest" runstate="Runnable" seed="1612832370" result="Passed" start-time="2026-04-17 22:11:52Z" end-time="2026-04-17 22:11:52Z" duration="0.000110" asserts="0">
              <properties>
                <property name="retryIteration" value="0" />
                <property name="repeatIteration" value="0" />
              </properties>
            </test-case>
          </test-suite>
        </test-suite>
      </test-suite>
    </test-suite>
    <test-suite type="Assembly" id="1176" name="Unity.Addressables.DocExampleCode.Editor.Tests.dll" fullname="C:/Users/Anthony/Desktop/Ascended/Ascended/Library/ScriptAssemblies/Unity.Addressables.DocExampleCode.Editor.Tests.dll" runstate="Runnable" testcasecount="1" result="Passed" start-time="2026-04-17 22:11:52Z" end-time="2026-04-17 22:11:52Z" duration="0.000954" total="1" passed="1" failed="0" inconclusive="0" skipped="0" asserts="0">
      <properties>
        <property name="_PID" value="28872" />
        <property name="_APPDOMAIN" value="Unity Child Domain" />
        <property name="platform" value="EditMode" />
        <property name="EditorOnly" value="True" />
      </properties>
      <test-suite type="TestSuite" id="1177" name="AddressableAssets" fullname="AddressableAssets" runstate="Runnable" testcasecount="1" result="Passed" start-time="2026-04-17 22:11:52Z" end-time="2026-04-17 22:11:52Z" duration="0.000726" total="1" passed="1" failed="0" inconclusive="0" skipped="0" asserts="0">
        <properties />
        <test-suite type="TestSuite" id="1178" name="DocExampleCode" fullname="AddressableAssets.DocExampleCode" runstate="Runnable" testcasecount="1" result="Passed" start-time="2026-04-17 22:11:52Z" end-time="2026-04-17 22:11:52Z" duration="0.000601" total="1" passed="1" failed="0" inconclusive="0" skipped="0" asserts="0">
          <properties />
          <test-suite type="TestFixture" id="1174" name="TestStub" fullname="AddressableAssets.DocExampleCode.TestStub" classname="AddressableAssets.DocExampleCode.TestStub" runstate="Runnable" testcasecount="1" result="Passed" start-time="2026-04-17 22:11:52Z" end-time="2026-04-17 22:11:52Z" duration="0.000467" total="1" passed="1" failed="0" inconclusive="0" skipped="0" asserts="0">
            <properties />
            <test-case id="1175" name="RequiredTest" fullname="AddressableAssets.DocExampleCode.TestStub.RequiredTest" methodname="RequiredTest" classname="AddressableAssets.DocExampleCode.TestStub" runstate="Runnable" seed="886972527" result="Passed" start-time="2026-04-17 22:11:52Z" end-time="2026-04-17 22:11:52Z" duration="0.000076" asserts="0">
              <properties>
                <property name="retryIteration" value="0" />
                <property name="repeatIteration" value="0" />
              </properties>
              <output><![CDATA[Saving results to: C:/Users/Anthony/AppData/LocalLow/DefaultCompany/Ascended\TestResults.xml
Saving results to: C:/Users/Anthony/AppData/LocalLow/DefaultCompany/Ascended\TestResults.xml
]]></output>
            </test-case>
          </test-suite>
        </test-suite>
      </test-suite>
    </test-suite>
  </test-suite>
</test-run>