<?xml version="1.0" encoding="utf-8"?>
<test-run id="2" testcasecount="95" result="Passed" total="95" passed="95" failed="0" inconclusive="0" skipped="0" asserts="0" engine-version="3.5.0.0" clr-version="4.0.30319.42000" start-time="2026-04-17 14:48:52Z" end-time="2026-04-17 14:48:53Z" duration="0.247951">
  <test-suite type="TestSuite" id="1000" name="Ascended" fullname="Ascended" runstate="Runnable" testcasecount="95" result="Passed" start-time="2026-04-17 14:48:52Z" end-time="2026-04-17 14:48:53Z" duration="0.247951" total="95" passed="95" failed="0" inconclusive="0" skipped="0" asserts="0">
    <properties>
      <property name="platform" value="EditMode" />
    </properties>
    <test-suite type="Assembly" id="1007" name="AbilityGraphTests.dll" fullname="C:/Users/Anthony/Desktop/Ascended/Ascended/Library/ScriptAssemblies/AbilityGraphTests.dll" runstate="Runnable" testcasecount="4" result="Passed" start-time="2026-04-17 14:48:52Z" end-time="2026-04-17 14:48:53Z" duration="0.102283" total="4" passed="4" failed="0" inconclusive="0" skipped="0" asserts="0">
      <properties>
        <property name="_PID" value="25748" />
        <property name="_APPDOMAIN" value="Unity Child Domain" />
        <property name="platform" value="EditMode" />
        <property name="EditorOnly" value="True" />
      </properties>
      <test-suite type="TestSuite" id="1008" name="AbilityGraph" fullname="AbilityGraph" runstate="Runnable" testcasecount="4" result="Passed" start-time="2026-04-17 14:48:52Z" end-time="2026-04-17 14:48:53Z" duration="0.102022" total="4" passed="4" failed="0" inconclusive="0" skipped="0" asserts="0">
        <properties />
        <test-suite type="TestSuite" id="1009" name="Tests" fullname="AbilityGraph.Tests" runstate="Runnable" testcasecount="4" result="Passed" start-time="2026-04-17 14:48:52Z" end-time="2026-04-17 14:48:53Z" duration="0.101924" total="4" passed="4" failed="0" inconclusive="0" skipped="0" asserts="0">
          <properties />
          <test-suite type="TestSuite" id="1010" name="Runtime" fullname="AbilityGraph.Tests.Runtime" runstate="Runnable" testcasecount="4" result="Passed" start-time="2026-04-17 14:48:52Z" end-time="2026-04-17 14:48:53Z" duration="0.101826" total="4" passed="4" failed="0" inconclusive="0" skipped="0" asserts="0">
            <properties />
            <test-suite type="TestSuite" id="1011" name="Nodes" fullname="AbilityGraph.Tests.Runtime.Nodes" runstate="Runnable" testcasecount="4" result="Passed" start-time="2026-04-17 14:48:52Z" end-time="2026-04-17 14:48:53Z" duration="0.101713" total="4" passed="4" failed="0" inconclusive="0" skipped="0" asserts="0">
              <properties />
              <test-suite type="TestSuite" id="1013" name="Logic" fullname="AbilityGraph.Tests.Runtime.Nodes.Logic" runstate="Runnable" testcasecount="2" result="Passed" start-time="2026-04-17 14:48:52Z" end-time="2026-04-17 14:48:53Z" duration="0.097917" total="2" passed="2" failed="0" inconclusive="0" skipped="0" asserts="0">
                <properties />
                <test-suite type="TestFixture" id="1004" name="BranchNodeTests" fullname="AbilityGraph.Tests.Runtime.Nodes.Logic.BranchNodeTests" classname="AbilityGraph.Tests.Runtime.Nodes.Logic.BranchNodeTests" runstate="Runnable" testcasecount="2" result="Passed" start-time="2026-04-17 14:48:52Z" end-time="2026-04-17 14:48:53Z" duration="0.097128" total="2" passed="2" failed="0" inconclusive="0" skipped="0" asserts="0">
                  <properties />
                  <test-case id="1006" name="GetExecutedNodes_ConditionIsFalse_ReturnsFalsePathNode" fullname="AbilityGraph.Tests.Runtime.Nodes.Logic.BranchNodeTests.GetExecutedNodes_ConditionIsFalse_ReturnsFalsePathNode" methodname="GetExecutedNodes_ConditionIsFalse_ReturnsFalsePathNode" classname="AbilityGraph.Tests.Runtime.Nodes.Logic.BranchNodeTests" runstate="Runnable" seed="62573210" result="Passed" start-time="2026-04-17 14:48:52Z" end-time="2026-04-17 14:48:53Z" duration="0.083300" asserts="0">
                    <properties>
                      <property name="retryIteration" value="0" />
                      <property name="repeatIteration" value="0" />
                    </properties>
                  </test-case>
                  <test-case id="1005" name="GetExecutedNodes_ConditionIsTrue_ReturnsTruePathNode" fullname="AbilityGraph.Tests.Runtime.Nodes.Logic.BranchNodeTests.GetExecutedNodes_ConditionIsTrue_ReturnsTruePathNode" methodname="GetExecutedNodes_ConditionIsTrue_ReturnsTruePathNode" classname="AbilityGraph.Tests.Runtime.Nodes.Logic.BranchNodeTests" runstate="Runnable" seed="997007558" result="Passed" start-time="2026-04-17 14:48:53Z" end-time="2026-04-17 14:48:53Z" duration="0.001138" asserts="0">
                    <properties>
                      <property name="retryIteration" value="0" />
                      <property name="repeatIteration" value="0" />
                    </properties>
                  </test-case>
                </test-suite>
              </test-suite>
              <test-suite type="TestSuite" id="1012" name="Primitives" fullname="AbilityGraph.Tests.Runtime.Nodes.Primitives" runstate="Runnable" testcasecount="2" result="Passed" start-time="2026-04-17 14:48:53Z" end-time="2026-04-17 14:48:53Z" duration="0.003603" total="2" passed="2" failed="0" inconclusive="0" skipped="0" asserts="0">
                <properties />
                <test-suite type="TestFixture" id="1001" name="PrimitivesNodesTests" fullname="AbilityGraph.Tests.Runtime.Nodes.Primitives.PrimitivesNodesTests" classname="AbilityGraph.Tests.Runtime.Nodes.Primitives.PrimitivesNodesTests" runstate="Runnable" testcasecount="2" result="Passed" start-time="2026-04-17 14:48:53Z" end-time="2026-04-17 14:48:53Z" duration="0.002840" total="2" passed="2" failed="0" inconclusive="0" skipped="0" asserts="0">
                  <properties />
                  <test-case id="1002" name="PrimitiveNodeTest_FloatNode_OutputIsEqualToInput" fullname="AbilityGraph.Tests.Runtime.Nodes.Primitives.PrimitivesNodesTests.PrimitiveNodeTest_FloatNode_OutputIsEqualToInput" methodname="PrimitiveNodeTest_FloatNode_OutputIsEqualToInput" classname="AbilityGraph.Tests.Runtime.Nodes.Primitives.PrimitivesNodesTests" runstate="Runnable" seed="2067486680" result="Passed" start-time="2026-04-17 14:48:53Z" end-time="2026-04-17 14:48:53Z" duration="0.001602" asserts="0">
                    <properties>
                      <property name="retryIteration" value="0" />
                      <property name="repeatIteration" value="0" />
                    </properties>
                  </test-case>
                  <test-case id="1003" name="PrimitiveNodeTest_IntNode_OutputIsEqualToInput" fullname="AbilityGraph.Tests.Runtime.Nodes.Primitives.PrimitivesNodesTests.PrimitiveNodeTest_IntNode_OutputIsEqualToInput" methodname="PrimitiveNodeTest_IntNode_OutputIsEqualToInput" classname="AbilityGraph.Tests.Runtime.Nodes.Primitives.PrimitivesNodesTests" runstate="Runnable" seed="1019556999" result="Passed" start-time="2026-04-17 14:48:53Z" end-time="2026-04-17 14:48:53Z" duration="0.000594" asserts="0">
                    <properties>
                      <property name="retryIteration" value="0" />
                      <property name="repeatIteration" value="0" />
                    </properties>
                  </test-case>
                </test-suite>
              </test-suite>
            </test-suite>
          </test-suite>
        </test-suite>
      </test-suite>
    </test-suite>
    <test-suite type="Assembly" id="1096" name="AbilitySystemTests.dll" fullname="C:/Users/Anthony/Desktop/Ascended/Ascended/Library/ScriptAssemblies/AbilitySystemTests.dll" runstate="Runnable" testcasecount="66" result="Passed" start-time="2026-04-17 14:48:53Z" end-time="2026-04-17 14:48:53Z" duration="0.124097" total="66" passed="66" failed="0" inconclusive="0" skipped="0" asserts="0">
      <properties>
        <property name="_PID" value="25748" />
        <property name="_APPDOMAIN" value="Unity Child Domain" />
        <property name="platform" value="EditMode" />
        <property name="EditorOnly" value="True" />
      </properties>
      <test-suite type="TestSuite" id="1097" name="AbilitySystem" fullname="AbilitySystem" runstate="Runnable" testcasecount="66" result="Passed" start-time="2026-04-17 14:48:53Z" end-time="2026-04-17 14:48:53Z" duration="0.123848" total="66" passed="66" failed="0" inconclusive="0" skipped="0" asserts="0">
        <properties />
        <test-suite type="TestSuite" id="1098" name="Test" fullname="AbilitySystem.Test" runstate="Runnable" testcasecount="66" result="Passed" start-time="2026-04-17 14:48:53Z" end-time="2026-04-17 14:48:53Z" duration="0.123728" total="66" passed="66" failed="0" inconclusive="0" skipped="0" asserts="0">
          <properties />
          <test-suite type="TestSuite" id="1099" name="Runtime" fullname="AbilitySystem.Test.Runtime" runstate="Runnable" testcasecount="66" result="Passed" start-time="2026-04-17 14:48:53Z" end-time="2026-04-17 14:48:53Z" duration="0.123587" total="66" passed="66" failed="0" inconclusive="0" skipped="0" asserts="0">
            <properties />
            <test-suite type="TestSuite" id="1107" name="Abilities" fullname="AbilitySystem.Test.Runtime.Abilities" runstate="Runnable" testcasecount="16" result="Passed" start-time="2026-04-17 14:48:53Z" end-time="2026-04-17 14:48:53Z" duration="0.065201" total="16" passed="16" failed="0" inconclusive="0" skipped="0" asserts="0">
              <properties />
              <test-suite type="TestFixture" id="1076" name="AbilitiesCooldownTests" fullname="AbilitySystem.Test.Runtime.Abilities.AbilitiesCooldownTests" classname="AbilitySystem.Test.Runtime.Abilities.AbilitiesCooldownTests" runstate="Runnable" testcasecount="3" result="Passed" start-time="2026-04-17 14:48:53Z" end-time="2026-04-17 14:48:53Z" duration="0.036138" total="3" passed="3" failed="0" inconclusive="0" skipped="0" asserts="0">
                <properties />
                <test-case id="1079" name="AbilitiesCooldownTests_CooldownElapsed_CanBeActivated" fullname="AbilitySystem.Test.Runtime.Abilities.AbilitiesCooldownTests.AbilitiesCooldownTests_CooldownElapsed_CanBeActivated" methodname="AbilitiesCooldownTests_CooldownElapsed_CanBeActivated" classname="AbilitySystem.Test.Runtime.Abilities.AbilitiesCooldownTests" runstate="Runnable" seed="806839213" result="Passed" start-time="2026-04-17 14:48:53Z" end-time="2026-04-17 14:48:53Z" duration="0.032836" asserts="0">
                  <properties>
                    <property name="retryIteration" value="0" />
                    <property name="repeatIteration" value="0" />
                  </properties>
                </test-case>
                <test-case id="1077" name="AbilitiesCooldownTests_HasCooldown_TriggersCooldown" fullname="AbilitySystem.Test.Runtime.Abilities.AbilitiesCooldownTests.AbilitiesCooldownTests_HasCooldown_TriggersCooldown" methodname="AbilitiesCooldownTests_HasCooldown_TriggersCooldown" classname="AbilitySystem.Test.Runtime.Abilities.AbilitiesCooldownTests" runstate="Runnable" seed="1638883540" result="Passed" start-time="2026-04-17 14:48:53Z" end-time="2026-04-17 14:48:53Z" duration="0.001484" asserts="0">
                  <properties>
                    <property name="retryIteration" value="0" />
                    <property name="repeatIteration" value="0" />
                  </properties>
                </test-case>
                <test-case id="1078" name="AbilitiesCooldownTests_OnCooldown_CantBeActivated" fullname="AbilitySystem.Test.Runtime.Abilities.AbilitiesCooldownTests.AbilitiesCooldownTests_OnCooldown_CantBeActivated" methodname="AbilitiesCooldownTests_OnCooldown_CantBeActivated" classname="AbilitySystem.Test.Runtime.Abilities.AbilitiesCooldownTests" runstate="Runnable" seed="209995030" result="Passed" start-time="2026-04-17 14:48:53Z" end-time="2026-04-17 14:48:53Z" duration="0.001036" asserts="0">
                  <properties>
                    <property name="retryIteration" value="0" />
                    <property name="repeatIteration" value="0" />
                  </properties>
                </test-case>
              </test-suite>
              <test-suite type="TestFixture" id="1080" name="AbilityActivationTests" fullname="AbilitySystem.Test.Runtime.Abilities.AbilityActivationTests" classname="AbilitySystem.Test.Runtime.Abilities.AbilityActivationTests" runstate="Runnable" testcasecount="1" result="Passed" start-time="2026-04-17 14:48:53Z" end-time="2026-04-17 14:48:53Z" duration="0.003495" total="1" passed="1" failed="0" inconclusive="0" skipped="0" asserts="0">
                <properties />
                <test-case id="1081" name="AbilityActivationTests_EventActivation_ActivatesOnEvent" fullname="AbilitySystem.Test.Runtime.Abilities.AbilityActivationTests.AbilityActivationTests_EventActivation_ActivatesOnEvent" methodname="AbilityActivationTests_EventActivation_ActivatesOnEvent" classname="AbilitySystem.Test.Runtime.Abilities.AbilityActivationTests" runstate="Runnable" seed="797761311" result="Passed" start-time="2026-04-17 14:48:53Z" end-time="2026-04-17 14:48:53Z" duration="0.002797" asserts="0">
                  <properties>
                    <property name="retryIteration" value="0" />
                    <property name="repeatIteration" value="0" />
                  </properties>
                </test-case>
              </test-suite>
              <test-suite type="TestFixture" id="1082" name="AbilityDefinitionTests" fullname="AbilitySystem.Test.Runtime.Abilities.AbilityDefinitionTests" classname="AbilitySystem.Test.Runtime.Abilities.AbilityDefinitionTests" runstate="Runnable" testcasecount="1" result="Passed" start-time="2026-04-17 14:48:53Z" end-time="2026-04-17 14:48:53Z" duration="0.000918" total="1" passed="1" failed="0" inconclusive="0" skipped="0" asserts="0">
                <properties />
                <test-case id="1083" name="AbilityDefinitionTests_CreationDefault_HasCorrectValues" fullname="AbilitySystem.Test.Runtime.Abilities.AbilityDefinitionTests.AbilityDefinitionTests_CreationDefault_HasCorrectValues" methodname="AbilityDefinitionTests_CreationDefault_HasCorrectValues" classname="AbilitySystem.Test.Runtime.Abilities.AbilityDefinitionTests" runstate="Runnable" seed="684877524" result="Passed" start-time="2026-04-17 14:48:53Z" end-time="2026-04-17 14:48:53Z" duration="0.000446" asserts="0">
                  <properties>
                    <property name="retryIteration" value="0" />
                    <property name="repeatIteration" value="0" />
                  </properties>
                </test-case>
              </test-suite>
              <test-suite type="TestFixture" id="1084" name="AbilityTests" fullname="AbilitySystem.Test.Runtime.Abilities.AbilityTests" classname="AbilitySystem.Test.Runtime.Abilities.AbilityTests" runstate="Runnable" testcasecount="11" result="Passed" start-time="2026-04-17 14:48:53Z" end-time="2026-04-17 14:48:53Z" duration="0.024249" total="11" passed="11" failed="0" inconclusive="0" skipped="0" asserts="0">
                <properties />
                <test-case id="1085" name="AbilityTests_ActivateAbility_AppliesModifiers" fullname="AbilitySystem.Test.Runtime.Abilities.AbilityTests.AbilityTests_ActivateAbility_AppliesModifiers" methodname="AbilityTests_ActivateAbility_AppliesModifiers" classname="AbilitySystem.Test.Runtime.Abilities.AbilityTests" runstate="Runnable" seed="1872451196" result="Passed" start-time="2026-04-17 14:48:53Z" end-time="2026-04-17 14:48:53Z" duration="0.001531" asserts="0">
                  <properties>
                    <property name="retryIteration" value="0" />
                    <property name="repeatIteration" value="0" />
                  </properties>
                </test-case>
                <test-case id="1086" name="AbilityTests_ActivateAbilityMissingRequiredTags_ActivationFails" fullname="AbilitySystem.Test.Runtime.Abilities.AbilityTests.AbilityTests_ActivateAbilityMissingRequiredTags_ActivationFails" methodname="AbilityTests_ActivateAbilityMissingRequiredTags_ActivationFails" classname="AbilitySystem.Test.Runtime.Abilities.AbilityTests" runstate="Runnable" seed="1651443689" result="Passed" start-time="2026-04-17 14:48:53Z" end-time="2026-04-17 14:48:53Z" duration="0.000880" asserts="0">
                  <properties>
                    <property name="retryIteration" value="0" />
                    <property name="repeatIteration" value="0" />
                  </properties>
                </test-case>
                <test-case id="1088" name="AbilityTests_ActivateAbilityWithBlockedTag_ActivationFails" fullname="AbilitySystem.Test.Runtime.Abilities.AbilityTests.AbilityTests_ActivateAbilityWithBlockedTag_ActivationFails" methodname="AbilityTests_ActivateAbilityWithBlockedTag_ActivationFails" classname="AbilitySystem.Test.Runtime.Abilities.AbilityTests" runstate="Runnable" seed="1494010704" result="Passed" start-time="2026-04-17 14:48:53Z" end-time="2026-04-17 14:48:53Z" duration="0.001567" asserts="0">
                  <properties>
                    <property name="retryIteration" value="0" />
                    <property name="repeatIteration" value="0" />
                  </properties>
                </test-case>
                <test-case id="1090" name="AbilityTests_ActivateAbilityWithCancelTags_CancelsAbilityWithTag" fullname="AbilitySystem.Test.Runtime.Abilities.AbilityTests.AbilityTests_ActivateAbilityWithCancelTags_CancelsAbilityWithTag" methodname="AbilityTests_ActivateAbilityWithCancelTags_CancelsAbilityWithTag" classname="AbilitySystem.Test.Runtime.Abilities.AbilityTests" runstate="Runnable" seed="1288889485" result="Passed" start-time="2026-04-17 14:48:53Z" end-time="2026-04-17 14:48:53Z" duration="0.001373" asserts="0">
                  <properties>
                    <property name="retryIteration" value="0" />
                    <property name="repeatIteration" value="0" />
                  </properties>
                </test-case>
                <test-case id="1089" name="AbilityTests_ActivateAbilityWithoutBlockedTag_ActivationSucceeds" fullname="AbilitySystem.Test.Runtime.Abilities.AbilityTests.AbilityTests_ActivateAbilityWithoutBlockedTag_ActivationSucceeds" methodname="AbilityTests_ActivateAbilityWithoutBlockedTag_ActivationSucceeds" classname="AbilitySystem.Test.Runtime.Abilities.AbilityTests" runstate="Runnable" seed="511178050" result="Passed" start-time="2026-04-17 14:48:53Z" end-time="2026-04-17 14:48:53Z" duration="0.000928" asserts="0">
                  <properties>
                    <property name="retryIteration" value="0" />
                    <property name="repeatIteration" value="0" />
                  </properties>
                </test-case>
                <test-case id="1087" name="AbilityTests_ActivateAbilityWithRequiredTags_ActivationSucceeds" fullname="AbilitySystem.Test.Runtime.Abilities.AbilityTests.AbilityTests_ActivateAbilityWithRequiredTags_ActivationSucceeds" methodname="AbilityTests_ActivateAbilityWithRequiredTags_ActivationSucceeds" classname="AbilitySystem.Test.Runtime.Abilities.AbilityTests" runstate="Runnable" seed="927151383" result="Passed" start-time="2026-04-17 14:48:53Z" end-time="2026-04-17 14:48:53Z" duration="0.000948" asserts="0">
                  <properties>
                    <property name="retryIteration" value="0" />
                    <property name="repeatIteration" value="0" />
                  </properties>
                </test-case>
                <test-case id="1093" name="AbilityTests_ActivateLocalOnClient_ActivationSuccess" fullname="AbilitySystem.Test.Runtime.Abilities.AbilityTests.AbilityTests_ActivateLocalOnClient_ActivationSuccess" methodname="AbilityTests_ActivateLocalOnClient_ActivationSuccess" classname="AbilitySystem.Test.Runtime.Abilities.AbilityTests" runstate="Runnable" seed="1552596242" result="Passed" start-time="2026-04-17 14:48:53Z" end-time="2026-04-17 14:48:53Z" duration="0.001265" asserts="0">
                  <properties>
                    <property name="retryIteration" value="0" />
                    <property name="repeatIteration" value="0" />
                  </properties>
                </test-case>
                <test-case id="1092" name="AbilityTests_ActivateLocalOnServer_ActivationFails" fullname="AbilitySystem.Test.Runtime.Abilities.AbilityTests.AbilityTests_ActivateLocalOnServer_ActivationFails" methodname="AbilityTests_ActivateLocalOnServer_ActivationFails" classname="AbilitySystem.Test.Runtime.Abilities.AbilityTests" runstate="Runnable" seed="173722588" result="Passed" start-time="2026-04-17 14:48:53Z" end-time="2026-04-17 14:48:53Z" duration="0.000859" asserts="0">
                  <properties>
                    <property name="retryIteration" value="0" />
                    <property name="repeatIteration" value="0" />
                  </properties>
                </test-case>
                <test-case id="1095" name="AbilityTests_ActivatePredictedAbility_PlaysCuesWithPredictionFlag" fullname="AbilitySystem.Test.Runtime.Abilities.AbilityTests.AbilityTests_ActivatePredictedAbility_PlaysCuesWithPredictionFlag" methodname="AbilityTests_ActivatePredictedAbility_PlaysCuesWithPredictionFlag" classname="AbilitySystem.Test.Runtime.Abilities.AbilityTests" runstate="Runnable" seed="1220132195" result="Passed" start-time="2026-04-17 14:48:53Z" end-time="2026-04-17 14:48:53Z" duration="0.009191" asserts="0">
                  <properties>
                    <property name="retryIteration" value="0" />
                    <property name="repeatIteration" value="0" />
                  </properties>
                </test-case>
                <test-case id="1091" name="AbilityTests_ActivateWithOwnedTags_GrantsTags" fullname="AbilitySystem.Test.Runtime.Abilities.AbilityTests.AbilityTests_ActivateWithOwnedTags_GrantsTags" methodname="AbilityTests_ActivateWithOwnedTags_GrantsTags" classname="AbilitySystem.Test.Runtime.Abilities.AbilityTests" runstate="Runnable" seed="1368925875" result="Passed" start-time="2026-04-17 14:48:53Z" end-time="2026-04-17 14:48:53Z" duration="0.001795" asserts="0">
                  <properties>
                    <property name="retryIteration" value="0" />
                    <property name="repeatIteration" value="0" />
                  </properties>
                </test-case>
                <test-case id="1094" name="AbilityTests_EndAbility_EndsAbility" fullname="AbilitySystem.Test.Runtime.Abilities.AbilityTests.AbilityTests_EndAbility_EndsAbility" methodname="AbilityTests_EndAbility_EndsAbility" classname="AbilitySystem.Test.Runtime.Abilities.AbilityTests" runstate="Runnable" seed="187462282" result="Passed" start-time="2026-04-17 14:48:53Z" end-time="2026-04-17 14:48:53Z" duration="0.002462" asserts="0">
                  <properties>
                    <property name="retryIteration" value="0" />
                    <property name="repeatIteration" value="0" />
                  </properties>
                </test-case>
              </test-suite>
            </test-suite>
            <test-suite type="TestSuite" id="1106" name="Attribute" fullname="AbilitySystem.Test.Runtime.Attribute" runstate="Runnable" testcasecount="13" result="Passed" start-time="2026-04-17 14:48:53Z" end-time="2026-04-17 14:48:53Z" duration="0.006453" total="13" passed="13" failed="0" inconclusive="0" skipped="0" asserts="0">
              <properties />
              <test-suite type="TestFixture" id="1061" name="AttributeTest" fullname="AbilitySystem.Test.Runtime.Attribute.AttributeTest" classname="AbilitySystem.Test.Runtime.Attribute.AttributeTest" runstate="Runnable" testcasecount="9" result="Passed" start-time="2026-04-17 14:48:53Z" end-time="2026-04-17 14:48:53Z" duration="0.004768" total="9" passed="9" failed="0" inconclusive="0" skipped="0" asserts="0">
                <properties />
                <test-case id="1068" name="AttributeTest_ChangingBaseValue_ChangesCurrentValue" fullname="AbilitySystem.Test.Runtime.Attribute.AttributeTest.AttributeTest_ChangingBaseValue_ChangesCurrentValue" methodname="AttributeTest_ChangingBaseValue_ChangesCurrentValue" classname="AbilitySystem.Test.Runtime.Attribute.AttributeTest" runstate="Runnable" seed="1287322003" result="Passed" start-time="2026-04-17 14:48:53Z" end-time="2026-04-17 14:48:53Z" duration="0.000986" asserts="0">
                  <properties>
                    <property name="retryIteration" value="0" />
                    <property name="repeatIteration" value="0" />
                  </properties>
                </test-case>
                <test-case id="1069" name="AttributeTest_ChangingBaseValueNoEvent_DoesNotInvokeEvent" fullname="AbilitySystem.Test.Runtime.Attribute.AttributeTest.AttributeTest_ChangingBaseValueNoEvent_DoesNotInvokeEvent" methodname="AttributeTest_ChangingBaseValueNoEvent_DoesNotInvokeEvent" classname="AbilitySystem.Test.Runtime.Attribute.AttributeTest" runstate="Runnable" seed="960996035" result="Passed" start-time="2026-04-17 14:48:53Z" end-time="2026-04-17 14:48:53Z" duration="0.000759" asserts="0">
                  <properties>
                    <property name="retryIteration" value="0" />
                    <property name="repeatIteration" value="0" />
                  </properties>
                </test-case>
                <test-case id="1070" name="AttributeTest_ChangingCurrentValueNoEvent_DoesNotInvokeEvent" fullname="AbilitySystem.Test.Runtime.Attribute.AttributeTest.AttributeTest_ChangingCurrentValueNoEvent_DoesNotInvokeEvent" methodname="AttributeTest_ChangingCurrentValueNoEvent_DoesNotInvokeEvent" classname="AbilitySystem.Test.Runtime.Attribute.AttributeTest" runstate="Runnable" seed="663718753" result="Passed" start-time="2026-04-17 14:48:53Z" end-time="2026-04-17 14:48:53Z" duration="0.000714" asserts="0">
                  <properties>
                    <property name="retryIteration" value="0" />
                    <property name="repeatIteration" value="0" />
                  </properties>
                </test-case>
                <test-case id="1062" name="AttributeTest_CreationDefault_HasCorrectValues" fullname="AbilitySystem.Test.Runtime.Attribute.AttributeTest.AttributeTest_CreationDefault_HasCorrectValues" methodname="AttributeTest_CreationDefault_HasCorrectValues" classname="AbilitySystem.Test.Runtime.Attribute.AttributeTest" runstate="Runnable" seed="43881641" result="Passed" start-time="2026-04-17 14:48:53Z" end-time="2026-04-17 14:48:53Z" duration="0.000226" asserts="0">
                  <properties>
                    <property name="retryIteration" value="0" />
                    <property name="repeatIteration" value="0" />
                  </properties>
                </test-case>
                <test-case id="1064" name="AttributeTest_CreationWithMinMax_HasCorrectValuesForMax" fullname="AbilitySystem.Test.Runtime.Attribute.AttributeTest.AttributeTest_CreationWithMinMax_HasCorrectValuesForMax" methodname="AttributeTest_CreationWithMinMax_HasCorrectValuesForMax" classname="AbilitySystem.Test.Runtime.Attribute.AttributeTest" runstate="Runnable" seed="1645125093" result="Passed" start-time="2026-04-17 14:48:53Z" end-time="2026-04-17 14:48:53Z" duration="0.000191" asserts="0">
                  <properties>
                    <property name="retryIteration" value="0" />
                    <property name="repeatIteration" value="0" />
                  </properties>
                </test-case>
                <test-case id="1063" name="AttributeTest_CreationWithMinMax_HasCorrectValuesForMin" fullname="AbilitySystem.Test.Runtime.Attribute.AttributeTest.AttributeTest_CreationWithMinMax_HasCorrectValuesForMin" methodname="AttributeTest_CreationWithMinMax_HasCorrectValuesForMin" classname="AbilitySystem.Test.Runtime.Attribute.AttributeTest" runstate="Runnable" seed="1411312745" result="Passed" start-time="2026-04-17 14:48:53Z" end-time="2026-04-17 14:48:53Z" duration="0.000190" asserts="0">
                  <properties>
                    <property name="retryIteration" value="0" />
                    <property name="repeatIteration" value="0" />
                  </properties>
                </test-case>
                <test-case id="1065" name="AttributeTest_SettingValues_ChangesValuesCorrectly" fullname="AbilitySystem.Test.Runtime.Attribute.AttributeTest.AttributeTest_SettingValues_ChangesValuesCorrectly" methodname="AttributeTest_SettingValues_ChangesValuesCorrectly" classname="AbilitySystem.Test.Runtime.Attribute.AttributeTest" runstate="Runnable" seed="965877376" result="Passed" start-time="2026-04-17 14:48:53Z" end-time="2026-04-17 14:48:53Z" duration="0.000197" asserts="0">
                  <properties>
                    <property name="retryIteration" value="0" />
                    <property name="repeatIteration" value="0" />
                  </properties>
                </test-case>
                <test-case id="1066" name="AttributeTest_SettingValuesWithMax_ClampsCorrectly" fullname="AbilitySystem.Test.Runtime.Attribute.AttributeTest.AttributeTest_SettingValuesWithMax_ClampsCorrectly" methodname="AttributeTest_SettingValuesWithMax_ClampsCorrectly" classname="AbilitySystem.Test.Runtime.Attribute.AttributeTest" runstate="Runnable" seed="153584278" result="Passed" start-time="2026-04-17 14:48:53Z" end-time="2026-04-17 14:48:53Z" duration="0.000196" asserts="0">
                  <properties>
                    <property name="retryIteration" value="0" />
                    <property name="repeatIteration" value="0" />
                  </properties>
                </test-case>
                <test-case id="1067" name="AttributeTest_SettingValuesWithMin_ClampsCorrectly" fullname="AbilitySystem.Test.Runtime.Attribute.AttributeTest.AttributeTest_SettingValuesWithMin_ClampsCorrectly" methodname="AttributeTest_SettingValuesWithMin_ClampsCorrectly" classname="AbilitySystem.Test.Runtime.Attribute.AttributeTest" runstate="Runnable" seed="328052668" result="Passed" start-time="2026-04-17 14:48:53Z" end-time="2026-04-17 14:48:53Z" duration="0.000194" asserts="0">
                  <properties>
                    <property name="retryIteration" value="0" />
                    <property name="repeatIteration" value="0" />
                  </properties>
                </test-case>
              </test-suite>
              <test-suite type="TestFixture" id="1071" name="AttributeValueTest" fullname="AbilitySystem.Test.Runtime.Attribute.AttributeValueTest" classname="AbilitySystem.Test.Runtime.Attribute.AttributeValueTest" runstate="Runnable" testcasecount="4" result="Passed" start-time="2026-04-17 14:48:53Z" end-time="2026-04-17 14:48:53Z" duration="0.001111" total="4" passed="4" failed="0" inconclusive="0" skipped="0" asserts="0">
                <properties />
                <test-case id="1074" name="AttributeValueTests_CreateAttributeValue_CurrentValueClampedToMax" fullname="AbilitySystem.Test.Runtime.Attribute.AttributeValueTest.AttributeValueTests_CreateAttributeValue_CurrentValueClampedToMax" methodname="AttributeValueTests_CreateAttributeValue_CurrentValueClampedToMax" classname="AbilitySystem.Test.Runtime.Attribute.AttributeValueTest" runstate="Runnable" seed="1833527615" result="Passed" start-time="2026-04-17 14:48:53Z" end-time="2026-04-17 14:48:53Z" duration="0.000119" asserts="0">
                  <properties>
                    <property name="retryIteration" value="0" />
                    <property name="repeatIteration" value="0" />
                  </properties>
                </test-case>
                <test-case id="1075" name="AttributeValueTests_CreateAttributeValue_CurrentValueClampedToMin" fullname="AbilitySystem.Test.Runtime.Attribute.AttributeValueTest.AttributeValueTests_CreateAttributeValue_CurrentValueClampedToMin" methodname="AttributeValueTests_CreateAttributeValue_CurrentValueClampedToMin" classname="AbilitySystem.Test.Runtime.Attribute.AttributeValueTest" runstate="Runnable" seed="553609191" result="Passed" start-time="2026-04-17 14:48:53Z" end-time="2026-04-17 14:48:53Z" duration="0.000109" asserts="0">
                  <properties>
                    <property name="retryIteration" value="0" />
                    <property name="repeatIteration" value="0" />
                  </properties>
                </test-case>
                <test-case id="1072" name="AttributeValueTests_CreateAttributeValue_HasCorrectValues" fullname="AbilitySystem.Test.Runtime.Attribute.AttributeValueTest.AttributeValueTests_CreateAttributeValue_HasCorrectValues" methodname="AttributeValueTests_CreateAttributeValue_HasCorrectValues" classname="AbilitySystem.Test.Runtime.Attribute.AttributeValueTest" runstate="Runnable" seed="221383791" result="Passed" start-time="2026-04-17 14:48:53Z" end-time="2026-04-17 14:48:53Z" duration="0.000151" asserts="0">
                  <properties>
                    <property name="retryIteration" value="0" />
                    <property name="repeatIteration" value="0" />
                  </properties>
                </test-case>
                <test-case id="1073" name="AttributeValueTests_CreateAttributeValue_MinAndMaxHaveCorrectDefaults" fullname="AbilitySystem.Test.Runtime.Attribute.AttributeValueTest.AttributeValueTests_CreateAttributeValue_MinAndMaxHaveCorrectDefaults" methodname="AttributeValueTests_CreateAttributeValue_MinAndMaxHaveCorrectDefaults" classname="AbilitySystem.Test.Runtime.Attribute.AttributeValueTest" runstate="Runnable" seed="343260123" result="Passed" start-time="2026-04-17 14:48:53Z" end-time="2026-04-17 14:48:53Z" duration="0.000115" asserts="0">
                  <properties>
                    <property name="retryIteration" value="0" />
                    <property name="repeatIteration" value="0" />
                  </properties>
                </test-case>
              </test-suite>
            </test-suite>
            <test-suite type="TestSuite" id="1105" name="AttributeSets" fullname="AbilitySystem.Test.Runtime.AttributeSets" runstate="Runnable" testcasecount="7" result="Passed" start-time="2026-04-17 14:48:53Z" end-time="2026-04-17 14:48:53Z" duration="0.005968" total="7" passed="7" failed="0" inconclusive="0" skipped="0" asserts="0">
              <properties />
              <test-suite type="TestFixture" id="1052" name="AttributeSetManagerTest" fullname="AbilitySystem.Test.Runtime.AttributeSets.AttributeSetManagerTest" classname="AbilitySystem.Test.Runtime.AttributeSets.AttributeSetManagerTest" runstate="Runnable" testcasecount="3" result="Passed" start-time="2026-04-17 14:48:53Z" end-time="2026-04-17 14:48:53Z" duration="0.003867" total="3" passed="3" failed="0" inconclusive="0" skipped="0" asserts="0">
                <properties />
                <test-case id="1053" name="AttributeSetManagerTest_AddAttributeSet_AddsAttributeSet" fullname="AbilitySystem.Test.Runtime.AttributeSets.AttributeSetManagerTest.AttributeSetManagerTest_AddAttributeSet_AddsAttributeSet" methodname="AttributeSetManagerTest_AddAttributeSet_AddsAttributeSet" classname="AbilitySystem.Test.Runtime.AttributeSets.AttributeSetManagerTest" runstate="Runnable" seed="1174434388" result="Passed" start-time="2026-04-17 14:48:53Z" end-time="2026-04-17 14:48:53Z" duration="0.002020" asserts="0">
                  <properties>
                    <property name="retryIteration" value="0" />
                    <property name="repeatIteration" value="0" />
                  </properties>
                </test-case>
                <test-case id="1055" name="AttributeSetManagerTest_GetAttribute_GetsAttributeByName" fullname="AbilitySystem.Test.Runtime.AttributeSets.AttributeSetManagerTest.AttributeSetManagerTest_GetAttribute_GetsAttributeByName" methodname="AttributeSetManagerTest_GetAttribute_GetsAttributeByName" classname="AbilitySystem.Test.Runtime.AttributeSets.AttributeSetManagerTest" runstate="Runnable" seed="516675951" result="Passed" start-time="2026-04-17 14:48:53Z" end-time="2026-04-17 14:48:53Z" duration="0.000646" asserts="0">
                  <properties>
                    <property name="retryIteration" value="0" />
                    <property name="repeatIteration" value="0" />
                  </properties>
                </test-case>
                <test-case id="1054" name="AttributeSetManagerTest_GetAttributeSet_GetsAttributeSetByName" fullname="AbilitySystem.Test.Runtime.AttributeSets.AttributeSetManagerTest.AttributeSetManagerTest_GetAttributeSet_GetsAttributeSetByName" methodname="AttributeSetManagerTest_GetAttributeSet_GetsAttributeSetByName" classname="AbilitySystem.Test.Runtime.AttributeSets.AttributeSetManagerTest" runstate="Runnable" seed="517115298" result="Passed" start-time="2026-04-17 14:48:53Z" end-time="2026-04-17 14:48:53Z" duration="0.000657" asserts="0">
                  <properties>
                    <property name="retryIteration" value="0" />
                    <property name="repeatIteration" value="0" />
                  </properties>
                </test-case>
              </test-suite>
              <test-suite type="TestFixture" id="1056" name="AttributeSetTest" fullname="AbilitySystem.Test.Runtime.AttributeSets.AttributeSetTest" classname="AbilitySystem.Test.Runtime.AttributeSets.AttributeSetTest" runstate="Runnable" testcasecount="4" result="Passed" start-time="2026-04-17 14:48:53Z" end-time="2026-04-17 14:48:53Z" duration="0.001849" total="4" passed="4" failed="0" inconclusive="0" skipped="0" asserts="0">
                <properties />
                <test-case id="1058" name="AttributeSetTest_AddAttribute_AddsAttribute" fullname="AbilitySystem.Test.Runtime.AttributeSets.AttributeSetTest.AttributeSetTest_AddAttribute_AddsAttribute" methodname="AttributeSetTest_AddAttribute_AddsAttribute" classname="AbilitySystem.Test.Runtime.AttributeSets.AttributeSetTest" runstate="Runnable" seed="1428325131" result="Passed" start-time="2026-04-17 14:48:53Z" end-time="2026-04-17 14:48:53Z" duration="0.000416" asserts="0">
                  <properties>
                    <property name="retryIteration" value="0" />
                    <property name="repeatIteration" value="0" />
                  </properties>
                </test-case>
                <test-case id="1060" name="AttributeSetTest_GetAllAttributes_ReturnsAllAttributes" fullname="AbilitySystem.Test.Runtime.AttributeSets.AttributeSetTest.AttributeSetTest_GetAllAttributes_ReturnsAllAttributes" methodname="AttributeSetTest_GetAllAttributes_ReturnsAllAttributes" classname="AbilitySystem.Test.Runtime.AttributeSets.AttributeSetTest" runstate="Runnable" seed="981266909" result="Passed" start-time="2026-04-17 14:48:53Z" end-time="2026-04-17 14:48:53Z" duration="0.000279" asserts="0">
                  <properties>
                    <property name="retryIteration" value="0" />
                    <property name="repeatIteration" value="0" />
                  </properties>
                </test-case>
                <test-case id="1057" name="AttributeSetTest_Instantiate_HasName" fullname="AbilitySystem.Test.Runtime.AttributeSets.AttributeSetTest.AttributeSetTest_Instantiate_HasName" methodname="AttributeSetTest_Instantiate_HasName" classname="AbilitySystem.Test.Runtime.AttributeSets.AttributeSetTest" runstate="Runnable" seed="1957836186" result="Passed" start-time="2026-04-17 14:48:53Z" end-time="2026-04-17 14:48:53Z" duration="0.000153" asserts="0">
                  <properties>
                    <property name="retryIteration" value="0" />
                    <property name="repeatIteration" value="0" />
                  </properties>
                </test-case>
                <test-case id="1059" name="AttributeSetTest_RemoveAttribute_RemovesAttribute" fullname="AbilitySystem.Test.Runtime.AttributeSets.AttributeSetTest.AttributeSetTest_RemoveAttribute_RemovesAttribute" methodname="AttributeSetTest_RemoveAttribute_RemovesAttribute" classname="AbilitySystem.Test.Runtime.AttributeSets.AttributeSetTest" runstate="Runnable" seed="1600609996" result="Passed" start-time="2026-04-17 14:48:53Z" end-time="2026-04-17 14:48:53Z" duration="0.000342" asserts="0">
                  <properties>
                    <property name="retryIteration" value="0" />
                    <property name="repeatIteration" value="0" />
                  </properties>
                </test-case>
              </test-suite>
            </test-suite>
            <test-suite type="TestSuite" id="1104" name="AttributesNetworking" fullname="AbilitySystem.Test.Runtime.AttributesNetworking" runstate="Runnable" testcasecount="2" result="Passed" start-time="2026-04-17 14:48:53Z" end-time="2026-04-17 14:48:53Z" duration="0.011512" total="2" passed="2" failed="0" inconclusive="0" skipped="0" asserts="0">
              <properties />
              <test-suite type="TestFixture" id="1049" name="AttributesNetworkingTests" fullname="AbilitySystem.Test.Runtime.AttributesNetworking.AttributesNetworkingTests" classname="AbilitySystem.Test.Runtime.AttributesNetworking.AttributesNetworkingTests" runstate="Runnable" testcasecount="2" result="Passed" start-time="2026-04-17 14:48:53Z" end-time="2026-04-17 14:48:53Z" duration="0.011347" total="2" passed="2" failed="0" inconclusive="0" skipped="0" asserts="0">
                <properties />
                <test-case id="1051" name="AttributesNetworkingTests_ClientChangesBaseAttribute_NoUpdatesSent" fullname="AbilitySystem.Test.Runtime.AttributesNetworking.AttributesNetworkingTests.AttributesNetworkingTests_ClientChangesBaseAttribute_NoUpdatesSent" methodname="AttributesNetworkingTests_ClientChangesBaseAttribute_NoUpdatesSent" classname="AbilitySystem.Test.Runtime.AttributesNetworking.AttributesNetworkingTests" runstate="Runnable" seed="1677710615" result="Passed" start-time="2026-04-17 14:48:53Z" end-time="2026-04-17 14:48:53Z" duration="0.005495" asserts="0">
                  <properties>
                    <property name="retryIteration" value="0" />
                    <property name="repeatIteration" value="0" />
                  </properties>
                </test-case>
                <test-case id="1050" name="AttributesNetworkingTests_ServerChangesBaseAttribute_ServerSendsUpdateToClients" fullname="AbilitySystem.Test.Runtime.AttributesNetworking.AttributesNetworkingTests.AttributesNetworkingTests_ServerChangesBaseAttribute_ServerSendsUpdateToClients" methodname="AttributesNetworkingTests_ServerChangesBaseAttribute_ServerSendsUpdateToClients" classname="AbilitySystem.Test.Runtime.AttributesNetworking.AttributesNetworkingTests" runstate="Runnable" seed="121079502" result="Passed" start-time="2026-04-17 14:48:53Z" end-time="2026-04-17 14:48:53Z" duration="0.005420" asserts="0">
                  <properties>
                    <property name="retryIteration" value="0" />
                    <property name="repeatIteration" value="0" />
                  </properties>
                </test-case>
              </test-suite>
            </test-suite>
            <test-suite type="TestSuite" id="1103" name="Effects" fullname="AbilitySystem.Test.Runtime.Effects" runstate="Runnable" testcasecount="12" result="Passed" start-time="2026-04-17 14:48:53Z" end-time="2026-04-17 14:48:53Z" duration="0.014782" total="12" passed="12" failed="0" inconclusive="0" skipped="0" asserts="0">
              <properties />
              <test-suite type="TestFixture" id="1035" name="EffectManagerTest" fullname="AbilitySystem.Test.Runtime.Effects.EffectManagerTest" classname="AbilitySystem.Test.Runtime.Effects.EffectManagerTest" runstate="Runnable" testcasecount="10" result="Passed" start-time="2026-04-17 14:48:53Z" end-time="2026-04-17 14:48:53Z" duration="0.011836" total="10" passed="10" failed="0" inconclusive="0" skipped="0" asserts="0">
                <properties />
                <test-case id="1037" name="EffectManagerTest_AddEffect_HasAddedEffect" fullname="AbilitySystem.Test.Runtime.Effects.EffectManagerTest.EffectManagerTest_AddEffect_HasAddedEffect" methodname="EffectManagerTest_AddEffect_HasAddedEffect" classname="AbilitySystem.Test.Runtime.Effects.EffectManagerTest" runstate="Runnable" seed="1929586567" result="Passed" start-time="2026-04-17 14:48:53Z" end-time="2026-04-17 14:48:53Z" duration="0.000608" asserts="0">
                  <properties>
                    <property name="retryIteration" value="0" />
                    <property name="repeatIteration" value="0" />
                  </properties>
                </test-case>
                <test-case id="1041" name="EffectManagerTest_AggregateBySource_StacksCorrectly" fullname="AbilitySystem.Test.Runtime.Effects.EffectManagerTest.EffectManagerTest_AggregateBySource_StacksCorrectly" methodname="EffectManagerTest_AggregateBySource_StacksCorrectly" classname="AbilitySystem.Test.Runtime.Effects.EffectManagerTest" runstate="Runnable" seed="729744605" result="Passed" start-time="2026-04-17 14:48:53Z" end-time="2026-04-17 14:48:53Z" duration="0.000968" asserts="0">
                  <properties>
                    <property name="retryIteration" value="0" />
                    <property name="repeatIteration" value="0" />
                  </properties>
                </test-case>
                <test-case id="1040" name="EffectManagerTest_DurationalEffect_ExpiresCorrectly" fullname="AbilitySystem.Test.Runtime.Effects.EffectManagerTest.EffectManagerTest_DurationalEffect_ExpiresCorrectly" methodname="EffectManagerTest_DurationalEffect_ExpiresCorrectly" classname="AbilitySystem.Test.Runtime.Effects.EffectManagerTest" runstate="Runnable" seed="1623946422" result="Passed" start-time="2026-04-17 14:48:53Z" end-time="2026-04-17 14:48:53Z" duration="0.002599" asserts="0">
                  <properties>
                    <property name="retryIteration" value="0" />
                    <property name="repeatIteration" value="0" />
                  </properties>
                </test-case>
                <test-case id="1036" name="EffectManagerTest_Instantiate_HasDefaultValues" fullname="AbilitySystem.Test.Runtime.Effects.EffectManagerTest.EffectManagerTest_Instantiate_HasDefaultValues" methodname="EffectManagerTest_Instantiate_HasDefaultValues" classname="AbilitySystem.Test.Runtime.Effects.EffectManagerTest" runstate="Runnable" seed="1865662405" result="Passed" start-time="2026-04-17 14:48:53Z" end-time="2026-04-17 14:48:53Z" duration="0.000207" asserts="0">
                  <properties>
                    <property name="retryIteration" value="0" />
                    <property name="repeatIteration" value="0" />
                  </properties>
                </test-case>
                <test-case id="1042" name="EffectManagerTest_OnEffectStacksChanged_FiresEvent" fullname="AbilitySystem.Test.Runtime.Effects.EffectManagerTest.EffectManagerTest_OnEffectStacksChanged_FiresEvent" methodname="EffectManagerTest_OnEffectStacksChanged_FiresEvent" classname="AbilitySystem.Test.Runtime.Effects.EffectManagerTest" runstate="Runnable" seed="989796980" result="Passed" start-time="2026-04-17 14:48:53Z" end-time="2026-04-17 14:48:53Z" duration="0.000660" asserts="0">
                  <properties>
                    <property name="retryIteration" value="0" />
                    <property name="repeatIteration" value="0" />
                  </properties>
                </test-case>
                <test-case id="1044" name="EffectManagerTest_OngoingRequiredTags_SuspendsAndResumesEffect" fullname="AbilitySystem.Test.Runtime.Effects.EffectManagerTest.EffectManagerTest_OngoingRequiredTags_SuspendsAndResumesEffect" methodname="EffectManagerTest_OngoingRequiredTags_SuspendsAndResumesEffect" classname="AbilitySystem.Test.Runtime.Effects.EffectManagerTest" runstate="Runnable" seed="157141888" result="Passed" start-time="2026-04-17 14:48:53Z" end-time="2026-04-17 14:48:53Z" duration="0.001288" asserts="0">
                  <properties>
                    <property name="retryIteration" value="0" />
                    <property name="repeatIteration" value="0" />
                  </properties>
                </test-case>
                <test-case id="1038" name="EffectManagerTest_RemoveEffect_HasRemovedEffect" fullname="AbilitySystem.Test.Runtime.Effects.EffectManagerTest.EffectManagerTest_RemoveEffect_HasRemovedEffect" methodname="EffectManagerTest_RemoveEffect_HasRemovedEffect" classname="AbilitySystem.Test.Runtime.Effects.EffectManagerTest" runstate="Runnable" seed="630074796" result="Passed" start-time="2026-04-17 14:48:53Z" end-time="2026-04-17 14:48:53Z" duration="0.000524" asserts="0">
                  <properties>
                    <property name="retryIteration" value="0" />
                    <property name="repeatIteration" value="0" />
                  </properties>
                </test-case>
                <test-case id="1043" name="EffectManagerTest_RemoveGameplayEffectsWithTags_RemovesMatchingEffects" fullname="AbilitySystem.Test.Runtime.Effects.EffectManagerTest.EffectManagerTest_RemoveGameplayEffectsWithTags_RemovesMatchingEffects" methodname="EffectManagerTest_RemoveGameplayEffectsWithTags_RemovesMatchingEffects" classname="AbilitySystem.Test.Runtime.Effects.EffectManagerTest" runstate="Runnable" seed="790279224" result="Passed" start-time="2026-04-17 14:48:53Z" end-time="2026-04-17 14:48:53Z" duration="0.001883" asserts="0">
                  <properties>
                    <property name="retryIteration" value="0" />
                    <property name="repeatIteration" value="0" />
                  </properties>
                </test-case>
                <test-case id="1045" name="EffectManagerTest_RetractPredictedEffect_FiresOnEffectRemoved" fullname="AbilitySystem.Test.Runtime.Effects.EffectManagerTest.EffectManagerTest_RetractPredictedEffect_FiresOnEffectRemoved" methodname="EffectManagerTest_RetractPredictedEffect_FiresOnEffectRemoved" classname="AbilitySystem.Test.Runtime.Effects.EffectManagerTest" runstate="Runnable" seed="870458234" result="Passed" start-time="2026-04-17 14:48:53Z" end-time="2026-04-17 14:48:53Z" duration="0.000817" asserts="0">
                  <properties>
                    <property name="retryIteration" value="0" />
                    <property name="repeatIteration" value="0" />
                  </properties>
                </test-case>
                <test-case id="1039" name="EffectManagerTest_TickAsServer_TicksEffects" fullname="AbilitySystem.Test.Runtime.Effects.EffectManagerTest.EffectManagerTest_TickAsServer_TicksEffects" methodname="EffectManagerTest_TickAsServer_TicksEffects" classname="AbilitySystem.Test.Runtime.Effects.EffectManagerTest" runstate="Runnable" seed="1269704082" result="Passed" start-time="2026-04-17 14:48:53Z" end-time="2026-04-17 14:48:53Z" duration="0.001077" asserts="0">
                  <properties>
                    <property name="retryIteration" value="0" />
                    <property name="repeatIteration" value="0" />
                  </properties>
                </test-case>
              </test-suite>
              <test-suite type="TestFixture" id="1046" name="EffectTests" fullname="AbilitySystem.Test.Runtime.Effects.EffectTests" classname="AbilitySystem.Test.Runtime.Effects.EffectTests" runstate="Runnable" testcasecount="2" result="Passed" start-time="2026-04-17 14:48:53Z" end-time="2026-04-17 14:48:53Z" duration="0.002639" total="2" passed="2" failed="0" inconclusive="0" skipped="0" asserts="0">
                <properties />
                <test-case id="1048" name="EffectTests_ApplyPredictedEffect_PlaysCuesWithPredictionFlag" fullname="AbilitySystem.Test.Runtime.Effects.EffectTests.EffectTests_ApplyPredictedEffect_PlaysCuesWithPredictionFlag" methodname="EffectTests_ApplyPredictedEffect_PlaysCuesWithPredictionFlag" classname="AbilitySystem.Test.Runtime.Effects.EffectTests" runstate="Runnable" seed="2040738663" result="Passed" start-time="2026-04-17 14:48:53Z" end-time="2026-04-17 14:48:53Z" duration="0.001262" asserts="0">
                  <properties>
                    <property name="retryIteration" value="0" />
                    <property name="repeatIteration" value="0" />
                  </properties>
                </test-case>
                <test-case id="1047" name="EffectTests_IsPredictableInstantEffect_ReturnsFalse" fullname="AbilitySystem.Test.Runtime.Effects.EffectTests.EffectTests_IsPredictableInstantEffect_ReturnsFalse" methodname="EffectTests_IsPredictableInstantEffect_ReturnsFalse" classname="AbilitySystem.Test.Runtime.Effects.EffectTests" runstate="Runnable" seed="1340498949" result="Passed" start-time="2026-04-17 14:48:53Z" end-time="2026-04-17 14:48:53Z" duration="0.000747" asserts="0">
                  <properties>
                    <property name="retryIteration" value="0" />
                    <property name="repeatIteration" value="0" />
                  </properties>
                </test-case>
              </test-suite>
            </test-suite>
            <test-suite type="TestSuite" id="1102" name="Events" fullname="AbilitySystem.Test.Runtime.Events" runstate="Runnable" testcasecount="3" result="Passed" start-time="2026-04-17 14:48:53Z" end-time="2026-04-17 14:48:53Z" duration="0.003203" total="3" passed="3" failed="0" inconclusive="0" skipped="0" asserts="0">
              <properties />
              <test-suite type="TestFixture" id="1031" name="EventManagerTests" fullname="AbilitySystem.Test.Runtime.Events.EventManagerTests" classname="AbilitySystem.Test.Runtime.Events.EventManagerTests" runstate="Runnable" testcasecount="3" result="Passed" start-time="2026-04-17 14:48:53Z" end-time="2026-04-17 14:48:53Z" duration="0.002954" total="3" passed="3" failed="0" inconclusive="0" skipped="0" asserts="0">
                <properties />
                <test-case id="1032" name="EventManagerTests_TriggerEvent_EventReceived" fullname="AbilitySystem.Test.Runtime.Events.EventManagerTests.EventManagerTests_TriggerEvent_EventReceived" methodname="EventManagerTests_TriggerEvent_EventReceived" classname="AbilitySystem.Test.Runtime.Events.EventManagerTests" runstate="Runnable" seed="1902183867" result="Passed" start-time="2026-04-17 14:48:53Z" end-time="2026-04-17 14:48:53Z" duration="0.000773" asserts="0">
                  <properties>
                    <property name="retryIteration" value="0" />
                    <property name="repeatIteration" value="0" />
                  </properties>
                </test-case>
                <test-case id="1033" name="EventManagerTests_TriggerEventWithAbilitySystem_EventReceived" fullname="AbilitySystem.Test.Runtime.Events.EventManagerTests.EventManagerTests_TriggerEventWithAbilitySystem_EventReceived" methodname="EventManagerTests_TriggerEventWithAbilitySystem_EventReceived" classname="AbilitySystem.Test.Runtime.Events.EventManagerTests" runstate="Runnable" seed="261201568" result="Passed" start-time="2026-04-17 14:48:53Z" end-time="2026-04-17 14:48:53Z" duration="0.000697" asserts="0">
                  <properties>
                    <property name="retryIteration" value="0" />
                    <property name="repeatIteration" value="0" />
                  </properties>
                </test-case>
                <test-case id="1034" name="EventManagerTests_Unsubscribe_DoesNotReceiveEvent" fullname="AbilitySystem.Test.Runtime.Events.EventManagerTests.EventManagerTests_Unsubscribe_DoesNotReceiveEvent" methodname="EventManagerTests_Unsubscribe_DoesNotReceiveEvent" classname="AbilitySystem.Test.Runtime.Events.EventManagerTests" runstate="Runnable" seed="1328964584" result="Passed" start-time="2026-04-17 14:48:53Z" end-time="2026-04-17 14:48:53Z" duration="0.000833" asserts="0">
                  <properties>
                    <property name="retryIteration" value="0" />
                    <property name="repeatIteration" value="0" />
                  </properties>
                </test-case>
              </test-suite>
            </test-suite>
            <test-suite type="TestSuite" id="1101" name="Modifiers" fullname="AbilitySystem.Test.Runtime.Modifiers" runstate="Runnable" testcasecount="6" result="Passed" start-time="2026-04-17 14:48:53Z" end-time="2026-04-17 14:48:53Z" duration="0.009789" total="6" passed="6" failed="0" inconclusive="0" skipped="0" asserts="0">
              <properties />
              <test-suite type="TestFixture" id="1023" name="CostModifierTests" fullname="AbilitySystem.Test.Runtime.Modifiers.CostModifierTests" classname="AbilitySystem.Test.Runtime.Modifiers.CostModifierTests" runstate="Runnable" testcasecount="5" result="Passed" start-time="2026-04-17 14:48:53Z" end-time="2026-04-17 14:48:53Z" duration="0.008904" total="5" passed="5" failed="0" inconclusive="0" skipped="0" asserts="0">
                <properties />
                <test-case id="1027" name="CostModifierTests_CalculateWithIrrelevantEffect_ReturnsBaseCost" fullname="AbilitySystem.Test.Runtime.Modifiers.CostModifierTests.CostModifierTests_CalculateWithIrrelevantEffect_ReturnsBaseCost" methodname="CostModifierTests_CalculateWithIrrelevantEffect_ReturnsBaseCost" classname="AbilitySystem.Test.Runtime.Modifiers.CostModifierTests" runstate="Runnable" seed="102248085" result="Passed" start-time="2026-04-17 14:48:53Z" end-time="2026-04-17 14:48:53Z" duration="0.004184" asserts="0">
                  <properties>
                    <property name="retryIteration" value="0" />
                    <property name="repeatIteration" value="0" />
                  </properties>
                </test-case>
                <test-case id="1024" name="CostModifierTests_CalculateWithNoRelevantEffect_ReturnsBaseCost" fullname="AbilitySystem.Test.Runtime.Modifiers.CostModifierTests.CostModifierTests_CalculateWithNoRelevantEffect_ReturnsBaseCost" methodname="CostModifierTests_CalculateWithNoRelevantEffect_ReturnsBaseCost" classname="AbilitySystem.Test.Runtime.Modifiers.CostModifierTests" runstate="Runnable" seed="1798057389" result="Passed" start-time="2026-04-17 14:48:53Z" end-time="2026-04-17 14:48:53Z" duration="0.000793" asserts="0">
                  <properties>
                    <property name="retryIteration" value="0" />
                    <property name="repeatIteration" value="0" />
                  </properties>
                </test-case>
                <test-case id="1028" name="CostModifierTests_CalculateWithOverride_ReturnsOverridenCost" fullname="AbilitySystem.Test.Runtime.Modifiers.CostModifierTests.CostModifierTests_CalculateWithOverride_ReturnsOverridenCost" methodname="CostModifierTests_CalculateWithOverride_ReturnsOverridenCost" classname="AbilitySystem.Test.Runtime.Modifiers.CostModifierTests" runstate="Runnable" seed="121911007" result="Passed" start-time="2026-04-17 14:48:53Z" end-time="2026-04-17 14:48:53Z" duration="0.001253" asserts="0">
                  <properties>
                    <property name="retryIteration" value="0" />
                    <property name="repeatIteration" value="0" />
                  </properties>
                </test-case>
                <test-case id="1026" name="CostModifierTests_CalculateWithRelevantAncestorEffect_ReturnsModifierCost" fullname="AbilitySystem.Test.Runtime.Modifiers.CostModifierTests.CostModifierTests_CalculateWithRelevantAncestorEffect_ReturnsModifierCost" methodname="CostModifierTests_CalculateWithRelevantAncestorEffect_ReturnsModifierCost" classname="AbilitySystem.Test.Runtime.Modifiers.CostModifierTests" runstate="Runnable" seed="775875088" result="Passed" start-time="2026-04-17 14:48:53Z" end-time="2026-04-17 14:48:53Z" duration="0.000956" asserts="0">
                  <properties>
                    <property name="retryIteration" value="0" />
                    <property name="repeatIteration" value="0" />
                  </properties>
                </test-case>
                <test-case id="1025" name="CostModifierTests_CalculateWithRelevantEffect_ReturnsModifierCost" fullname="AbilitySystem.Test.Runtime.Modifiers.CostModifierTests.CostModifierTests_CalculateWithRelevantEffect_ReturnsModifierCost" methodname="CostModifierTests_CalculateWithRelevantEffect_ReturnsModifierCost" classname="AbilitySystem.Test.Runtime.Modifiers.CostModifierTests" runstate="Runnable" seed="1976739995" result="Passed" start-time="2026-04-17 14:48:53Z" end-time="2026-04-17 14:48:53Z" duration="0.000996" asserts="0">
                  <properties>
                    <property name="retryIteration" value="0" />
                    <property name="repeatIteration" value="0" />
                  </properties>
                </test-case>
              </test-suite>
              <test-suite type="TestFixture" id="1029" name="FloatModifierTests" fullname="AbilitySystem.Test.Runtime.Modifiers.FloatModifierTests" classname="AbilitySystem.Test.Runtime.Modifiers.FloatModifierTests" runstate="Runnable" testcasecount="1" result="Passed" start-time="2026-04-17 14:48:53Z" end-time="2026-04-17 14:48:53Z" duration="0.000647" total="1" passed="1" failed="0" inconclusive="0" skipped="0" asserts="0">
                <properties />
                <test-case id="1030" name="FloatModifierTests_Calculate_HasCorrectModifier" fullname="AbilitySystem.Test.Runtime.Modifiers.FloatModifierTests.FloatModifierTests_Calculate_HasCorrectModifier" methodname="FloatModifierTests_Calculate_HasCorrectModifier" classname="AbilitySystem.Test.Runtime.Modifiers.FloatModifierTests" runstate="Runnable" seed="26444306" result="Passed" start-time="2026-04-17 14:48:53Z" end-time="2026-04-17 14:48:53Z" duration="0.000125" asserts="0">
                  <properties>
                    <property name="retryIteration" value="0" />
                    <property name="repeatIteration" value="0" />
                  </properties>
                </test-case>
              </test-suite>
            </test-suite>
            <test-suite type="TestSuite" id="1100" name="Networking" fullname="AbilitySystem.Test.Runtime.Networking" runstate="Runnable" testcasecount="7" result="Passed" start-time="2026-04-17 14:48:53Z" end-time="2026-04-17 14:48:53Z" duration="0.006148" total="7" passed="7" failed="0" inconclusive="0" skipped="0" asserts="0">
              <properties />
              <test-suite type="TestFixture" id="1014" name="PredictionKeyTest" fullname="AbilitySystem.Test.Runtime.Networking.PredictionKeyTest" classname="AbilitySystem.Test.Runtime.Networking.PredictionKeyTest" runstate="Runnable" testcasecount="5" result="Passed" start-time="2026-04-17 14:48:53Z" end-time="2026-04-17 14:48:53Z" duration="0.001318" total="5" passed="5" failed="0" inconclusive="0" skipped="0" asserts="0">
                <properties />
                <test-case id="1018" name="PredictionKeyTest_CreateDependentPredictionKey_CreatesCorrectDependency" fullname="AbilitySystem.Test.Runtime.Networking.PredictionKeyTest.PredictionKeyTest_CreateDependentPredictionKey_CreatesCorrectDependency" methodname="PredictionKeyTest_CreateDependentPredictionKey_CreatesCorrectDependency" classname="AbilitySystem.Test.Runtime.Networking.PredictionKeyTest" runstate="Runnable" seed="624385318" result="Passed" start-time="2026-04-17 14:48:53Z" end-time="2026-04-17 14:48:53Z" duration="0.000227" asserts="0">
                  <properties>
                    <property name="retryIteration" value="0" />
                    <property name="repeatIteration" value="0" />
                  </properties>
                </test-case>
                <test-case id="1019" name="PredictionKeyTest_CreateInvalidPredictionKey_CreatedKeyIsInvalid" fullname="AbilitySystem.Test.Runtime.Networking.PredictionKeyTest.PredictionKeyTest_CreateInvalidPredictionKey_CreatedKeyIsInvalid" methodname="PredictionKeyTest_CreateInvalidPredictionKey_CreatedKeyIsInvalid" classname="AbilitySystem.Test.Runtime.Networking.PredictionKeyTest" runstate="Runnable" seed="1355344853" result="Passed" start-time="2026-04-17 14:48:53Z" end-time="2026-04-17 14:48:53Z" duration="0.000121" asserts="0">
                  <properties>
                    <property name="retryIteration" value="0" />
                    <property name="repeatIteration" value="0" />
                  </properties>
                </test-case>
                <test-case id="1015" name="PredictionKeyTest_CreatePredictionKey_CreatesValidPredictionKey" fullname="AbilitySystem.Test.Runtime.Networking.PredictionKeyTest.PredictionKeyTest_CreatePredictionKey_CreatesValidPredictionKey" methodname="PredictionKeyTest_CreatePredictionKey_CreatesValidPredictionKey" classname="AbilitySystem.Test.Runtime.Networking.PredictionKeyTest" runstate="Runnable" seed="179600001" result="Passed" start-time="2026-04-17 14:48:53Z" end-time="2026-04-17 14:48:53Z" duration="0.000097" asserts="0">
                  <properties>
                    <property name="retryIteration" value="0" />
                    <property name="repeatIteration" value="0" />
                  </properties>
                </test-case>
                <test-case id="1017" name="PredictionKeyTest_CreatePredictionKey_IncrementsCorrectly" fullname="AbilitySystem.Test.Runtime.Networking.PredictionKeyTest.PredictionKeyTest_CreatePredictionKey_IncrementsCorrectly" methodname="PredictionKeyTest_CreatePredictionKey_IncrementsCorrectly" classname="AbilitySystem.Test.Runtime.Networking.PredictionKeyTest" runstate="Runnable" seed="173351284" result="Passed" start-time="2026-04-17 14:48:53Z" end-time="2026-04-17 14:48:53Z" duration="0.000097" asserts="0">
                  <properties>
                    <property name="retryIteration" value="0" />
                    <property name="repeatIteration" value="0" />
                  </properties>
                </test-case>
                <test-case id="1016" name="PredictionKeyTest_Invalidate_InvalidatesPredictionKey" fullname="AbilitySystem.Test.Runtime.Networking.PredictionKeyTest.PredictionKeyTest_Invalidate_InvalidatesPredictionKey" methodname="PredictionKeyTest_Invalidate_InvalidatesPredictionKey" classname="AbilitySystem.Test.Runtime.Networking.PredictionKeyTest" runstate="Runnable" seed="1167989533" result="Passed" start-time="2026-04-17 14:48:53Z" end-time="2026-04-17 14:48:53Z" duration="0.000101" asserts="0">
                  <properties>
                    <property name="retryIteration" value="0" />
                    <property name="repeatIteration" value="0" />
                  </properties>
                </test-case>
              </test-suite>
              <test-suite type="TestFixture" id="1020" name="ServerClientInteractionTests" fullname="AbilitySystem.Test.Runtime.Networking.ServerClientInteractionTests" classname="AbilitySystem.Test.Runtime.Networking.ServerClientInteractionTests" runstate="Runnable" testcasecount="2" result="Passed" start-time="2026-04-17 14:48:53Z" end-time="2026-04-17 14:48:53Z" duration="0.004590" total="2" passed="2" failed="0" inconclusive="0" skipped="0" asserts="0">
                <properties />
                <test-case id="1021" name="ServerClientInteraction_ClientTryActivateAbility_RequestsServerActivation" fullname="AbilitySystem.Test.Runtime.Networking.ServerClientInteractionTests.ServerClientInteraction_ClientTryActivateAbility_RequestsServerActivation" methodname="ServerClientInteraction_ClientTryActivateAbility_RequestsServerActivation" classname="AbilitySystem.Test.Runtime.Networking.ServerClientInteractionTests" runstate="Runnable" seed="299492636" result="Passed" start-time="2026-04-17 14:48:53Z" end-time="2026-04-17 14:48:53Z" duration="0.001552" asserts="0">
                  <properties>
                    <property name="retryIteration" value="0" />
                    <property name="repeatIteration" value="0" />
                  </properties>
                </test-case>
                <test-case id="1022" name="ServerClientInteraction_ServerValidatesClientRequest_GrantsAndActivatesAbility" fullname="AbilitySystem.Test.Runtime.Networking.ServerClientInteractionTests.ServerClientInteraction_ServerValidatesClientRequest_GrantsAndActivatesAbility" methodname="ServerClientInteraction_ServerValidatesClientRequest_GrantsAndActivatesAbility" classname="AbilitySystem.Test.Runtime.Networking.ServerClientInteractionTests" runstate="Runnable" seed="290718766" result="Passed" start-time="2026-04-17 14:48:53Z" end-time="2026-04-17 14:48:53Z" duration="0.002595" asserts="0">
                  <properties>
                    <property name="retryIteration" value="0" />
                    <property name="repeatIteration" value="0" />
                  </properties>
                </test-case>
              </test-suite>
            </test-suite>
          </test-suite>
        </test-suite>
      </test-suite>
    </test-suite>
    <test-suite type="Assembly" id="1125" name="GameplayTagsTests.dll" fullname="C:/Users/Anthony/Desktop/Ascended/Ascended/Library/ScriptAssemblies/GameplayTagsTests.dll" runstate="Runnable" testcasecount="15" result="Passed" start-time="2026-04-17 14:48:53Z" end-time="2026-04-17 14:48:53Z" duration="0.007397" total="15" passed="15" failed="0" inconclusive="0" skipped="0" asserts="0">
      <properties>
        <property name="_PID" value="25748" />
        <property name="_APPDOMAIN" value="Unity Child Domain" />
        <property name="platform" value="EditMode" />
        <property name="EditorOnly" value="True" />
      </properties>
      <test-suite type="TestSuite" id="1126" name="Plugins" fullname="Plugins" runstate="Runnable" testcasecount="15" result="Passed" start-time="2026-04-17 14:48:53Z" end-time="2026-04-17 14:48:53Z" duration="0.007152" total="15" passed="15" failed="0" inconclusive="0" skipped="0" asserts="0">
        <properties />
        <test-suite type="TestSuite" id="1127" name="GameplayTags" fullname="Plugins.GameplayTags" runstate="Runnable" testcasecount="8" result="Passed" start-time="2026-04-17 14:48:53Z" end-time="2026-04-17 14:48:53Z" duration="0.003063" total="8" passed="8" failed="0" inconclusive="0" skipped="0" asserts="0">
          <properties />
          <test-suite type="TestSuite" id="1128" name="Tests" fullname="Plugins.GameplayTags.Tests" runstate="Runnable" testcasecount="8" result="Passed" start-time="2026-04-17 14:48:53Z" end-time="2026-04-17 14:48:53Z" duration="0.002962" total="8" passed="8" failed="0" inconclusive="0" skipped="0" asserts="0">
            <properties />
            <test-suite type="TestSuite" id="1129" name="Runtime" fullname="Plugins.GameplayTags.Tests.Runtime" runstate="Runnable" testcasecount="8" result="Passed" start-time="2026-04-17 14:48:53Z" end-time="2026-04-17 14:48:53Z" duration="0.002839" total="8" passed="8" failed="0" inconclusive="0" skipped="0" asserts="0">
              <properties />
              <test-suite type="TestFixture" id="1108" name="TagTest" fullname="Plugins.GameplayTags.Tests.Runtime.TagTest" classname="Plugins.GameplayTags.Tests.Runtime.TagTest" runstate="Runnable" testcasecount="8" result="Passed" start-time="2026-04-17 14:48:53Z" end-time="2026-04-17 14:48:53Z" duration="0.002665" total="8" passed="8" failed="0" inconclusive="0" skipped="0" asserts="0">
                <properties />
                <test-case id="1109" name="TagTest_CreateGameplayTag_HasCorrectValues" fullname="Plugins.GameplayTags.Tests.Runtime.TagTest.TagTest_CreateGameplayTag_HasCorrectValues" methodname="TagTest_CreateGameplayTag_HasCorrectValues" classname="Plugins.GameplayTags.Tests.Runtime.TagTest" runstate="Runnable" seed="693502524" result="Passed" start-time="2026-04-17 14:48:53Z" end-time="2026-04-17 14:48:53Z" duration="0.000638" asserts="0">
                  <properties>
                    <property name="retryIteration" value="0" />
                    <property name="repeatIteration" value="0" />
                  </properties>
                </test-case>
                <test-case id="1111" name="TagTest_GetHashCode_ReturnsTagHashCode" fullname="Plugins.GameplayTags.Tests.Runtime.TagTest.TagTest_GetHashCode_ReturnsTagHashCode" methodname="TagTest_GetHashCode_ReturnsTagHashCode" classname="Plugins.GameplayTags.Tests.Runtime.TagTest" runstate="Runnable" seed="1358447983" result="Passed" start-time="2026-04-17 14:48:53Z" end-time="2026-04-17 14:48:53Z" duration="0.000119" asserts="0">
                  <properties>
                    <property name="retryIteration" value="0" />
                    <property name="repeatIteration" value="0" />
                  </properties>
                </test-case>
                <test-case id="1110" name="TagTest_GetName_ReturnsTagName" fullname="Plugins.GameplayTags.Tests.Runtime.TagTest.TagTest_GetName_ReturnsTagName" methodname="TagTest_GetName_ReturnsTagName" classname="Plugins.GameplayTags.Tests.Runtime.TagTest" runstate="Runnable" seed="1809216999" result="Passed" start-time="2026-04-17 14:48:53Z" end-time="2026-04-17 14:48:53Z" duration="0.000102" asserts="0">
                  <properties>
                    <property name="retryIteration" value="0" />
                    <property name="repeatIteration" value="0" />
                  </properties>
                </test-case>
                <test-case id="1113" name="TagTest_HasTag_ReturnsFalseWhenDoesNotContainOtherTag" fullname="Plugins.GameplayTags.Tests.Runtime.TagTest.TagTest_HasTag_ReturnsFalseWhenDoesNotContainOtherTag" methodname="TagTest_HasTag_ReturnsFalseWhenDoesNotContainOtherTag" classname="Plugins.GameplayTags.Tests.Runtime.TagTest" runstate="Runnable" seed="908706411" result="Passed" start-time="2026-04-17 14:48:53Z" end-time="2026-04-17 14:48:53Z" duration="0.000173" asserts="0">
                  <properties>
                    <property name="retryIteration" value="0" />
                    <property name="repeatIteration" value="0" />
                  </properties>
                </test-case>
                <test-case id="1112" name="TagTest_HasTag_ReturnsTrueWhenContainsOtherTag" fullname="Plugins.GameplayTags.Tests.Runtime.TagTest.TagTest_HasTag_ReturnsTrueWhenContainsOtherTag" methodname="TagTest_HasTag_ReturnsTrueWhenContainsOtherTag" classname="Plugins.GameplayTags.Tests.Runtime.TagTest" runstate="Runnable" seed="1416679186" result="Passed" start-time="2026-04-17 14:48:53Z" end-time="2026-04-17 14:48:53Z" duration="0.000123" asserts="0">
                  <properties>
                    <property name="retryIteration" value="0" />
                    <property name="repeatIteration" value="0" />
                  </properties>
                </test-case>
                <test-case id="1115" name="TagTest_IsAncestorOf_ReturnsFalseWhenIsNotAncestor" fullname="Plugins.GameplayTags.Tests.Runtime.TagTest.TagTest_IsAncestorOf_ReturnsFalseWhenIsNotAncestor" methodname="TagTest_IsAncestorOf_ReturnsFalseWhenIsNotAncestor" classname="Plugins.GameplayTags.Tests.Runtime.TagTest" runstate="Runnable" seed="721927922" result="Passed" start-time="2026-04-17 14:48:53Z" end-time="2026-04-17 14:48:53Z" duration="0.000123" asserts="0">
                  <properties>
                    <property name="retryIteration" value="0" />
                    <property name="repeatIteration" value="0" />
                  </properties>
                </test-case>
                <test-case id="1114" name="TagTest_IsAncestorOf_ReturnsTrueWhenIsAncestor" fullname="Plugins.GameplayTags.Tests.Runtime.TagTest.TagTest_IsAncestorOf_ReturnsTrueWhenIsAncestor" methodname="TagTest_IsAncestorOf_ReturnsTrueWhenIsAncestor" classname="Plugins.GameplayTags.Tests.Runtime.TagTest" runstate="Runnable" seed="1467882466" result="Passed" start-time="2026-04-17 14:48:53Z" end-time="2026-04-17 14:48:53Z" duration="0.000117" asserts="0">
                  <properties>
                    <property name="retryIteration" value="0" />
                    <property name="repeatIteration" value="0" />
                  </properties>
                </test-case>
                <test-case id="1116" name="TagTest_Operators_AreFunctional" fullname="Plugins.GameplayTags.Tests.Runtime.TagTest.TagTest_Operators_AreFunctional" methodname="TagTest_Operators_AreFunctional" classname="Plugins.GameplayTags.Tests.Runtime.TagTest" runstate="Runnable" seed="348646214" result="Passed" start-time="2026-04-17 14:48:53Z" end-time="2026-04-17 14:48:53Z" duration="0.000223" asserts="0">
                  <properties>
                    <property name="retryIteration" value="0" />
                    <property name="repeatIteration" value="0" />
                  </properties>
                </test-case>
              </test-suite>
            </test-suite>
          </test-suite>
        </test-suite>
        <test-suite type="TestSuite" id="1130" name="Tags" fullname="Plugins.Tags" runstate="Runnable" testcasecount="7" result="Passed" start-time="2026-04-17 14:48:53Z" end-time="2026-04-17 14:48:53Z" duration="0.003967" total="7" passed="7" failed="0" inconclusive="0" skipped="0" asserts="0">
          <properties />
          <test-suite type="TestSuite" id="1131" name="Tests" fullname="Plugins.Tags.Tests" runstate="Runnable" testcasecount="7" result="Passed" start-time="2026-04-17 14:48:53Z" end-time="2026-04-17 14:48:53Z" duration="0.003850" total="7" passed="7" failed="0" inconclusive="0" skipped="0" asserts="0">
            <properties />
            <test-suite type="TestSuite" id="1132" name="Runtime" fullname="Plugins.Tags.Tests.Runtime" runstate="Runnable" testcasecount="7" result="Passed" start-time="2026-04-17 14:48:53Z" end-time="2026-04-17 14:48:53Z" duration="0.003728" total="7" passed="7" failed="0" inconclusive="0" skipped="0" asserts="0">
              <properties />
              <test-suite type="TestFixture" id="1117" name="TagQueryTest" fullname="Plugins.Tags.Tests.Runtime.TagQueryTest" classname="Plugins.Tags.Tests.Runtime.TagQueryTest" runstate="Runnable" testcasecount="7" result="Passed" start-time="2026-04-17 14:48:53Z" end-time="2026-04-17 14:48:53Z" duration="0.003565" total="7" passed="7" failed="0" inconclusive="0" skipped="0" asserts="0">
                <properties />
                <test-case id="1123" name="TagQueryTest_AllOfExactMatching_ReturnsTrue" fullname="Plugins.Tags.Tests.Runtime.TagQueryTest.TagQueryTest_AllOfExactMatching_ReturnsTrue" methodname="TagQueryTest_AllOfExactMatching_ReturnsTrue" classname="Plugins.Tags.Tests.Runtime.TagQueryTest" runstate="Runnable" seed="1517850584" result="Passed" start-time="2026-04-17 14:48:53Z" end-time="2026-04-17 14:48:53Z" duration="0.001140" asserts="0">
                  <properties>
                    <property name="retryIteration" value="0" />
                    <property name="repeatIteration" value="0" />
                  </properties>
                </test-case>
                <test-case id="1122" name="TagQueryTest_AllOfExactNonMatching_ReturnsFalse" fullname="Plugins.Tags.Tests.Runtime.TagQueryTest.TagQueryTest_AllOfExactNonMatching_ReturnsFalse" methodname="TagQueryTest_AllOfExactNonMatching_ReturnsFalse" classname="Plugins.Tags.Tests.Runtime.TagQueryTest" runstate="Runnable" seed="1638743611" result="Passed" start-time="2026-04-17 14:48:53Z" end-time="2026-04-17 14:48:53Z" duration="0.000197" asserts="0">
                  <properties>
                    <property name="retryIteration" value="0" />
                    <property name="repeatIteration" value="0" />
                  </properties>
                </test-case>
                <test-case id="1124" name="TagQueryTest_AllOfPartialNonMatching_ReturnsFalse" fullname="Plugins.Tags.Tests.Runtime.TagQueryTest.TagQueryTest_AllOfPartialNonMatching_ReturnsFalse" methodname="TagQueryTest_AllOfPartialNonMatching_ReturnsFalse" classname="Plugins.Tags.Tests.Runtime.TagQueryTest" runstate="Runnable" seed="294102131" result="Passed" start-time="2026-04-17 14:48:53Z" end-time="2026-04-17 14:48:53Z" duration="0.000427" asserts="0">
                  <properties>
                    <property name="retryIteration" value="0" />
                    <property name="repeatIteration" value="0" />
                  </properties>
                </test-case>
                <test-case id="1119" name="TagQueryTest_AnyOfExactMatching_ReturnsTrue" fullname="Plugins.Tags.Tests.Runtime.TagQueryTest.TagQueryTest_AnyOfExactMatching_ReturnsTrue" methodname="TagQueryTest_AnyOfExactMatching_ReturnsTrue" classname="Plugins.Tags.Tests.Runtime.TagQueryTest" runstate="Runnable" seed="409186171" result="Passed" start-time="2026-04-17 14:48:53Z" end-time="2026-04-17 14:48:53Z" duration="0.000287" asserts="0">
                  <properties>
                    <property name="retryIteration" value="0" />
                    <property name="repeatIteration" value="0" />
                  </properties>
                </test-case>
                <test-case id="1118" name="TagQueryTest_AnyOfExactNonMatching_ReturnsFalse" fullname="Plugins.Tags.Tests.Runtime.TagQueryTest.TagQueryTest_AnyOfExactNonMatching_ReturnsFalse" methodname="TagQueryTest_AnyOfExactNonMatching_ReturnsFalse" classname="Plugins.Tags.Tests.Runtime.TagQueryTest" runstate="Runnable" seed="1191665130" result="Passed" start-time="2026-04-17 14:48:53Z" end-time="2026-04-17 14:48:53Z" duration="0.000178" asserts="0">
                  <properties>
                    <property name="retryIteration" value="0" />
                    <property name="repeatIteration" value="0" />
                  </properties>
                </test-case>
                <test-case id="1121" name="TagQueryTest_AnyOfPartialMatching_ReturnsTrue" fullname="Plugins.Tags.Tests.Runtime.TagQueryTest.TagQueryTest_AnyOfPartialMatching_ReturnsTrue" methodname="TagQueryTest_AnyOfPartialMatching_ReturnsTrue" classname="Plugins.Tags.Tests.Runtime.TagQueryTest" runstate="Runnable" seed="2049736179" result="Passed" start-time="2026-04-17 14:48:53Z" end-time="2026-04-17 14:48:53Z" duration="0.000289" asserts="0">
                  <properties>
                    <property name="retryIteration" value="0" />
                    <property name="repeatIteration" value="0" />
                  </properties>
                </test-case>
                <test-case id="1120" name="TagQueryTest_AnyOfPartialNonMatching_ReturnsFalse" fullname="Plugins.Tags.Tests.Runtime.TagQueryTest.TagQueryTest_AnyOfPartialNonMatching_ReturnsFalse" methodname="TagQueryTest_AnyOfPartialNonMatching_ReturnsFalse" classname="Plugins.Tags.Tests.Runtime.TagQueryTest" runstate="Runnable" seed="91841524" result="Passed" start-time="2026-04-17 14:48:53Z" end-time="2026-04-17 14:48:53Z" duration="0.000183" asserts="0">
                  <properties>
                    <property name="retryIteration" value="0" />
                    <property name="repeatIteration" value="0" />
                  </properties>
                </test-case>
              </test-suite>
            </test-suite>
          </test-suite>
        </test-suite>
      </test-suite>
    </test-suite>
    <test-suite type="Assembly" id="1136" name="ItemTests.dll" fullname="C:/Users/Anthony/Desktop/Ascended/Ascended/Library/ScriptAssemblies/ItemTests.dll" runstate="Runnable" testcasecount="2" result="Passed" start-time="2026-04-17 14:48:53Z" end-time="2026-04-17 14:48:53Z" duration="0.004014" total="2" passed="2" failed="0" inconclusive="0" skipped="0" asserts="0">
      <properties>
        <property name="_PID" value="25748" />
        <property name="_APPDOMAIN" value="Unity Child Domain" />
        <property name="platform" value="EditMode" />
        <property name="EditorOnly" value="True" />
      </properties>
      <test-suite type="TestSuite" id="1137" name="Systems" fullname="Systems" runstate="Runnable" testcasecount="2" result="Passed" start-time="2026-04-17 14:48:53Z" end-time="2026-04-17 14:48:53Z" duration="0.003905" total="2" passed="2" failed="0" inconclusive="0" skipped="0" asserts="0">
        <properties />
        <test-suite type="TestSuite" id="1138" name="Item" fullname="Systems.Item" runstate="Runnable" testcasecount="2" result="Passed" start-time="2026-04-17 14:48:53Z" end-time="2026-04-17 14:48:53Z" duration="0.003803" total="2" passed="2" failed="0" inconclusive="0" skipped="0" asserts="0">
          <properties />
          <test-suite type="TestSuite" id="1139" name="Tests" fullname="Systems.Item.Tests" runstate="Runnable" testcasecount="2" result="Passed" start-time="2026-04-17 14:48:53Z" end-time="2026-04-17 14:48:53Z" duration="0.003687" total="2" passed="2" failed="0" inconclusive="0" skipped="0" asserts="0">
            <properties />
            <test-suite type="TestFixture" id="1133" name="InventoryTests" fullname="Systems.Item.Tests.InventoryTests" classname="Systems.Item.Tests.InventoryTests" runstate="Runnable" testcasecount="2" result="Passed" start-time="2026-04-17 14:48:53Z" end-time="2026-04-17 14:48:53Z" duration="0.003555" total="2" passed="2" failed="0" inconclusive="0" skipped="0" asserts="0">
              <properties />
              <test-case id="1134" name="InventoryTests_ServerAddItem_ItemIsAddedOnServer" fullname="Systems.Item.Tests.InventoryTests.InventoryTests_ServerAddItem_ItemIsAddedOnServer" methodname="InventoryTests_ServerAddItem_ItemIsAddedOnServer" classname="Systems.Item.Tests.InventoryTests" runstate="Runnable" seed="1248591369" result="Passed" start-time="2026-04-17 14:48:53Z" end-time="2026-04-17 14:48:53Z" duration="0.002460" asserts="0">
                <properties>
                  <property name="retryIteration" value="0" />
                  <property name="repeatIteration" value="0" />
                </properties>
              </test-case>
              <test-case id="1135" name="InventoryTests_ServerAddItem_OwnerIsNotifiedOfItemAddition" fullname="Systems.Item.Tests.InventoryTests.InventoryTests_ServerAddItem_OwnerIsNotifiedOfItemAddition" methodname="InventoryTests_ServerAddItem_OwnerIsNotifiedOfItemAddition" classname="Systems.Item.Tests.InventoryTests" runstate="Runnable" seed="2145759618" result="Passed" start-time="2026-04-17 14:48:53Z" end-time="2026-04-17 14:48:53Z" duration="0.000611" asserts="0">
                <properties>
                  <property name="retryIteration" value="0" />
                  <property name="repeatIteration" value="0" />
                </properties>
              </test-case>
            </test-suite>
          </test-suite>
        </test-suite>
      </test-suite>
    </test-suite>
    <test-suite type="Assembly" id="1148" name="ScalableFloatTest.dll" fullname="C:/Users/Anthony/Desktop/Ascended/Ascended/Library/ScriptAssemblies/ScalableFloatTest.dll" runstate="Runnable" testcasecount="7" result="Passed" start-time="2026-04-17 14:48:53Z" end-time="2026-04-17 14:48:53Z" duration="0.002361" total="7" passed="7" failed="0" inconclusive="0" skipped="0" asserts="0">
      <properties>
        <property name="_PID" value="25748" />
        <property name="_APPDOMAIN" value="Unity Child Domain" />
        <property name="platform" value="EditMode" />
        <property name="EditorOnly" value="True" />
      </properties>
      <test-suite type="TestSuite" id="1149" name="ScalableFloat" fullname="ScalableFloat" runstate="Runnable" testcasecount="7" result="Passed" start-time="2026-04-17 14:48:53Z" end-time="2026-04-17 14:48:53Z" duration="0.002242" total="7" passed="7" failed="0" inconclusive="0" skipped="0" asserts="0">
        <properties />
        <test-suite type="TestSuite" id="1150" name="Test" fullname="ScalableFloat.Test" runstate="Runnable" testcasecount="7" result="Passed" start-time="2026-04-17 14:48:53Z" end-time="2026-04-17 14:48:53Z" duration="0.002121" total="7" passed="7" failed="0" inconclusive="0" skipped="0" asserts="0">
          <properties />
          <test-suite type="TestFixture" id="1140" name="ScalableFloatTest" fullname="ScalableFloat.Test.ScalableFloatTest" classname="ScalableFloat.Test.ScalableFloatTest" runstate="Runnable" testcasecount="7" result="Passed" start-time="2026-04-17 14:48:53Z" end-time="2026-04-17 14:48:53Z" duration="0.001965" total="7" passed="7" failed="0" inconclusive="0" skipped="0" asserts="0">
            <properties />
            <test-case id="1146" name="Evaluate_WithDifferentBaseValue_ReturnsCorrectlyScaledValue" fullname="ScalableFloat.Test.ScalableFloatTest.Evaluate_WithDifferentBaseValue_ReturnsCorrectlyScaledValue" methodname="Evaluate_WithDifferentBaseValue_ReturnsCorrectlyScaledValue" classname="ScalableFloat.Test.ScalableFloatTest" runstate="Runnable" seed="1365186086" result="Passed" start-time="2026-04-17 14:48:53Z" end-time="2026-04-17 14:48:53Z" duration="0.000304" asserts="0">
              <properties>
                <property name="retryIteration" value="0" />
                <property name="repeatIteration" value="0" />
              </properties>
            </test-case>
            <test-case id="1147" name="Evaluate_WithDifferentCurve_ReturnsCorrectValue" fullname="ScalableFloat.Test.ScalableFloatTest.Evaluate_WithDifferentCurve_ReturnsCorrectValue" methodname="Evaluate_WithDifferentCurve_ReturnsCorrectValue" classname="ScalableFloat.Test.ScalableFloatTest" runstate="Runnable" seed="339987526" result="Passed" start-time="2026-04-17 14:48:53Z" end-time="2026-04-17 14:48:53Z" duration="0.000169" asserts="0">
              <properties>
                <property name="retryIteration" value="0" />
                <property name="repeatIteration" value="0" />
              </properties>
            </test-case>
            <test-case id="1143" name="Evaluate_WithValueBetweenZeroAndOne_ReturnsCorrectValue" fullname="ScalableFloat.Test.ScalableFloatTest.Evaluate_WithValueBetweenZeroAndOne_ReturnsCorrectValue" methodname="Evaluate_WithValueBetweenZeroAndOne_ReturnsCorrectValue" classname="ScalableFloat.Test.ScalableFloatTest" runstate="Runnable" seed="1850717904" result="Passed" start-time="2026-04-17 14:48:53Z" end-time="2026-04-17 14:48:53Z" duration="0.000120" asserts="0">
              <properties>
                <property name="retryIteration" value="0" />
                <property name="repeatIteration" value="0" />
              </properties>
            </test-case>
            <test-case id="1145" name="Evaluate_WithValueGreaterThanOne_ClampsToOne" fullname="ScalableFloat.Test.ScalableFloatTest.Evaluate_WithValueGreaterThanOne_ClampsToOne" methodname="Evaluate_WithValueGreaterThanOne_ClampsToOne" classname="ScalableFloat.Test.ScalableFloatTest" runstate="Runnable" seed="1080166686" result="Passed" start-time="2026-04-17 14:48:53Z" end-time="2026-04-17 14:48:53Z" duration="0.000114" asserts="0">
              <properties>
                <property name="retryIteration" value="0" />
                <property name="repeatIteration" value="0" />
              </properties>
            </test-case>
            <test-case id="1144" name="Evaluate_WithValueLessThanZero_ClampsToZero" fullname="ScalableFloat.Test.ScalableFloatTest.Evaluate_WithValueLessThanZero_ClampsToZero" methodname="Evaluate_WithValueLessThanZero_ClampsToZero" classname="ScalableFloat.Test.ScalableFloatTest" runstate="Runnable" seed="666886935" result="Passed" start-time="2026-04-17 14:48:53Z" end-time="2026-04-17 14:48:53Z" duration="0.000110" asserts="0">
              <properties>
                <property name="retryIteration" value="0" />
                <property name="repeatIteration" value="0" />
              </properties>
            </test-case>
            <test-case id="1142" name="Evaluate_WithValueOne_ReturnsCorrectValue" fullname="ScalableFloat.Test.ScalableFloatTest.Evaluate_WithValueOne_ReturnsCorrectValue" methodname="Evaluate_WithValueOne_ReturnsCorrectValue" classname="ScalableFloat.Test.ScalableFloatTest" runstate="Runnable" seed="1001937251" result="Passed" start-time="2026-04-17 14:48:53Z" end-time="2026-04-17 14:48:53Z" duration="0.000110" asserts="0">
              <properties>
                <property name="retryIteration" value="0" />
                <property name="repeatIteration" value="0" />
              </properties>
            </test-case>
            <test-case id="1141" name="Evaluate_WithValueZero_ReturnsCorrectValue" fullname="ScalableFloat.Test.ScalableFloatTest.Evaluate_WithValueZero_ReturnsCorrectValue" methodname="Evaluate_WithValueZero_ReturnsCorrectValue" classname="ScalableFloat.Test.ScalableFloatTest" runstate="Runnable" seed="2112737858" result="Passed" start-time="2026-04-17 14:48:53Z" end-time="2026-04-17 14:48:53Z" duration="0.000112" asserts="0">
              <properties>
                <property name="retryIteration" value="0" />
                <property name="repeatIteration" value="0" />
              </properties>
            </test-case>
          </test-suite>
        </test-suite>
      </test-suite>
    </test-suite>
    <test-suite type="Assembly" id="1153" name="Unity.Addressables.DocExampleCode.Editor.Tests.dll" fullname="C:/Users/Anthony/Desktop/Ascended/Ascended/Library/ScriptAssemblies/Unity.Addressables.DocExampleCode.Editor.Tests.dll" runstate="Runnable" testcasecount="1" result="Passed" start-time="2026-04-17 14:48:53Z" end-time="2026-04-17 14:48:53Z" duration="0.000982" total="1" passed="1" failed="0" inconclusive="0" skipped="0" asserts="0">
      <properties>
        <property name="_PID" value="25748" />
        <property name="_APPDOMAIN" value="Unity Child Domain" />
        <property name="platform" value="EditMode" />
        <property name="EditorOnly" value="True" />
      </properties>
      <test-suite type="TestSuite" id="1154" name="AddressableAssets" fullname="AddressableAssets" runstate="Runnable" testcasecount="1" result="Passed" start-time="2026-04-17 14:48:53Z" end-time="2026-04-17 14:48:53Z" duration="0.000856" total="1" passed="1" failed="0" inconclusive="0" skipped="0" asserts="0">
        <properties />
        <test-suite type="TestSuite" id="1155" name="DocExampleCode" fullname="AddressableAssets.DocExampleCode" runstate="Runnable" testcasecount="1" result="Passed" start-time="2026-04-17 14:48:53Z" end-time="2026-04-17 14:48:53Z" duration="0.000724" total="1" passed="1" failed="0" inconclusive="0" skipped="0" asserts="0">
          <properties />
          <test-suite type="TestFixture" id="1151" name="TestStub" fullname="AddressableAssets.DocExampleCode.TestStub" classname="AddressableAssets.DocExampleCode.TestStub" runstate="Runnable" testcasecount="1" result="Passed" start-time="2026-04-17 14:48:53Z" end-time="2026-04-17 14:48:53Z" duration="0.000540" total="1" passed="1" failed="0" inconclusive="0" skipped="0" asserts="0">
            <properties />
            <test-case id="1152" name="RequiredTest" fullname="AddressableAssets.DocExampleCode.TestStub.RequiredTest" methodname="RequiredTest" classname="AddressableAssets.DocExampleCode.TestStub" runstate="Runnable" seed="438251630" result="Passed" start-time="2026-04-17 14:48:53Z" end-time="2026-04-17 14:48:53Z" duration="0.000082" asserts="0">
              <properties>
                <property name="retryIteration" value="0" />
                <property name="repeatIteration" value="0" />
              </properties>
              <output><![CDATA[Saving results to: C:/Users/Anthony/AppData/LocalLow/DefaultCompany/Ascended\TestResults.xml
Saving results to: C:/Users/Anthony/AppData/LocalLow/DefaultCompany/Ascended\TestResults.xml
]]></output>
            </test-case>
          </test-suite>
        </test-suite>
      </test-suite>
    </test-suite>
  </test-suite>
</test-run>